autoscan: warning: missing AC_CHECK_FUNCS([alarm]) wanted by: 
	progs/format_cmd.c:86
	progs/format_server.c:101
	progs/format_server.c:119
autoscan: warning: missing AC_CHECK_FUNCS([getcwd]) wanted by: 
	server.c:1151
autoscan: warning: missing AC_CHECK_FUNCS([gethostbyaddr]) wanted by: 
	server.c:1075
	server.c:1455
	progs/format_dump.c:129
autoscan: warning: missing AC_CHECK_FUNCS([gethostname]) wanted by: 
	server.c:1022
	server.c:1137
	self_ip_addr.c:55
autoscan: warning: missing AC_CHECK_FUNCS([inet_ntoa]) wanted by: 
	server.c:1106
	server.c:1503
	progs/format_dump.c:135
autoscan: warning: missing AC_CHECK_FUNCS([memchr]) wanted by: 
	server.c:1024
	server.c:1046
	server.c:1098
autoscan: warning: missing AC_CHECK_FUNCS([memset]) wanted by: 
	fm_formats.c:3343
	server.c:516
	server.c:922
	server.c:1086
	server.c:1175
	server.c:1178
	server.c:1449
	server.c:1688
	tests/test_funcs.c:916
	tests/test_funcs.c:932
	tests/test_funcs.c:961
	tests/test_funcs.c:1032
	tests/test_funcs.c:1042
	tests/test_funcs.c:1059
	tests/test_funcs.c:1072
	tests/test_funcs.c:1089
	tests/test_funcs.c:1104
	tests/test_funcs.c:1105
autoscan: warning: missing AC_CHECK_FUNCS([putenv]) wanted by: 
	server_acts.c:524
	progs/format_server.c:104
autoscan: warning: missing AC_CHECK_FUNCS([select]) wanted by: 
	server_acts.c:195
	nt_io.c:338
	server.c:103
	server.c:228
	server.c:244
	server.c:1320
	unix_io.c:31
	unix_io.c:283
autoscan: warning: missing AC_CHECK_FUNCS([setenv]) wanted by: 
	server_acts.c:519
autoscan: warning: missing AC_CHECK_FUNCS([socket]) wanted by: 
	server_acts.c:246
	server_acts.c:289
	server.c:1201
	self_ip_addr.c:72
autoscan: warning: missing AC_CHECK_FUNCS([strcasecmp]) wanted by: 
	server.c:1470
	server.c:1478
	server.c:1488
autoscan: warning: missing AC_CHECK_FUNCS([strchr]) wanted by: 
	server_acts.c:103
	fm_formats.c:640
	fm_formats.c:651
	fm_formats.c:725
	fm_formats.c:725
	fm_formats.c:1075
	fm_formats.c:1099
	fm_formats.c:1839
	fm_formats.c:1867
	fm_formats.c:1889
	fm_formats.c:1890
	fm_formats.c:1891
	fm_formats.c:1892
	fm_formats.c:1924
	fm_formats.c:1925
	fm_formats.c:2053
	fm_formats.c:2057
	fm_formats.c:2718
	fm_formats.c:2723
	fm_formats.c:3157
	fm_formats.c:3163
	fm_formats.c:3182
	fm_formats.c:3193
	server.c:1083
	server.c:1429
	server.c:1436
autoscan: warning: missing AC_CHECK_FUNCS([strdup]) wanted by: 
	server_acts.c:161
	server_acts.c:518
	server_acts.c:523
	fm_formats.c:650
	fm_formats.c:1137
	fm_formats.c:1139
	fm_formats.c:1193
	fm_formats.c:1550
	fm_formats.c:1552
	fm_formats.c:1567
	fm_formats.c:1569
	fm_formats.c:1584
	fm_formats.c:1586
	fm_formats.c:1627
	fm_formats.c:1628
	fm_formats.c:1923
	server.c:1153
	server.c:1259
	server.c:1364
	server.c:1434
	server.c:1473
	server.c:1480
	server.c:1491
	server.c:1500
	server.c:1505
	server.c:1665
	server.c:1838
	server.c:1868
	tests/test_funcs.c:1128
	progs/format_server.c:104
autoscan: warning: missing AC_CHECK_FUNCS([strncasecmp]) wanted by: 
	server_acts.c:108
autoscan: warning: missing AC_CHECK_FUNCS([strrchr]) wanted by: 
	server_acts.c:429
	fm_formats.c:641
	fm_formats.c:652
	fm_formats.c:2288
	fm_formats.c:3216
	fm_formats.c:3258
	fm_formats.c:3263
autoscan: warning: missing AC_CHECK_FUNCS([strspn]) wanted by: 
	server_acts.c:421
	server_acts.c:427
	server_acts.c:439
	server_acts.c:440
autoscan: warning: missing AC_CHECK_FUNCS([strtol]) wanted by: 
	fm_formats.c:1850
	fm_formats.c:2061
	fm_formats.c:2733
	fm_formats.c:2791
	fm_formats.c:2792
	fm_formats.c:3274
	string_conversion.c:138
autoscan: warning: missing AC_CHECK_FUNCS([strtoul]) wanted by: 
	string_conversion.c:172
autoscan: warning: missing AC_CHECK_HEADERS([arpa/inet.h]) wanted by: 
	server_acts.c:44
	server.c:34
	self_ip_addr.c:19
	progs/format_info.c:13
	progs/format_server.c:34
	progs/format_dump.c:13
autoscan: warning: missing AC_CHECK_HEADERS([fcntl.h]) wanted by: 
	server_acts.c:10
	nt_io.c:9
	server.c:43
	unix_io.c:3
	tests/test_funcs.c:3
	progs/format_server.c:43
autoscan: warning: missing AC_CHECK_HEADERS([limits.h]) wanted by: 
	server.c:4
	progs/format_server.c:4
autoscan: warning: missing AC_CHECK_HEADERS([sys/ioctl.h]) wanted by: 
	server_acts.c:30
autoscan: warning: missing AC_CHECK_HEADERS([sys/param.h]) wanted by: 
	lookup3.c:40
autoscan: warning: missing AC_FUNC_FORK wanted by: 
	progs/format_server.c:132
	progs/format_server.c:146
autoscan: warning: missing AC_FUNC_MALLOC wanted by: 
	fm_formats.c:176
	fm_formats.c:269
	fm_formats.c:298
	fm_formats.c:474
	fm_formats.c:527
	fm_formats.c:558
	fm_formats.c:592
	fm_formats.c:663
	fm_formats.c:673
	fm_formats.c:701
	fm_formats.c:753
	fm_formats.c:789
	fm_formats.c:790
	fm_formats.c:977
	fm_formats.c:1095
	fm_formats.c:1188
	fm_formats.c:1214
	fm_formats.c:1235
	fm_formats.c:1348
	fm_formats.c:1533
	fm_formats.c:1536
	fm_formats.c:1624
	fm_formats.c:3125
	fm_formats.c:3236
	fm_formats.c:3380
	fm_formats.c:3403
	fm_formats.c:3419
	fm_formats.c:3423
	fm_formats.c:3445
	fm_formats.c:3492
	fm_formats.c:3546
	fm_formats.c:3556
	fm_formats.c:3559
	fm_formats.c:3561
	fm_formats.c:3584
	fm_formats.c:3585
	fm_formats.c:3764
	fm_formats.c:3956
	fm_formats.c:4213
	server.c:434
	server.c:446
	server.c:450
	server.c:454
	server.c:503
	server.c:514
	server.c:525
	server.c:588
	server.c:667
	server.c:676
	server.c:739
	server.c:754
	server.c:812
	server.c:863
	server.c:994
	server.c:1082
	server.c:1128
	server.c:1150
	server.c:1174
	server.c:1177
	server.c:1181
	server.c:1390
	server.c:1433
	server.c:1679
	server.c:1684
	server.c:1693
	server.c:1854
	self_ip_addr.c:74
	string_conversion.c:141
	string_conversion.c:175
	string_conversion.c:210
	string_conversion.c:218
	string_conversion.c:227
	string_conversion.c:240
	tests/test_funcs.c:1058
	tests/test_funcs.c:1062
	tests/test_funcs.c:1063
	tests/test_funcs.c:1064
	tests/test_funcs.c:1071
	tests/test_funcs.c:1108
	tests/test_funcs.c:1111
	tests/test_funcs.c:1116
	tests/test_funcs.c:1117
	tests/test_funcs.c:1135
	tests/test_funcs.c:1140
	tests/test_funcs.c:1154
	tests/test_funcs.c:1158
	tests/test_funcs.c:1190
	tests/test_funcs.c:1220
	tests/test_funcs.c:1221
	tests/test_funcs.c:1227
	tests/test_funcs.c:1228
	tests/test_funcs.c:1240
	tests/test_funcs.c:1241
	tests/test_funcs.c:1261
	tests/test_funcs.c:1267
	tests/test_funcs.c:1273
	tests/test_funcs.c:1285
	tests/test_funcs.c:1292
	tests/test_funcs.c:1299
	tests/test_funcs.c:1312
	tests/test_funcs.c:1317
	tests/test_funcs.c:1350
	progs/format_cmd.c:129
	progs/format_dump.c:69
	progs/format_dump.c:77
autoscan: warning: missing AC_FUNC_MEMCMP wanted by: 
	fm_formats.c:121
	fm_formats.c:123
	fm_formats.c:128
	fm_formats.c:130
	fm_formats.c:132
	fm_formats.c:137
	fm_formats.c:139
	fm_formats.c:141
	fm_formats.c:344
	fm_formats.c:359
	fm_formats.c:368
	fm_formats.c:398
	fm_formats.c:411
	fm_formats.c:426
	fm_formats.c:435
	fm_formats.c:1042
	fm_formats.c:2291
	fm_formats.c:3207
	fm_formats.c:3219
	server.c:323
	server.c:1393
	server.c:1555
	tests/test_funcs.c:590
	tests/test_funcs.c:642
autoscan: warning: missing AC_FUNC_REALLOC wanted by: 
	fm_formats.c:272
	fm_formats.c:478
	fm_formats.c:485
	fm_formats.c:507
	fm_formats.c:529
	fm_formats.c:590
	fm_formats.c:755
	fm_formats.c:881
	fm_formats.c:3450
	server.c:867
	server.c:1397
autoscan: warning: missing AC_FUNC_SELECT_ARGTYPES wanted by: 
	server_acts.c:195
	nt_io.c:338
	server.c:103
	server.c:228
	server.c:244
	server.c:1320
	unix_io.c:31
	unix_io.c:283
autoscan: warning: missing AC_FUNC_STAT wanted by: 
	server_acts.c:402
	server.c:135
	server.c:162
	server.c:170
autoscan: warning: missing AC_FUNC_STRTOD wanted by: 
	string_conversion.c:51
	string_conversion.c:216
autoscan: warning: missing AC_FUNC_VPRINTF wanted by: 
	server.c:154
	server.c:156
autoscan: warning: missing AC_HEADER_TIME wanted by: 
	server_acts.c:189
	nt_io.c:327
	server.c:104
	server.c:217
	server.c:1307
	unix_io.c:32
	unix_io.c:276
autoscan: warning: missing AC_PROG_CXX wanted by: 
	config/ltmain.sh:615
	config/ltmain.sh:1151
	config/ltmain.sh:1158
	config/ltmain.sh:1158
	config/ltmain.sh:1158
	config/ltmain.sh:1158
	config/ltmain.sh:1167
	config/ltmain.sh:1173
	config/ltmain.sh:1173
	config/ltmain.sh:1173
	config/ltmain.sh:1173
autoscan: warning: missing AC_PROG_GCC_TRADITIONAL wanted by: 
	self_ip_addr.c:78
	self_ip_addr.c:87
autoscan: warning: missing AC_PROG_RANLIB wanted by: 
	config/ltmain.sh:784
autoscan: warning: missing AC_TYPE_SIGNAL wanted by: 
	server_acts.c:349
	server.c:1188
	progs/format_cmd.c:85
	progs/format_server.c:100
autoscan: warning: missing AC_TYPE_SIZE_T wanted by: 
	fm_formats.c:176
	fm_formats.c:789
	fm_formats.c:1095
	fm_formats.c:1337
	fm_formats.c:1533
	fm_formats.c:1536
	fm_formats.c:1624
	fm_formats.c:3559
	lookup3.c:174
	lookup3.c:209
	lookup3.c:272
	lookup3.c:275
	lookup3.c:454
	lookup3.c:459
	lookup3.c:634
	lookup3.c:637
autoscan: warning: missing AC_TYPE_UINT16_T wanted by: 
	lookup3.c:348
	lookup3.c:348
	lookup3.c:533
	lookup3.c:533
autoscan: warning: missing AC_TYPE_UINT32_T wanted by: 
	lookup3.c:172
	lookup3.c:173
	lookup3.c:175
	lookup3.c:177
	lookup3.c:180
	lookup3.c:208
	lookup3.c:210
	lookup3.c:211
	lookup3.c:213
	lookup3.c:216
	lookup3.c:272
	lookup3.c:272
	lookup3.c:274
	lookup3.c:278
	lookup3.c:282
	lookup3.c:282
	lookup3.c:331
	lookup3.c:332
	lookup3.c:335
	lookup3.c:336
	lookup3.c:339
	lookup3.c:340
	lookup3.c:354
	lookup3.c:355
	lookup3.c:356
	lookup3.c:366
	lookup3.c:367
	lookup3.c:368
	lookup3.c:370
	lookup3.c:372
	lookup3.c:373
	lookup3.c:376
	lookup3.c:377
	lookup3.c:379
	lookup3.c:381
	lookup3.c:384
	lookup3.c:386
	lookup3.c:401
	lookup3.c:402
	lookup3.c:403
	lookup3.c:405
	lookup3.c:406
	lookup3.c:407
	lookup3.c:409
	lookup3.c:410
	lookup3.c:411
	lookup3.c:420
	lookup3.c:421
	lookup3.c:422
	lookup3.c:424
	lookup3.c:425
	lookup3.c:426
	lookup3.c:428
	lookup3.c:429
	lookup3.c:430
	lookup3.c:455
	lookup3.c:456
	lookup3.c:458
	lookup3.c:462
	lookup3.c:467
	lookup3.c:467
	lookup3.c:516
	lookup3.c:517
	lookup3.c:520
	lookup3.c:521
	lookup3.c:524
	lookup3.c:525
	lookup3.c:539
	lookup3.c:540
	lookup3.c:541
	lookup3.c:551
	lookup3.c:552
	lookup3.c:553
	lookup3.c:555
	lookup3.c:557
	lookup3.c:558
	lookup3.c:561
	lookup3.c:562
	lookup3.c:564
	lookup3.c:566
	lookup3.c:569
	lookup3.c:571
	lookup3.c:586
	lookup3.c:587
	lookup3.c:588
	lookup3.c:590
	lookup3.c:591
	lookup3.c:592
	lookup3.c:594
	lookup3.c:595
	lookup3.c:596
	lookup3.c:605
	lookup3.c:606
	lookup3.c:607
	lookup3.c:609
	lookup3.c:610
	lookup3.c:611
	lookup3.c:613
	lookup3.c:614
	lookup3.c:615
	lookup3.c:634
	lookup3.c:634
	lookup3.c:636
	lookup3.c:640
	lookup3.c:644
	lookup3.c:644
	lookup3.c:693
	lookup3.c:694
	lookup3.c:695
	lookup3.c:697
	lookup3.c:698
	lookup3.c:699
	lookup3.c:701
	lookup3.c:702
	lookup3.c:703
	lookup3.c:715
	lookup3.c:716
	lookup3.c:717
	lookup3.c:718
	lookup3.c:719
	lookup3.c:720
	lookup3.c:721
	lookup3.c:722
	lookup3.c:723
	lookup3.c:724
	lookup3.c:725
	lookup3.c:726
	lookup3.c:736
	lookup3.c:737
	lookup3.c:738
	lookup3.c:740
	lookup3.c:741
	lookup3.c:742
	lookup3.c:744
	lookup3.c:745
	lookup3.c:746
	lookup3.c:763
	lookup3.c:764
	lookup3.c:785
	lookup3.c:786
	lookup3.c:787
	lookup3.c:788
	lookup3.c:801
	lookup3.c:806
	lookup3.c:855
	lookup3.c:856
	lookup3.c:858
	lookup3.c:860
	lookup3.c:862
	lookup3.c:864
	lookup3.c:869
	lookup3.c:870
	lookup3.c:871
	lookup3.c:913
	lookup3.c:916
	lookup3.c:917
	lookup3.c:931
autoscan: warning: missing AC_TYPE_UINT8_T wanted by: 
	lookup3.c:283
	lookup3.c:327
	lookup3.c:349
	lookup3.c:363
	lookup3.c:395
	lookup3.c:395
	lookup3.c:468
	lookup3.c:512
	lookup3.c:534
	lookup3.c:548
	lookup3.c:580
	lookup3.c:580
	lookup3.c:645
	lookup3.c:689
	lookup3.c:710
	lookup3.c:710
	lookup3.c:762
	lookup3.c:784
	lookup3.c:808
	lookup3.c:854
	lookup3.c:857
	lookup3.c:859
	lookup3.c:861
	lookup3.c:863
	lookup3.c:865
	lookup3.c:914
	lookup3.c:915
	lookup3.c:930
