INFO     Reading in test file /home/normal/checkout/vliw-ocelot/regression/full.level
INFO      Found the following tests:
INFO       /home/normal/checkout/vliw-ocelot/.debug_build/TestLexer
INFO       /home/normal/checkout/vliw-ocelot/.debug_build/TestParser
INFO       /home/normal/checkout/vliw-ocelot/.debug_build/TestEmulator
INFO       /home/normal/checkout/vliw-ocelot/.debug_build/TestInstructions
INFO       /home/normal/checkout/vliw-ocelot/.debug_build/TestKernels
INFO       /home/normal/checkout/vliw-ocelot/.debug_build/TestDataflowGraph
INFO       /home/normal/checkout/vliw-ocelot/.debug_build/TestLLVMInstructions
INFO       /home/normal/checkout/vliw-ocelot/.debug_build/TestPTXToLLVMTranslator
INFO       /home/normal/checkout/vliw-ocelot/.debug_build/TestLLVMKernels
INFO       /home/normal/checkout/vliw-ocelot/.debug_build/TestCudaMalloc
INFO       /home/normal/checkout/vliw-ocelot/.debug_build/TestCudaTexture2D
INFO       /home/normal/checkout/vliw-ocelot/.debug_build/TestCudaTextureArray
INFO       /home/normal/checkout/vliw-ocelot/.debug_build/TestCudaGlobals
INFO       /home/normal/checkout/vliw-ocelot/.debug_build/TestDeviceSwitching
INFO       /home/normal/checkout/vliw-ocelot/.debug_build/TestCudaSequence
INFO       /home/normal/checkout/vliw-ocelot/.debug_build/TestCalVectorScale
INFO       /home/normal/checkout/vliw-ocelot/.debug_build/TestPTXAssembly
INFO       /home/normal/checkout/vliw-ocelot/.debug_build/TestFunctionCall
INFO       /home/normal/checkout/vliw-ocelot/.debug_build/TestIndirectFunctionCall
INFO       /home/normal/checkout/vliw-ocelot/.debug_build/TestExternalFunctions
INFO     ==== INDIVIDUAL TEST RESULTS ====

INFO     Running test program /home/normal/checkout/vliw-ocelot/.debug_build/TestKernels 
INFO     Running test program /home/normal/checkout/vliw-ocelot/.debug_build/TestCalVectorScale 
INFO     Test /home/normal/checkout/vliw-ocelot/.debug_build/TestCalVectorScale
INFO     Test completed in 0.16105890274 seconds
INFO      It produced the following output:
No CAL devices found
Pass/Fail : Pass

INFO     Running test program /home/normal/checkout/vliw-ocelot/.debug_build/TestLLVMKernels 
INFO     Test /home/normal/checkout/vliw-ocelot/.debug_build/TestKernels
INFO     Test completed in 0.403760910034 seconds
INFO      It produced the following output:
Pass/Fail : Pass


Name : TestKernels

Description: 


Test Seed : 1320674545
Test time : 0.273376

Status : Test output:
looping kernel succeeded
matrix vector kernel succeeded



INFO     Running test program /home/normal/checkout/vliw-ocelot/.debug_build/TestParser -i ../../trunk/tests/ptx 
INFO     Test /home/normal/checkout/vliw-ocelot/.debug_build/TestParser
INFO     Test completed in 0.0817549228668 seconds
INFO      It produced the following output:
Pass/Fail : Pass


Name : TestParser

Description: A test for the PTXParser class. Test Points: 1) Load a PTX file 
             and run it through the parser generating a module. Write the 
             module to an intermediate stream. Parse the stream again 
             generating a new module, compare both to make sure that they match.


Test Seed : 1320674545
Test time : 0.000113249

Status : 


INFO     Running test program /home/normal/checkout/vliw-ocelot/.debug_build/TestExternalFunctions 
INFO     Test /home/normal/checkout/vliw-ocelot/.debug_build/TestExternalFunctions
INFO     Test completed in 0.124782085419 seconds
INFO      It produced the following output:
==Ocelot== Ocelot PTX Emulator failed to run kernel "kernel" with exception: 
==Ocelot== [PC 3] [thread 0] [cta 0] st.global.u64 [%r1], %r0 - Global memory access 0 is not within any allocated or mapped range.
==Ocelot== 
==Ocelot== Nearby Device Allocations
==Ocelot== [0x10ffb00] - [0x10ffb08] (8 bytes)
==Ocelot== 
==Ocelot== Near :0:0
==Ocelot== 
terminate called after throwing an instance of 'hydrazine::Exception'
  what():  [PC 3] [thread 0] [cta 0] st.global.u64 [%r1], %r0 - Global memory access 0 is not within any allocated or mapped range.

Nearby Device Allocations
[0x10ffb00] - [0x10ffb08] (8 bytes)

Near :0:0


INFO     Running test program /home/normal/checkout/vliw-ocelot/.debug_build/TestCudaGlobals 
INFO     Test /home/normal/checkout/vliw-ocelot/.debug_build/TestCudaGlobals
INFO     Test completed in 0.226593017578 seconds
INFO      It produced the following output:
cudaSetDevice() - 0 - Ocelot PTX Emulator 
Pass/Fail : Pass

INFO     Running test program /home/normal/checkout/vliw-ocelot/.debug_build/TestDataflowGraph -i ../../trunk/tests/ptx 
INFO     Test /home/normal/checkout/vliw-ocelot/.debug_build/TestDataflowGraph
INFO     Test completed in 0.0744650363922 seconds
INFO      It produced the following output:
Pass/Fail : Pass


Name : TestDataflowGraph

Description: A test for the DataflowGraph class. Test Points: 1) 
             Generic: load PTX files, convert them into dataflow graphs, verify that 
             all live ranges spanning blocks are consistent. 2) SSA: convert to 
             ssa form, verify that no register is declared more than once. 3) 
             reverse SSA: convert to ssa then out of ssa, verify that all live 
             ranges spanning blocks are consistent.


Test Seed : 1320674546
Test time : 0.000109434

Status : Testing Generic Dataflow
 Test Passed
Testing SSA Dataflow
 Test Passed
Testing SSA then back Dataflow
 Test Passed



INFO     Running test program /home/normal/checkout/vliw-ocelot/.debug_build/TestPTXAssembly 
INFO     Test /home/normal/checkout/vliw-ocelot/.debug_build/TestLLVMKernels
INFO     Test completed in 2.42303514481 seconds
INFO      It produced the following output:
Pass/Fail : Pass


Name : TestLLVMKernels

Description: A unit test for the LLVM executive runtime. Test Points: 1) 
             Execute a kernel with a loop. 2) Execute a matrix multiply kernel.


Test Seed : 1320674545
Test time : 2.31417

Status : A = [
 1 0 0 0 0 0 0 0 ;
 0.5 1 0 0 0 0 0 0 ;
 0.333333 0.5 1 0 0 0 0 0 ;
 0.25 0.333333 0.5 1 0 0 0 0 ;
 0.2 0.25 0.333333 0.5 1 0 0 0 ;
 0.166667 0.2 0.25 0.333333 0.5 1 0 0 ;
 0.142857 0.166667 0.2 0.25 0.333333 0.5 1 0 ;
 0.125 0.142857 0.166667 0.2 0.25 0.333333 0.5 1 ;
];
V = [
 1 ;
 2 ;
 3 ;
 4 ;
 5 ;
 6 ;
 7 ;
 8 ;
];
R = [
 1 ;
 2.5 ;
 4.33333 ;
 6.41667 ;
 8.7 ;
 11.15 ;
 13.7429 ;
 16.4607 ;
];



INFO     Running test program /home/normal/checkout/vliw-ocelot/.debug_build/TestCudaMalloc 
INFO     Test /home/normal/checkout/vliw-ocelot/.debug_build/TestCudaMalloc
INFO     Test completed in 1.9093708992 seconds
INFO      It produced the following output:
test_malloc(256, 128)
PASSED
test_mallocArray(256, 128)
checking results from last cudaMemcpyFromArray
PASSED
[1] mallocing pitch
[2] memcpying2d
[3] memcpying
[4] checking for errors
[5] mallocing
[6] memcpying
[7] memcpying
[8] final free
Pass/Fail : Pass

INFO     Running test program /home/normal/checkout/vliw-ocelot/.debug_build/TestEmulator 
INFO     Test /home/normal/checkout/vliw-ocelot/.debug_build/TestEmulator
INFO     Test completed in 0.161520004272 seconds
INFO      It produced the following output:
Pass/Fail : Pass


Name : TestEmulator

Description: 


Test Seed : 1320674549
Test time : 0.0882413

Status : Test output:
10 registers
Register test passed
Load test passed
Store test passed
no errors
Full kernel test passed



INFO     Running test program /home/normal/checkout/vliw-ocelot/.debug_build/TestDeviceSwitching 
INFO     Test /home/normal/checkout/vliw-ocelot/.debug_build/TestDeviceSwitching
INFO     Test completed in 0.243658781052 seconds
INFO      It produced the following output:
Pass/Fail : Pass


Name : TestDeviceSwitching

Description: A unit test for the ability of the CUDA runtime to switch 
             between devices and use multiple threads Test Points: 1) In a single 
             threaded application, iterate across all devices launching the same 
             simple kernel each time 2) Test context migration support in 
             ocelot. Iterate across all devices, launching a simple kernel that 
             updates shared variable. Use the context switch mechanism to 
             migrate the shared data. 3) Test multi-threading support. Launch one 
             host thread to allocate memory, pass pointers to worker 
             threads, each of which should launch independent kernels in 
             parallel.


Test Seed : 1320674550
Test time : 0.114309

Status : Test Point 1 Passed
Test Point 2 Passed
Test Point 3 Passed



INFO     Running test program /home/normal/checkout/vliw-ocelot/.debug_build/TestLLVMInstructions 
INFO     Test /home/normal/checkout/vliw-ocelot/.debug_build/TestLLVMInstructions
INFO     Test completed in 0.0802149772644 seconds
INFO      It produced the following output:
Pass/Fail : Pass


Name : TestLLVMInstructions

Description: A test for the assembly code generation and automatic 
             verfication of individual LLVM instructions. Test Points: 1) For each 
             instruction, generate several assembly strings using the 
             instruction's toString method, make sure that these pass the valid() 
             check, compare to references from the LLVM manual.


Test Seed : 1320674550
Test time : 0.00888109

Status :  Checked instruction "<result> = add i32 4, %var"
Add Instruction Passed
 Checked instruction "%ptr = alloca i32"
 Checked instruction "%ptr = alloca i32, i32 4"
 Checked instruction "%ptr = alloca i32, i32 4, align 1024"
 Checked instruction "%ptr = alloca i32, align 1024"
Alloca Instruction Passed
 Checked instruction "<result> = and i32 4, %var"
 Checked instruction "<result> = and i32 15, 40"
 Checked instruction "<result> = and i32 4, 8"
And Instruction Passed
 Checked instruction "<result> = ashr i32 4, 1"
 Checked instruction "<result> = ashr i8 -2, 1"
 Checked instruction "<result> = ashr < 2 x i32 > < i32 -2, i32 4 >, < i32 1, i32 3 >"
Ashr Instruction Passed
 Checked instruction "%X = bitcast i8 -1 to i8"
 Checked instruction "%Z = bitcast < 2 x i32 > %V to i64"
Bitcast Instruction Passed
 Checked instruction "br i1 %cond, label %IfEqual, label %IfUnequal"
Br Instruction Passed
 Checked instruction "%retval = call i32 @test(i32 %argc)"
 Checked instruction "call i32 (i8*, ...)* @printf(i8* %msg, i32 12, i8 42)"
 Checked instruction "%X = tail call i32 @foo()"
 Checked instruction "%Y = tail call fastcc i32 @foo()"
 Checked instruction "call void @foo(i8 97 signext)"
 Checked instruction "%r = call %struct.A @foo()"
 Checked instruction "call void @foo() noreturn"
 Checked instruction "%ZZ = call zeroext i32 @bar()"
Call Instruction Passed
 Checked instruction "%result = extractelement < 4 x i32 > %vec, i32 0"
Extractelement Instruction Passed
 Checked instruction "%result = extractvalue { i32, float } %agg, 0"
Extractvalue Instruction Passed
 Checked instruction "<result> = fadd float 0x4010000000000000, %var"
Fadd Instruction Passed
 Checked instruction "<result> = fcmp oeq float 0x4010000000000000, 0x4014000000000000"
 Checked instruction "<result> = fcmp one float 0x4010000000000000, 0x4014000000000000"
 Checked instruction "<result> = fcmp olt float 0x4010000000000000, 0x4014000000000000"
 Checked instruction "<result> = fcmp ueq float 0x3ff0000000000000, 0x4000000000000000"
Fcmp Instruction Passed
 Checked instruction "<result> = fdiv float 0x4010000000000000, %var"
Fdiv Instruction Passed
 Checked instruction "<result> = fmul float 0x4010000000000000, %var"
Fmul Instruction Passed
 Checked instruction "%X = fpext float 0x400921cac0000000 to double"
 Checked instruction "%Y = fpext float 0x3ff0000000000000 to float"
Fpext Instruction Passed
 Checked instruction "%X = fptosi double 0xc05ec00000000000 to i32"
Fptosi Instruction Passed
 Checked instruction "%X = fptoui double 0x405ec00000000000 to i32"
Fptoui Instruction Passed
 Checked instruction "%X = fptrunc double 0x405ec00000000000 to float"
Fptrunc Instruction Passed
 Checked instruction "free [ 4 x i8 ]* %array"
Free Instruction Passed
 Checked instruction "<result> = frem float 0x4010000000000000, %var"
Frem Instruction Passed
 Checked instruction "<result> = fsub float 0x0, %val"
Fsub Instruction Passed
 Checked instruction "%vptr = getelementptr { i32, < 2 x i8 > }* %svptr, i32 0, i32 1, i32 1"
 Checked instruction "%eptr = getelementptr [ 12 x i8 ]* %aptr, i32 0, i32 1"
Getelementptr Instruction Passed
 Checked instruction "<result> = icmp ne float* %X, %X"
Icmp Instruction Passed
 Checked instruction "%result = insertelement < 4 x i32 > %vec, i32 1, i32 0"
Insertelement Instruction Passed
 Checked instruction "%result = insertvalue { i32, float } %agg, i32 1, 0"
Insertvalue Instruction Passed
 Checked instruction "%Y = inttoptr i64 0 to i32*"
Inttoptr Instruction Passed
 Checked instruction "%retval = invoke i32 @Test(i32 15) to label %Continue unwind label %TestCleanup"
Invoke Instruction Passed
 Checked instruction "%val = load i32* %ptr"
Load Instruction Passed
 Checked instruction "<result> = lshr i8 -2, 1"
Lshr Instruction Passed
 Checked instruction "%array2 = malloc [ 12 x i8 ], i32 %size"
Malloc Instruction Passed
 Checked instruction "<result> = mul i32 4, %var"
Mul Instruction Passed
 Checked instruction "<result> = or i32 15, 40"
Or Instruction Passed
 Checked instruction "%indvar = phi i32 [ 0, %LoopHeader ], [ %nextindvar, %Loop ]"
Phi Instruction Passed
 Checked instruction "%Y = ptrtoint i32* %x to i64"
Prtoint Instruction Passed
 Checked instruction "ret void"
Ret Instruction Passed
 Checked instruction "<result> = sdiv i32 4, %var"
Sdiv Instruction Passed
 Checked instruction "%X = select i1 1, i8 17, i8 42"
Select Instruction Passed
 Checked instruction "%X = sext i8 -1 to i16"
Sext Instruction Passed
 Checked instruction "<result> = shl i32 1, 32"
Shl Instruction Passed
 Checked instruction "%result = shufflevector < 4 x i32 > %v1, < 4 x i32 > %v2, < 8 x i32 > < i32 0, i32 1, i32 2, i32 3, i32 4, i32 5, i32 6, i32 7 >"
ShuffleVector Instruction Passed
 Checked instruction "%X = sitofp i32 257 to float"
Sitofp Instruction Passed
 Checked instruction "<result> = srem i32 4, %var"
Srem Instruction Passed
 Checked instruction "store i32 3, i32* %ptr"
Store Instruction Passed
 Checked instruction "<result> = sub i32 4, %var"
Sub Instruction Passed
 Checked instruction "switch i32 %val, label %otherwise [ i32 0, label %onzero i32 1, label %onone i32 2, label %ontwo ]"
Switch Instruction Passed
 Checked instruction "%Y = trunc i32 123 to i1"
Trunc Instruction Passed
 Checked instruction "<result> = udiv i32 4, %var"
Udiv Instruction Passed
 Checked instruction "%Y = uitofp i8 -1 to double"
Uitofp Instruction Passed
 Checked instruction "unreachable"
Unreachable Instruction Passed
 Checked instruction "unwind"
Unwind Instruction Passed
 Checked instruction "<result> = urem i32 4, %var"
Urem Instruction Passed
 Checked instruction "%tmp = va_arg i8** %ap, i32"
VarArg Instruction Passed
 Checked instruction "<result> = xor i32 -1, %V"
Xor Instruction Passed
 Checked instruction "%X = zext i32 257 to i64"
Zext Instruction Passed



INFO     Running test program /home/normal/checkout/vliw-ocelot/.debug_build/TestFunctionCall 
INFO     Test /home/normal/checkout/vliw-ocelot/.debug_build/TestPTXAssembly
INFO     Test completed in 4.23610711098 seconds
INFO      It produced the following output:
Pass/Fail : Fail


Name : TestPTXAssembly

Description: A unit test framework for PTX. Runs random inputs through unit 
             tests on all available devices until a timer expires.


Test Seed : 1320674546
Test time : 4.12717

Status : Ran 'TestVectorElements-u32' for 1 iterations.
Ran 'TestAdd-u16' for 1 iterations.
Ran 'TestAdd-s16' for 2 iterations.
Ran 'TestAdd-u32' for 2 iterations.
Ran 'TestAdd-s32' for 2 iterations.
Ran 'TestAdd-s32-sat' for 2 iterations.
Ran 'TestAdd-u64' for 1 iterations.
Ran 'TestAdd-s64' for 2 iterations.
Ran 'TestSub-u16' for 1 iterations.
Ran 'TestSub-s16' for 2 iterations.
Ran 'TestSub-u32' for 1 iterations.
Ran 'TestSub-s32' for 1 iterations.
Ran 'TestSub-s32-sat' for 2 iterations.
Ran 'TestSub-u64' for 1 iterations.
Ran 'TestSub-s64' for 2 iterations.
Ran 'TestSub-Carry-s32' for 1 iterations.
Ran 'TestSub-Carry-u32' for 1 iterations.
Ran 'TestAdd-Carry-s32' for 1 iterations.
Ran 'TestAdd-Carry-u32' for 1 iterations.
Ran 'TestMul-Lo-u16' for 1 iterations.
Ran 'TestMul-Hi-u16' for 2 iterations.
Ran 'TestMul-Wide-u16' for 1 iterations.
Ran 'TestMul-Lo-s16' for 1 iterations.
Ran 'TestMul-Hi-s16' for 2 iterations.
Ran 'TestMul-Wide-s16' for 1 iterations.
Ran 'TestMul-Lo-u32' for 1 iterations.
Ran 'TestMul-Hi-u32' for 2 iterations.
Ran 'TestMul-Wide-u32' for 1 iterations.
Ran 'TestMul-Lo-s32' for 2 iterations.
Ran 'TestMul-Hi-s32' for 1 iterations.
Ran 'TestMul-Wide-s32' for 2 iterations.
Ran 'TestMul-Lo-u64' for 1 iterations.
Ran 'TestMul-Hi-u64' for 1 iterations.
Ran 'TestMul-Lo-s64' for 2 iterations.
Ran 'TestMul-Hi-s64' for 2 iterations.
Ran 'TestMad-Lo-u16' for 1 iterations.
Ran 'TestMad-Hi-u16' for 1 iterations.
Ran 'TestMad-Wide-u16' for 1 iterations.
Ran 'TestMad-Lo-s16' for 2 iterations.
Ran 'TestMad-Hi-s16' for 2 iterations.
Ran 'TestMad-Wide-s16' for 2 iterations.
Ran 'TestMad-Lo-u32' for 1 iterations.
Ran 'TestMad-Hi-u32' for 2 iterations.
Ran 'TestMad-Wide-u32' for 2 iterations.
Ran 'TestMad-Lo-s32' for 2 iterations.
Ran 'TestMad-Hi-s32' for 2 iterations.
Ran 'TestMad-Sat-Hi-s32' for 2 iterations.
Ran 'TestMad-Wide-s32' for 2 iterations.
Ran 'TestMad-Lo-u64' for 2 iterations.
Ran 'TestMad-Hi-u64' for 2 iterations.
Ran 'TestMad-Lo-s64' for 2 iterations.
Ran 'TestMad-Hi-s64' for 2 iterations.
Ran 'TestSad-u16' for 2 iterations.
Ran 'TestSad-s16' for 2 iterations.
Ran 'TestSad-u32' for 2 iterations.
Ran 'TestSad-s32' for 2 iterations.
Ran 'TestSad-u64' for 2 iterations.
Ran 'TestSad-s64' for 2 iterations.
Ran 'TestDiv-u16' for 2 iterations.
Ran 'TestDiv-s16' for 2 iterations.
Ran 'TestDiv-u32' for 2 iterations.
Ran 'TestDiv-s32' for 2 iterations.
Ran 'TestDiv-u64' for 2 iterations.
Ran 'TestDiv-s64' for 2 iterations.
Ran 'TestRem-u16' for 2 iterations.
Ran 'TestRem-s16' for 2 iterations.
Ran 'TestRem-u32' for 2 iterations.
Ran 'TestRem-s32' for 2 iterations.
Ran 'TestRem-u64' for 2 iterations.
Ran 'TestRem-s64' for 2 iterations.
Ran 'TestAbs-s16' for 2 iterations.
Ran 'TestAbs-s32' for 2 iterations.
Ran 'TestAbs-s64' for 2 iterations.
Ran 'TestNeg-s16' for 2 iterations.
Ran 'TestNeg-s32' for 2 iterations.
Ran 'TestNeg-s64' for 2 iterations.
Ran 'TestMax-u16' for 2 iterations.
Ran 'TestMax-u32' for 2 iterations.
Ran 'TestMax-u64' for 2 iterations.
Ran 'TestMax-s16' for 2 iterations.
Ran 'TestMax-s32' for 2 iterations.
Ran 'TestMax-s64' for 2 iterations.
Ran 'TestMin-u16' for 2 iterations.
Ran 'TestMin-u32' for 2 iterations.
Ran 'TestMin-u64' for 2 iterations.
Ran 'TestMin-s16' for 2 iterations.
Ran 'TestMin-s32' for 2 iterations.
Ran 'TestMin-s64' for 2 iterations.
Ran 'TestPopc-b32' for 2 iterations.
Ran 'TestPopc-b64' for 2 iterations.
Ran 'TestClz-b32' for 2 iterations.
Ran 'TestClz-b64' for 2 iterations.
Ran 'TestBfind-u32' for 2 iterations.
Ran 'TestBfind-u64' for 2 iterations.
Ran 'TestBfind-s32' for 2 iterations.
Ran 'TestBfind-s64' for 2 iterations.
Ran 'TestBfind-shiftamount-u32' for 2 iterations.
Ran 'TestBfind-shiftamount-u64' for 2 iterations.
Ran 'TestBfind-shiftamount-s32' for 2 iterations.
Ran 'TestBfind-shiftamount-s64' for 2 iterations.
Ran 'TestBrev-b32' for 1 iterations.
Ran 'TestBrev-b64' for 2 iterations.
Ran 'TestBfi-b32' for 2 iterations.
Ran 'TestBfi-b64' for 2 iterations.
Ran 'TestPrmt-b32' for 2 iterations.
Ran 'TestPrmt-f4e-b32' for 2 iterations.
Ran 'TestPrmt-b4e-b32' for 1 iterations.
Ran 'TestPrmt-rc8-b32' for 2 iterations.
Ran 'TestPrmt-ecl-b32' for 1 iterations.
Ran 'TestPrmt-ecr-b32' for 2 iterations.
Ran 'TestPrmt-rc16-b32' for 2 iterations.
Test 'TestCall-Uni' (seed 1320674546): failed, output parameter 0 (I32) computed value - 0 does not match reference value - 378460290
  On device - 0 - 'Ocelot PTX Emulator'
Test 'TestCall-Uni' seed '1320674546' failed.



INFO     Running test program /home/normal/checkout/vliw-ocelot/.debug_build/TestCudaTexture2D 
INFO     Test /home/normal/checkout/vliw-ocelot/.debug_build/TestFunctionCall
INFO     Test completed in 0.221315145493 seconds
INFO      It produced the following output:
Error[ 5 ] - expected 25.000000, got 0.000000
Pass/Fail : Fail

INFO     Running test program /home/normal/checkout/vliw-ocelot/.debug_build/TestInstructions 
INFO     Test /home/normal/checkout/vliw-ocelot/.debug_build/TestInstructions
INFO     Test completed in 0.181022167206 seconds
INFO      It produced the following output:
Pass/Fail : Pass


Name : TestInstructions

Description: 


Test Seed : 1320674550
Test time : 0.0380418

Status : Test output:
Accessors test passed.
pass: load and store instructions
Abs test passed.
pass: arithmetic instructions
pass: exotic arithmetic instructions
pass: floating-point instructions
pass: logical instructions
pass: comparison instructions
pass: predicated Add and Ld isntructions



INFO     Running test program /home/normal/checkout/vliw-ocelot/.debug_build/TestCudaSequence 
INFO     Test /home/normal/checkout/vliw-ocelot/.debug_build/TestCudaSequence
INFO     Test completed in 0.212028980255 seconds
INFO      It produced the following output:
Pass/Fail : Pass

INFO     Running test program /home/normal/checkout/vliw-ocelot/.debug_build/TestPTXToLLVMTranslator -i ../../trunk/tests/ptx 
INFO     Test /home/normal/checkout/vliw-ocelot/.debug_build/TestPTXToLLVMTranslator
INFO     Test completed in 0.066036939621 seconds
INFO      It produced the following output:
Pass/Fail : Pass


Name : TestPTXToLLVMTranslator

Description: This is a basic test that just tries to get through a 
             translation successfully of as many PTX programs as possible Test 
             Points: 1) Scan for all PTX files in a directory, try to 
             translate them.


Test Seed : 1320674550
Test time : 7.98702e-05

Status : 


INFO     Running test program /home/normal/checkout/vliw-ocelot/.debug_build/TestLexer -i ../../trunk/tests/ptx 
INFO     Test /home/normal/checkout/vliw-ocelot/.debug_build/TestLexer
INFO     Test completed in 0.0655488967896 seconds
INFO      It produced the following output:
Pass/Fail : Pass


Name : TestLexer

Description: Tests for the PTX lexer. Test Point 1: Scan a PTX file and 
             write out a temp stream, scan the stream again and make sure that the 
             two sets of tokens match


Test Seed : 1320674551
Test time : 8.24928e-05

Status : 


INFO     Running test program /home/normal/checkout/vliw-ocelot/.debug_build/TestIndirectFunctionCall 
INFO     Test /home/normal/checkout/vliw-ocelot/.debug_build/TestCudaTexture2D
INFO     Test completed in 0.83823800087 seconds
INFO      It produced the following output:
Pass/Fail : Pass

INFO     Running test program /home/normal/checkout/vliw-ocelot/.debug_build/TestCudaTextureArray 
INFO     Test /home/normal/checkout/vliw-ocelot/.debug_build/TestIndirectFunctionCall
INFO     Test completed in 0.234238147736 seconds
INFO      It produced the following output:
Error[1] - expected: 3, got: 0
Error[2] - expected: 8, got: 0
Error[3] - expected: 15, got: 0
Error[4] - expected: 8, got: 0
Error[5] - expected: 15, got: 0
Error[6] - expected: 24, got: 0
FAILED
 with 6 errors

INFO     Test /home/normal/checkout/vliw-ocelot/.debug_build/TestCudaTextureArray
INFO     Test completed in 0.492443084717 seconds
INFO      It produced the following output:
Pass/Fail : Pass

INFO     
Passing tests:
 (0.227s) : /home/normal/checkout/vliw-ocelot/.debug_build/TestCudaGlobals : Passed
 (0.244s) : /home/normal/checkout/vliw-ocelot/.debug_build/TestDeviceSwitching : Passed
 (0.082s) : /home/normal/checkout/vliw-ocelot/.debug_build/TestParser : Passed
 (0.838s) : /home/normal/checkout/vliw-ocelot/.debug_build/TestCudaTexture2D : Passed
 (0.492s) : /home/normal/checkout/vliw-ocelot/.debug_build/TestCudaTextureArray : Passed
 (0.181s) : /home/normal/checkout/vliw-ocelot/.debug_build/TestInstructions : Passed
 (0.066s) : /home/normal/checkout/vliw-ocelot/.debug_build/TestPTXToLLVMTranslator : Passed
 (1.909s) : /home/normal/checkout/vliw-ocelot/.debug_build/TestCudaMalloc : Passed
 (0.080s) : /home/normal/checkout/vliw-ocelot/.debug_build/TestLLVMInstructions : Passed
 (0.162s) : /home/normal/checkout/vliw-ocelot/.debug_build/TestEmulator : Passed
 (0.212s) : /home/normal/checkout/vliw-ocelot/.debug_build/TestCudaSequence : Passed
 (0.161s) : /home/normal/checkout/vliw-ocelot/.debug_build/TestCalVectorScale : Passed
 (2.423s) : /home/normal/checkout/vliw-ocelot/.debug_build/TestLLVMKernels : Passed
 (0.404s) : /home/normal/checkout/vliw-ocelot/.debug_build/TestKernels : Passed
 (0.066s) : /home/normal/checkout/vliw-ocelot/.debug_build/TestLexer : Passed
 (0.074s) : /home/normal/checkout/vliw-ocelot/.debug_build/TestDataflowGraph : Passed

Failing tests:
 (4.236s) : /home/normal/checkout/vliw-ocelot/.debug_build/TestPTXAssembly : Failed
 (0.234s) : /home/normal/checkout/vliw-ocelot/.debug_build/TestIndirectFunctionCall : Failed
 (0.221s) : /home/normal/checkout/vliw-ocelot/.debug_build/TestFunctionCall : Failed
 (0.125s) : /home/normal/checkout/vliw-ocelot/.debug_build/TestExternalFunctions : Did not complete.

