INFO     Reading in test file /home/normal/checkout/gpuocelot/trunk/tests/cuda2.2/regression/tests.txt
INFO      Found the following tests:
INFO       /home/normal/checkout/gpuocelot/trunk/tests/cuda2.2/AlignedTypes
INFO       /home/normal/checkout/gpuocelot/trunk/tests/cuda2.2/AsyncAPI
INFO       /home/normal/checkout/gpuocelot/trunk/tests/cuda2.2/BandwidthTest
INFO       /home/normal/checkout/gpuocelot/trunk/tests/cuda2.2/BicubicTexture
INFO       /home/normal/checkout/gpuocelot/trunk/tests/cuda2.2/BinomialOptions
INFO       /home/normal/checkout/gpuocelot/trunk/tests/cuda2.2/Bitonic
INFO       /home/normal/checkout/gpuocelot/trunk/tests/cuda2.2/BlackScholes
INFO       /home/normal/checkout/gpuocelot/trunk/tests/cuda2.2/BoxFilter
INFO       /home/normal/checkout/gpuocelot/trunk/tests/cuda2.2/Clock
INFO       /home/normal/checkout/gpuocelot/trunk/tests/cuda2.2/ConvolutionFFT2D
INFO       /home/normal/checkout/gpuocelot/trunk/tests/cuda2.2/ConvolutionSeparable
INFO       /home/normal/checkout/gpuocelot/trunk/tests/cuda2.2/ConvolutionTexture
INFO       /home/normal/checkout/gpuocelot/trunk/tests/cuda2.2/CppIntegration
INFO       /home/normal/checkout/gpuocelot/trunk/tests/cuda2.2/Dct8x8
INFO       /home/normal/checkout/gpuocelot/trunk/tests/cuda2.2/DeviceQuery
INFO       /home/normal/checkout/gpuocelot/trunk/tests/cuda2.2/DwtHaar1D
INFO       /home/normal/checkout/gpuocelot/trunk/tests/cuda2.2/Dxtc
INFO       /home/normal/checkout/gpuocelot/trunk/tests/cuda2.2/Eigenvalues
INFO       /home/normal/checkout/gpuocelot/trunk/tests/cuda2.2/FluidsGL
INFO       /home/normal/checkout/gpuocelot/trunk/tests/cuda2.2/FastWalshTransform
INFO       /home/normal/checkout/gpuocelot/trunk/tests/cuda2.2/Histogram256
INFO       /home/normal/checkout/gpuocelot/trunk/tests/cuda2.2/Histogram64
INFO       /home/normal/checkout/gpuocelot/trunk/tests/cuda2.2/ImageDenoising
INFO       /home/normal/checkout/gpuocelot/trunk/tests/cuda2.2/Mandelbrot
INFO       /home/normal/checkout/gpuocelot/trunk/tests/cuda2.2/MatrixMul
INFO       /home/normal/checkout/gpuocelot/trunk/tests/cuda2.2/MersenneTwister
INFO       /home/normal/checkout/gpuocelot/trunk/tests/cuda2.2/MonteCarlo
INFO       /home/normal/checkout/gpuocelot/trunk/tests/cuda2.2/MonteCarloMultiGPU
INFO       /home/normal/checkout/gpuocelot/trunk/tests/cuda2.2/Nbody
INFO       /home/normal/checkout/gpuocelot/trunk/tests/cuda2.2/OceanFFT
INFO       /home/normal/checkout/gpuocelot/trunk/tests/cuda2.2/PostProcessGL
INFO       /home/normal/checkout/gpuocelot/trunk/tests/cuda2.2/QuasirandomGenerator
INFO       /home/normal/checkout/gpuocelot/trunk/tests/cuda2.2/RecursiveGaussian
INFO       /home/normal/checkout/gpuocelot/trunk/tests/cuda2.2/Reduction
INFO       /home/normal/checkout/gpuocelot/trunk/tests/cuda2.2/ScalarProd
INFO       /home/normal/checkout/gpuocelot/trunk/tests/cuda2.2/Scan
INFO       /home/normal/checkout/gpuocelot/trunk/tests/cuda2.2/ScanLargeArray
INFO       /home/normal/checkout/gpuocelot/trunk/tests/cuda2.2/SimpleAtomicIntrinsics
INFO       /home/normal/checkout/gpuocelot/trunk/tests/cuda2.2/SimpleCUBLAS
INFO       /home/normal/checkout/gpuocelot/trunk/tests/cuda2.2/SimpleCUFFT
INFO       /home/normal/checkout/gpuocelot/trunk/tests/cuda2.2/SimpleGL
INFO       /home/normal/checkout/gpuocelot/trunk/tests/cuda2.2/SimpleMultiGPU
INFO       /home/normal/checkout/gpuocelot/trunk/tests/cuda2.2/SimpleStreams
INFO       /home/normal/checkout/gpuocelot/trunk/tests/cuda2.2/SimpleTemplates
INFO       /home/normal/checkout/gpuocelot/trunk/tests/cuda2.2/SimpleTexture
INFO       /home/normal/checkout/gpuocelot/trunk/tests/cuda2.2/SimpleTexture3D
INFO       /home/normal/checkout/gpuocelot/trunk/tests/cuda2.2/SimpleVoteIntrinsics
INFO       /home/normal/checkout/gpuocelot/trunk/tests/cuda2.2/SimpleZeroCopy
INFO       /home/normal/checkout/gpuocelot/trunk/tests/cuda2.2/SobelFilter
INFO       /home/normal/checkout/gpuocelot/trunk/tests/cuda2.2/SobolQRNG
INFO       /home/normal/checkout/gpuocelot/trunk/tests/cuda2.2/Template
INFO       /home/normal/checkout/gpuocelot/trunk/tests/cuda2.2/ThreadFenceReduction
INFO       /home/normal/checkout/gpuocelot/trunk/tests/cuda2.2/Transpose
INFO       /home/normal/checkout/gpuocelot/trunk/tests/cuda2.2/TransposeNew
INFO       /home/normal/checkout/gpuocelot/trunk/tests/cuda2.2/VolumeRender
INFO     ==== INDIVIDUAL TEST RESULTS ====

INFO     Running test program /home/normal/checkout/gpuocelot/trunk/tests/cuda2.2/ConvolutionFFT2D
INFO     Running test program /home/normal/checkout/gpuocelot/trunk/tests/cuda2.2/SimpleMultiGPU
INFO     Test /home/normal/checkout/gpuocelot/trunk/tests/cuda2.2/ConvolutionFFT2D seconds
INFO     Test completed in 3.60581994057 seconds
INFO      It produced the following output:
Input data size           : 200 x 200
Convolution kernel size   : 7 x 7
Padded image size         : 206 x 206
Aligned padded image size : 256 x 256
Allocating memory...
Generating random input data...
Creating FFT plan for 256 x 256...
Uploading to GPU and padding convolution kernel and input data...
...initializing padded kernel and data storage with zeroes...
...copying input data and convolution kernel from host to CUDA arrays
...binding CUDA arrays to texture references
...padding convolution kernel
...padding input data array
Transforming convolution kernel...
Running GPU FFT convolution...
GPU time: 1692.646973 msecs. //0.023632 MPix/s
Reading back GPU FFT results...
Checking GPU results...
...running reference CPU convolution
...comparing the results
Max delta / CPU value 8.143505E-07
L2 norm: 1.432994E-07
TEST PASSED
Shutting down...

Press ENTER to exit...

INFO     Running test program /home/normal/checkout/gpuocelot/trunk/tests/cuda2.2/SimpleTexture3D
INFO     Test /home/normal/checkout/gpuocelot/trunk/tests/cuda2.2/SimpleTexture3D seconds
INFO     Test completed in 1.00430989265 seconds
INFO      It produced the following output:
[simpleTexture3D] (Automated Testing)
Read 'data/Bucky.raw', 32768 bytes
CheckRender::dumpBin: <simpleTexture3D.bin>
> compareBin2Bin <unsigned int> nelements=1048576, epsilon=0.00, threshold=0.15
   src_file <simpleTexture3D.bin>
   ref_file <data/ref_texture3D.bin>
  PASSED!
TEST PASSED!

Press ENTER to exit...
==Ocelot Runtime== Array Memory Leak Detected
==Ocelot Runtime==  131072 bytes at 0x2aaaaabd9010 never freed.

INFO     Running test program /home/normal/checkout/gpuocelot/trunk/tests/cuda2.2/QuasirandomGenerator
INFO     Test /home/normal/checkout/gpuocelot/trunk/tests/cuda2.2/SimpleMultiGPU seconds
INFO     Test completed in 5.89414000511 seconds
INFO      It produced the following output:
CUDA-capable device count: 1
main(): generating input data...
main(): waiting for GPU results...
GPU Processing time: 5125.267090 (ms) 
Checking the results...
CPU Processing time: 91.871002 (ms) 
GPU sum: 16777296.000000; CPU sum: 16777294.395033
Relative difference: 9.566307E-08 
TEST PASSED
Shutting down...

Press ENTER to exit...

INFO     Running test program /home/normal/checkout/gpuocelot/trunk/tests/cuda2.2/VolumeRender
INFO     Test /home/normal/checkout/gpuocelot/trunk/tests/cuda2.2/QuasirandomGenerator seconds
INFO     Test completed in 18.8071811199 seconds
INFO      It produced the following output:
Allocating GPU memory...
Allocating CPU memory...
Initializing QRNG tables...
Testing QRNG...
Gsamples/s: 0.000238
Reading GPU results...
Comparing to the CPU results...
L1 norm: 7.275964E-12
Testing inverseCNDgpu()...
Gsamples/s: 0.000776
Reading GPU results...
Comparing to the CPU results...
L1 norm: 1.720123E-07
TEST PASSED
Shutting down...

Press ENTER to exit...

INFO     Running test program /home/normal/checkout/gpuocelot/trunk/tests/cuda2.2/Dct8x8
INFO     Test /home/normal/checkout/gpuocelot/trunk/tests/cuda2.2/Dct8x8 seconds
INFO     Test completed in 4.33008909225 seconds
INFO      It produced the following output:
CUDA sample DCT/IDCT implementation
===================================
Loading test image: barbara.bmp... [512 x 512]... Success
Running Gold 1 (CPU) version... Success
Running Gold 2 (CPU) version... Success
Running CUDA 1 (GPU) version... Success
Running CUDA 2 (GPU) version... Success
Running CUDA short (GPU) version... Success
Dumping result to barbara_gold1.bmp... Success
Dumping result to barbara_gold2.bmp... Success
Dumping result to barbara_cuda1.bmp... Success
Dumping result to barbara_cuda2.bmp... Success
Dumping result to barbara_cuda_short.bmp... Success
Processing time : not relevant in CUDA emulation mode
PSNR Original    <---> CPU(Gold 1)    : 32.777073
PSNR Original    <---> CPU(Gold 2)    : 32.777050
PSNR Original    <---> GPU(CUDA 1)    : 32.777092
PSNR Original    <---> GPU(CUDA 2)    : 32.777092
PSNR Original    <---> GPU(CUDA short): 32.749447
PSNR CPU(Gold 1) <---> GPU(CUDA 1)    : 77.264702
PSNR CPU(Gold 2) <---> GPU(CUDA 2)    : 61.046452
PSNR CPU(Gold 2) <---> GPU(CUDA short): 42.258053

TEST PASSED!

Press ENTER to exit...

INFO     Running test program /home/normal/checkout/gpuocelot/trunk/tests/cuda2.2/SimpleTexture
INFO     Test /home/normal/checkout/gpuocelot/trunk/tests/cuda2.2/SimpleTexture seconds
INFO     Test completed in 1.64923787117 seconds
INFO      It produced the following output:
Loaded 'lena_bw.pgm', 512 x 512 pixels
Processing time: 747.026978 (ms)
0.35 Mpixels/sec
Wrote 'data/lena_bw_out.pgm'
Comparing files
	output:    <data/lena_bw_out.pgm>
	reference: <data/ref_rotated.pgm>
Test PASSED

Press ENTER to exit...

INFO     Running test program /home/normal/checkout/gpuocelot/trunk/tests/cuda2.2/ConvolutionSeparable
INFO     Test /home/normal/checkout/gpuocelot/trunk/tests/cuda2.2/ConvolutionSeparable seconds
INFO     Test completed in 0.747014045715 seconds
INFO      It produced the following output:
256 x 256
Initializing data...
Warm up...
GPU convolution...
GPU convolution time : 352.011993 msec //0.186175 Mpixels/sec
Reading back GPU results...
Checking the results...
...running convolutionRowCPU()
...running convolutionColumnCPU()
...comparing the results
L1 norm: 6.351725E-08
TEST PASSED
Shutting down...

Press ENTER to exit...

INFO     Running test program /home/normal/checkout/gpuocelot/trunk/tests/cuda2.2/DeviceQuery
INFO     Test /home/normal/checkout/gpuocelot/trunk/tests/cuda2.2/DeviceQuery seconds
INFO     Test completed in 0.0515100955963 seconds
INFO      It produced the following output:
CUDA Device Query (Runtime API) version (CUDART static linking)
There is 1 device supporting CUDA

Device 0: "Ocelot PTX Emulator"
  CUDA Capability Major revision number:         1
  CUDA Capability Minor revision number:         3
  Total amount of global memory:                 309850112 bytes
  Number of multiprocessors:                     2
  Number of cores:                               16
  Total amount of constant memory:               65536 bytes
  Total amount of shared memory per block:       16384 bytes
  Total number of registers available per block: 309850112
  Warp size:                                     512
  Maximum number of threads per block:           512
  Maximum sizes of each dimension of a block:    512 x 512 x 64
  Maximum sizes of each dimension of a grid:     65535 x 65535 x 1
  Maximum memory pitch:                          309850112 bytes
  Texture alignment:                             1 bytes
  Clock rate:                                    2.00 GHz
  Concurrent copy and execution:                 No
  Run time limit on kernels:                     No
  Integrated:                                    Yes
  Support host page-locked memory mapping:       Yes
  Compute mode:                                  Default (multiple host threads can use this device simultaneously)

Test PASSED

Press ENTER to exit...

INFO     Running test program /home/normal/checkout/gpuocelot/trunk/tests/cuda2.2/Scan
INFO     Test /home/normal/checkout/gpuocelot/trunk/tests/cuda2.2/Scan seconds
INFO     Test completed in 0.821110963821 seconds
INFO      It produced the following output:
Running parallel prefix sum (scan) of 512 elements
Comparing 3 versions:

1. scan_naive -- not work efficient (O(n log n) adds).
Average time: 3.296340 ms

2. scan_workefficient -- Work efficient (O(n) adds), but many bank conflicts.
Average time: 2.093350 ms

3. scan_best -- work efficient with very few bank conflicts.
Average time: 2.536920 ms

scan_naive: Test PASSED
scan_workefficient: Test PASSED
scan_best: Test PASSED

Check out the CUDA Data Parallel Primitives Library for more on scan.
http://www.gpgpu.org/developer/cudpp

Press ENTER to exit...

INFO     Running test program /home/normal/checkout/gpuocelot/trunk/tests/cuda2.2/Transpose
INFO     Test /home/normal/checkout/gpuocelot/trunk/tests/cuda2.2/Transpose seconds
INFO     Test completed in 0.0592708587646 seconds
INFO      It produced the following output:
Transposing a 32 by 128 matrix of floats...
Naive transpose average time:     5.737 ms
Optimized transpose average time: 9.248 ms

Test PASSED

Press ENTER to exit...

INFO     Running test program /home/normal/checkout/gpuocelot/trunk/tests/cuda2.2/BlackScholes
INFO     Test /home/normal/checkout/gpuocelot/trunk/tests/cuda2.2/BlackScholes seconds
INFO     Test completed in 20.0118751526 seconds
INFO      It produced the following output:
Initializing data...
...allocating CPU memory for options.
...allocating GPU memory for options.
...generating input data in CPU mem.
...copying input data to GPU mem.
Data init done.
Executing Black-Scholes GPU kernel (1 iterations)...
Options count             : 8000000     
BlackScholesGPU() time    : 17261.128906 msec
Effective memory bandwidth: 0.004635 GB/s
Gigaoptions per second    : 0.000463     
Reading back GPU results...
Checking the results...
...running CPU calculations.
Comparing the results...
L1 norm: 2.047185E-07
Max absolute error: 1.239777E-05
TEST PASSED
Shutting down...
...releasing GPU memory.
...releasing CPU memory.
Shutdown done.

Press ENTER to exit...

INFO     Running test program /home/normal/checkout/gpuocelot/trunk/tests/cuda2.2/SimpleCUFFT
INFO     Test /home/normal/checkout/gpuocelot/trunk/tests/cuda2.2/SimpleCUFFT seconds
INFO     Test completed in 1.44332194328 seconds
INFO      It produced the following output:
Test PASSED

Press ENTER to exit...

INFO     Running test program /home/normal/checkout/gpuocelot/trunk/tests/cuda2.2/TransposeNew
INFO     Test /home/normal/checkout/gpuocelot/trunk/tests/cuda2.2/TransposeNew seconds
INFO     Test completed in 8.4805419445 seconds
INFO      It produced the following output:
CUDA device has 2 Multi-Processors

Matrix size: 128x128, tile size: 32x32, block size: 32x8

Kernel			Loop over kernel	Loop within kernel
------			----------------	------------------
simple copy           	 0.02 GB/s		 0.09 GB/s
shared memory copy    	 0.02 GB/s		 0.05 GB/s
naive transpose       	 0.02 GB/s		 0.09 GB/s
coalesced transpose   	 0.01 GB/s		 0.05 GB/s
no bank conflict trans	 0.01 GB/s		 0.05 GB/s
coarse-grained        	 0.01 GB/s		 0.06 GB/s
fine-grained          	 0.01 GB/s		 0.06 GB/s
diagonal transpose    	 0.01 GB/s		 0.05 GB/s

Test PASSED

Press ENTER to exit...

INFO     Running test program /home/normal/checkout/gpuocelot/trunk/tests/cuda2.2/Dxtc
INFO     Test /home/normal/checkout/gpuocelot/trunk/tests/cuda2.2/Dxtc seconds
INFO     Test completed in 1.47951698303 seconds
INFO      It produced the following output:
Time 1295.717041 msec
RMS(reference, result) = 0.000000
Test PASSED

Press ENTER to exit...

INFO     Running test program /home/normal/checkout/gpuocelot/trunk/tests/cuda2.2/BicubicTexture
INFO     Test /home/normal/checkout/gpuocelot/trunk/tests/cuda2.2/BicubicTexture seconds
INFO     Test completed in 9.06454706192 seconds
INFO      It produced the following output:
[CUDA BicubicTexture] (automated testing w/ readback)
Loaded 'lena_bw.pgm', 512 x 512 pixels
AutoTest: CUDA BicubicTexture <Nearest>
> Saving PPM: <01_nearest.ppm>
   src_file <01_nearest.ppm>
   ref_file <data/01_nearest.ppm>
> Compare (a)rendered:  <01_nearest.ppm>
>         (b)reference: <data/01_nearest.ppm>
PPMvsPPM: comparing images size (512,512) epsilon(5), threshold(15%)
  PASSED!
AutoTest: CUDA BicubicTexture <Bilinear>
> Saving PPM: <02_bilinear.ppm>
   src_file <02_bilinear.ppm>
   ref_file <data/02_bilinear.ppm>
> Compare (a)rendered:  <02_bilinear.ppm>
>         (b)reference: <data/02_bilinear.ppm>
PPMvsPPM: comparing images size (512,512) epsilon(5), threshold(15%)
  PASSED!
AutoTest: CUDA BicubicTexture <Bicubic>
> Saving PPM: <03_bicubic.ppm>
   src_file <03_bicubic.ppm>
   ref_file <data/03_bicubic.ppm>
> Compare (a)rendered:  <03_bicubic.ppm>
>         (b)reference: <data/03_bicubic.ppm>
PPMvsPPM: comparing images size (512,512) epsilon(5), threshold(15%)
  PASSED!
AutoTest: CUDA BicubicTexture <Fast Bicubic>
> Saving PPM: <04_fastbicubic.ppm>
   src_file <04_fastbicubic.ppm>
   ref_file <data/04_fastbicubic.ppm>
> Compare (a)rendered:  <04_fastbicubic.ppm>
>         (b)reference: <data/04_fastbicubic.ppm>
PPMvsPPM: comparing images size (512,512) epsilon(5), threshold(15%)
  PASSED!
TEST PASSED!

Press ENTER to exit...
==Ocelot Runtime== Array Memory Leak Detected
==Ocelot Runtime==  1048576 bytes at 0x2aaaaab1a010 never freed.

INFO     Running test program /home/normal/checkout/gpuocelot/trunk/tests/cuda2.2/CppIntegration
INFO     Test /home/normal/checkout/gpuocelot/trunk/tests/cuda2.2/CppIntegration seconds
INFO     Test completed in 0.0417881011963 seconds
INFO      It produced the following output:
Test PASSED
Hello World.
Hello World.    

Press ENTER to exit...

INFO     Running test program /home/normal/checkout/gpuocelot/trunk/tests/cuda2.2/AsyncAPI
INFO     Test /home/normal/checkout/gpuocelot/trunk/tests/cuda2.2/AsyncAPI seconds
INFO     Test completed in 0.416064023972 seconds
INFO      It produced the following output:
time spent executing by the GPU: 97.55
time spent by CPU in CUDA calls: 97.55
CPU executed 0 iterations while waiting for GPU to finish
--------------------------------------------------------------
Test PASSED

Press ENTER to exit...

INFO     Running test program /home/normal/checkout/gpuocelot/trunk/tests/cuda2.2/SobelFilter
INFO     Test /home/normal/checkout/gpuocelot/trunk/tests/cuda2.2/SobelFilter seconds
INFO     Test completed in 3.12847399712 seconds
INFO      It produced the following output:
[CUDA Sobel Edge-Detection] (automated testing w/ readback)
Reading image: lena.pgm
AutoTest: CUDA Sobel Edge-Detection <Original Filter>
> Saving PGM: <lena_orig.pgm>
   src_file <lena_orig.pgm>
   ref_file <data/ref_orig.pgm>
PGMvsPGM: comparing images size (512,512) epsilon(5.0000), threshold(15.00%)
  PASSED!
AutoTest: CUDA Sobel Edge-Detection <Sobel Shared>
> Saving PGM: <lena_shared.pgm>
   src_file <lena_shared.pgm>
   ref_file <data/ref_shared.pgm>
PGMvsPGM: comparing images size (512,512) epsilon(5.0000), threshold(15.00%)
  PASSED!
AutoTest: CUDA Sobel Edge-Detection <Sobel Shared+Texture>
> Saving PGM: <lena_shared_tex.pgm>
   src_file <lena_shared_tex.pgm>
   ref_file <data/ref_shared_tex.pgm>
PGMvsPGM: comparing images size (512,512) epsilon(5.0000), threshold(15.00%)
  PASSED!
TEST PASSED!

Press ENTER to exit...
==Ocelot Runtime== Array Memory Leak Detected
==Ocelot Runtime==  1048576 bytes at 0x2aaaaab1a010 never freed.

INFO     Running test program /home/normal/checkout/gpuocelot/trunk/tests/cuda2.2/BoxFilter
INFO     Test /home/normal/checkout/gpuocelot/trunk/tests/cuda2.2/BoxFilter seconds
INFO     Test completed in 7.20645499229 seconds
INFO      It produced the following output:
[CUDA Iterative Box Filter] (automated testing w/ readback)
Loaded 'data/lena.ppm', 512 x 512 pixels
AutoTest: CUDA Iterative Box Filter (radius=10)> Saving PPM: <lena_10.ppm>
   src_file <lena_10.ppm>
   ref_file <data/ref_10.ppm>
> Compare (a)rendered:  <lena_10.ppm>
>         (b)reference: <data/ref_10.ppm>
PPMvsPPM: comparing images size (512,512) epsilon(5), threshold(15%)
  PASSED!
AutoTest: CUDA Iterative Box Filter (radius=14)> Saving PPM: <lena_14.ppm>
   src_file <lena_14.ppm>
   ref_file <data/ref_14.ppm>
> Compare (a)rendered:  <lena_14.ppm>
>         (b)reference: <data/ref_14.ppm>
PPMvsPPM: comparing images size (512,512) epsilon(5), threshold(15%)
  PASSED!
AutoTest: CUDA Iterative Box Filter (radius=18)> Saving PPM: <lena_18.ppm>
   src_file <lena_18.ppm>
   ref_file <data/ref_18.ppm>
> Compare (a)rendered:  <lena_18.ppm>
>         (b)reference: <data/ref_18.ppm>
PPMvsPPM: comparing images size (512,512) epsilon(5), threshold(15%)
  PASSED!
AutoTest: CUDA Iterative Box Filter (radius=22)> Saving PPM: <lena_22.ppm>
   src_file <lena_22.ppm>
   ref_file <data/ref_22.ppm>
> Compare (a)rendered:  <lena_22.ppm>
>         (b)reference: <data/ref_22.ppm>
PPMvsPPM: comparing images size (512,512) epsilon(5), threshold(15%)
  PASSED!
TEST PASSED!

Press ENTER to exit...
==Ocelot Runtime== Array Memory Leak Detected
==Ocelot Runtime==  4194304 bytes at 0x2aaaaaed5010 never freed.
==Ocelot Runtime== Array Memory Leak Detected
==Ocelot Runtime==  4194304 bytes at 0x2aaaab2d6010 never freed.

INFO     Running test program /home/normal/checkout/gpuocelot/trunk/tests/cuda2.2/OceanFFT
INFO     Test /home/normal/checkout/gpuocelot/trunk/tests/cuda2.2/OceanFFT seconds
INFO     Test completed in 2.25643897057 seconds
INFO      It produced the following output:
[CUDA FFT Ocean Simulation]
Compute capability 1.3
CheckRender::dumpBin: <spatialDomain.bin>
> compareBin2Bin <float> nelements=262144, epsilon=0.10, threshold=0.15
   src_file <spatialDomain.bin>
   ref_file <data/ref_spatialDomain_sm13.bin>
0.03(%) of bytes mismatched (count=81)
  PASSED!
CheckRender::dumpBin: <slopeShading.bin>
> compareBin2Bin <float> nelements=524288, epsilon=0.10, threshold=0.15
   src_file <slopeShading.bin>
   ref_file <data/ref_slopeShading_sm13.bin>
  PASSED!
Test PASSED!

Press ENTER to exit...

INFO     Running test program /home/normal/checkout/gpuocelot/trunk/tests/cuda2.2/BinomialOptions
INFO     Test /home/normal/checkout/gpuocelot/trunk/tests/cuda2.2/BinomialOptions seconds
INFO     Test completed in 1.25248718262 seconds
INFO      It produced the following output:
Using device 0: Ocelot PTX Emulator
Using single precision...
Generating input data...
Running GPU binomial tree...
Options count            : 1     
Time steps               : 2048     
binomialOptionsGPU() time: 1168.040039 msec
Options per second       : 0.856135     
Running CPU binomial tree...
Comparing the results...
GPU binomial vs. Black-Scholes
Avg. diff: 1.401298E-45
CPU binomial vs. Black-Scholes
Avg. diff: 0.000000E+00
CPU binomial vs. GPU binomial
Avg. diff: 1.401298E-45
TEST PASSED
Shutting down...

Press ENTER to exit...

INFO     Running test program /home/normal/checkout/gpuocelot/trunk/tests/cuda2.2/Bitonic
INFO     Test /home/normal/checkout/gpuocelot/trunk/tests/cuda2.2/Bitonic seconds
INFO     Test completed in 0.0248050689697 seconds
INFO      It produced the following output:
Test PASSED

Press ENTER to exit...

INFO     Running test program /home/normal/checkout/gpuocelot/trunk/tests/cuda2.2/SimpleCUBLAS
INFO     Test /home/normal/checkout/gpuocelot/trunk/tests/cuda2.2/VolumeRender seconds
INFO     Test completed in 88.8459339142 seconds
INFO      It produced the following output:
Read 'data/Bucky.raw', 32768 bytes
Press '=' and '-' to change density
      ']' and '[' to change brightness
      ';' and ''' to modify transfer function offset
      '.' and ',' to modify transfer function scale
> (Frame 1) Readback BackBuffer
> Saving PPM: <volume.ppm>
   src_file <volume.ppm>
   ref_file <data/ref_volume.ppm>
> Compare (a)rendered:  <volume.ppm>
>         (b)reference: <data/ref_volume.ppm>
PPMvsPPM: comparing images size (512,512) epsilon(5), threshold(20%)
18.51(%) of bytes mismatched (count=194141)
  PASSED!
TEST PASSED
==Ocelot Runtime== Array Memory Leak Detected
==Ocelot Runtime==  144 bytes at 0xaa3ab0 never freed.

INFO     Running test program /home/normal/checkout/gpuocelot/trunk/tests/cuda2.2/ScalarProd
INFO     Test /home/normal/checkout/gpuocelot/trunk/tests/cuda2.2/ScalarProd seconds
INFO     Test completed in 0.959864139557 seconds
INFO      It produced the following output:
Initializing data...
...allocating CPU memory.
...allocating GPU memory.
...generating input data in CPU mem.
...copying input data to GPU mem.
Data init done.
Executing GPU kernel...
GPU time: 814.325012 msecs.
Reading back GPU result...
Checking GPU results...
..running CPU scalar product calculation
...comparing the results
L1 error: 3.070748E-08
TEST PASSED
Shutting down...

Press ENTER to exit...

INFO     Running test program /home/normal/checkout/gpuocelot/trunk/tests/cuda2.2/Histogram256
INFO     Test /home/normal/checkout/gpuocelot/trunk/tests/cuda2.2/SimpleCUBLAS seconds
INFO     Test completed in 22.0607559681 seconds
INFO      It produced the following output:
simpleCUBLAS test running..
Test PASSED

INFO     Running test program /home/normal/checkout/gpuocelot/trunk/tests/cuda2.2/SimpleTemplates
INFO     Test /home/normal/checkout/gpuocelot/trunk/tests/cuda2.2/SimpleTemplates seconds
INFO     Test completed in 0.0310750007629 seconds
INFO      It produced the following output:
Processing time: 0.201000 (ms)
Test PASSED
Processing time: 0.116000 (ms)
Test PASSED

Press ENTER to exit...

INFO     Running test program /home/normal/checkout/gpuocelot/trunk/tests/cuda2.2/Reduction
INFO     Test /home/normal/checkout/gpuocelot/trunk/tests/cuda2.2/Histogram256 seconds
INFO     Test completed in 17.7859399319 seconds
INFO      It produced the following output:
Initializing data...
...allocating CPU memory.
...generating input data
...allocating GPU memory and copying input data
Running CPU histogram...
histogramCPU() time : 16.452000 msec // 579.670761 MB/sec
Running GPU histogram using SM10...
histogram256_SM10() time : 7083.778809 msec // 1.346279 MB/sec
TEST PASSED
Running GPU histogram using SM11...
histogram256_SM11() time : 7216.055176 msec // 1.321601 MB/sec
TEST PASSED
Running GPU histogram using SM12...
histogram256_SM12() time : 3136.084961 msec // 3.040971 MB/sec
TEST PASSED
Shutting down...

Press ENTER to exit...

INFO     Running test program /home/normal/checkout/gpuocelot/trunk/tests/cuda2.2/MonteCarloMultiGPU
INFO     Test /home/normal/checkout/gpuocelot/trunk/tests/cuda2.2/Reduction seconds
INFO     Test completed in 19.3049449921 seconds
INFO      It produced the following output:
Reducing array of type int.
Using Device 0: "Ocelot PTX Emulator"
1048576 elements
128 threads (max)
64 blocks
Average time: 177.703796 ms
Bandwidth:    0.023603 GB/s

GPU result = 133784454
CPU result = 133784454
TEST PASSED

Press ENTER to exit...

INFO     Running test program /home/normal/checkout/gpuocelot/trunk/tests/cuda2.2/MersenneTwister
INFO     Test /home/normal/checkout/gpuocelot/trunk/tests/cuda2.2/MersenneTwister seconds
INFO     Test completed in 52.7137649059 seconds
INFO      It produced the following output:
Initializing data for 24000000 samples...
Loading CPU and GPU twisters configurations...
Generating random numbers on GPU...
Generated samples : 24002560 
RandomGPU() time  : 37815.585938 
Samples per second: 6.347266E+05 
Applying Box-Muller transformation on GPU...
Transformed samples : 24002560 
BoxMullerGPU() time : 9717.269531 
Samples per second  : 2.470093E+06 
Reading back the results...
Checking GPU results...
...generating random numbers on CPU using reference generator
...applying Box-Muller transformation on CPU
...comparing the results
Max absolute error: 4.768372E-07
L1 norm: 1.117783E-08
TEST PASSED
Shutting down...

Press ENTER to exit...

INFO     Running test program /home/normal/checkout/gpuocelot/trunk/tests/cuda2.2/ConvolutionTexture
INFO     Test /home/normal/checkout/gpuocelot/trunk/tests/cuda2.2/ConvolutionTexture seconds
INFO     Test completed in 1.34334397316 seconds
INFO      It produced the following output:
Initializing data...
convolutionRowGPU()
...convolutionRowGPU() time: 628.693970 msecs; //0.104241 Mpix/s
Copying convolutionRowGPU() output back to a_Data...
...cudaMemcpyToArray() time: 0.131000 msecs; //500.274820 Mpix/s
convolutionColumnGPU()...
...convolutionColumnGPU() time: 627.447021 msecs; //0.104449 Mpix/s
Reading back GPU results...
Checking GPU results...
...convolutionRowCPU()
...convolutionColumnCPU()
...comparing the results
L1 norm: 6.392177E-08
TEST PASSED
Shutting down...

Press ENTER to exit...

INFO     Running test program /home/normal/checkout/gpuocelot/trunk/tests/cuda2.2/SimpleVoteIntrinsics
INFO     Test /home/normal/checkout/gpuocelot/trunk/tests/cuda2.2/SimpleVoteIntrinsics seconds
INFO     Test completed in 0.0397448539734 seconds
INFO      It produced the following output:
simpleVoteIntrinsics: Using Device 0: "Ocelot PTX Emulator"
[VOTE Kernel Test 1/3]
	Running <<Vote.Any>> kernel1 ...

[VOTE Kernel Test 2/3]
	Running <<Vote.All>> kernel2 ...

[VOTE Kernel Test 3/3]
	Running <<Vote.Any>> kernel3 ...
	PASSED!

TEST PASSED
	Shutting down...

Press ENTER to exit...

INFO     Running test program /home/normal/checkout/gpuocelot/trunk/tests/cuda2.2/SimpleStreams
INFO     Test /home/normal/checkout/gpuocelot/trunk/tests/cuda2.2/SimpleStreams seconds
INFO     Test completed in 1.41173505783 seconds
INFO      It produced the following output:
running on: Ocelot PTX Emulator

memcopy:	174.12
kernel:		3.10
non-streamed:	56.13 (177.23 expected)
4 streams:	53.40 (46.63 expected with compute capability 1.1 or later)
-------------------------------
Test PASSED

Press ENTER to exit...

INFO     Running test program /home/normal/checkout/gpuocelot/trunk/tests/cuda2.2/AlignedTypes
INFO     Test /home/normal/checkout/gpuocelot/trunk/tests/cuda2.2/AlignedTypes seconds
INFO     Test completed in 0.65833902359 seconds
INFO      It produced the following output:
CUDA device has 2 Multi-Processors
 Memory Size = 500000
Allocating memory...
Generating host input data array...
Uploading input data to GPU memory...
Testing misaligned types...
uint8...
Avg. time: 88.579002 ms / Copy throughput: 0.005257 GB/s.
TEST PASSED
uint16...
Avg. time: 52.125000 ms / Copy throughput: 0.008934 GB/s.
TEST PASSED
RGBA8_misaligned...
Avg. time: 63.683998 ms / Copy throughput: 0.007312 GB/s.
TEST PASSED
LA32_misaligned...
Avg. time: 12.927000 ms / Copy throughput: 0.036022 GB/s.
TEST PASSED
RGB32_misaligned...
Avg. time: 34.380001 ms / Copy throughput: 0.013544 GB/s.
TEST PASSED
RGBA32_misaligned...
Avg. time: 23.937000 ms / Copy throughput: 0.019454 GB/s.
TEST PASSED
Testing aligned types...
RGBA8...
Avg. time: 27.421000 ms / Copy throughput: 0.016982 GB/s.
TEST PASSED
I32...
Avg. time: 48.368999 ms / Copy throughput: 0.009627 GB/s.
TEST PASSED
LA32...
Avg. time: 11.974000 ms / Copy throughput: 0.038889 GB/s.
TEST PASSED
RGB32...
Avg. time: 17.737000 ms / Copy throughput: 0.026254 GB/s.
TEST PASSED
RGBA32...
Avg. time: 28.672001 ms / Copy throughput: 0.016241 GB/s.
TEST PASSED
RGBA32_2...
Avg. time: 14.668000 ms / Copy throughput: 0.031747 GB/s.
TEST PASSED
Shutting down...

Press ENTER to exit...

INFO     Running test program /home/normal/checkout/gpuocelot/trunk/tests/cuda2.2/SimpleZeroCopy
INFO     Test /home/normal/checkout/gpuocelot/trunk/tests/cuda2.2/SimpleZeroCopy seconds
INFO     Test completed in 0.725892066956 seconds
INFO      It produced the following output:
Adding vectors using mapped CPU memory...
Checking the results...
Releasing CPU memory...
Test PASSED

Press ENTER to exit...

INFO     Running test program /home/normal/checkout/gpuocelot/trunk/tests/cuda2.2/SimpleAtomicIntrinsics
INFO     Test /home/normal/checkout/gpuocelot/trunk/tests/cuda2.2/SimpleAtomicIntrinsics seconds
INFO     Test completed in 0.0310120582581 seconds
INFO      It produced the following output:
Using Device 0: "Ocelot PTX Emulator"
Processing time: 8.464000 (ms)
Test PASSED

Press ENTER to exit...

INFO     Running test program /home/normal/checkout/gpuocelot/trunk/tests/cuda2.2/SimpleGL
INFO     Test /home/normal/checkout/gpuocelot/trunk/tests/cuda2.2/SimpleGL seconds
INFO     Test completed in 1.51463484764 seconds
INFO      It produced the following output:
> (Frame 3) Readback BackBuffer
> Saving PPM: <simpleGL.ppm>
   src_file <simpleGL.ppm>
   ref_file <data/ref_simpleGL.ppm>
> Compare (a)rendered:  <simpleGL.ppm>
>         (b)reference: <data/ref_simpleGL.ppm>
PPMvsPPM: comparing images size (512,512) epsilon(10), threshold(15%)
1.10(%) of bytes mismatched (count=11543)
  PASSED!
TEST PASSED

INFO     Running test program /home/normal/checkout/gpuocelot/trunk/tests/cuda2.2/Nbody
INFO     Test /home/normal/checkout/gpuocelot/trunk/tests/cuda2.2/Nbody seconds
INFO     Test completed in 9.86732506752 seconds
INFO      It produced the following output:
Run "nbody -benchmark [-n=<numBodies>]" to measure perfomance.

Test PASSED

INFO     Running test program /home/normal/checkout/gpuocelot/trunk/tests/cuda2.2/PostProcessGL
INFO     Test /home/normal/checkout/gpuocelot/trunk/tests/cuda2.2/MonteCarloMultiGPU seconds
INFO     Test completed in 88.2319540977 seconds
INFO      It produced the following output:
Generating input data...
Allocating memory...
Generating normally distributed samples...
Running GPU Monte Carlo...
Options         : 256
Simulation paths: 262144
Time (ms.)      : 71972.781250
GPU options per sec.: 3.556900
GPU Monte Carlo vs. Black-Scholes statistics
L1 norm        : 3.078539E-06
Average reserve: 372.945601
TEST PASSED
CPU Monte Carlo vs. Black-Scholes statistics...
L1 norm: 2.970427E-06
Average reserve: 386.847267
CPU vs. GPU Monte Carlo statistics...
L1 norm: 1.091943E-07
Shutting down...

Press ENTER to exit...

INFO     Running test program /home/normal/checkout/gpuocelot/trunk/tests/cuda2.2/FluidsGL
INFO     Test /home/normal/checkout/gpuocelot/trunk/tests/cuda2.2/FluidsGL seconds
INFO     Test completed in 27.9948790073 seconds
INFO      It produced the following output:
TEST PASSED

INFO     Running test program /home/normal/checkout/gpuocelot/trunk/tests/cuda2.2/ThreadFenceReduction
INFO     Test /home/normal/checkout/gpuocelot/trunk/tests/cuda2.2/ThreadFenceReduction seconds
INFO     Test completed in 0.738519906998 seconds
INFO      It produced the following output:
[ threadFenceReduction ]
Using Device 0: "Ocelot PTX Emulator"
1048576 elements
128 threads (max)
64 blocks
Average time: 187.018005 ms
Bandwidth:    0.022427 GB/s

GPU result = 0.062298238277
CPU result = 0.062298242003
TEST PASSED

Press ENTER to exit...

INFO     Running test program /home/normal/checkout/gpuocelot/trunk/tests/cuda2.2/FastWalshTransform
INFO     Test /home/normal/checkout/gpuocelot/trunk/tests/cuda2.2/FastWalshTransform seconds
INFO     Test completed in 0.398931026459 seconds
INFO      It produced the following output:
Initializing data...
...allocating CPU memory
...allocating GPU memory
...generating data
Data length: 32768; kernel length: 128
Running GPU dyadic convolution using Fast Walsh Transform...
GPU time: 355.222992 ms; GOP/s: 0.002076
Reading back GPU results...
Running straightforward CPU dyadic convolution...
Comparing the results...
L2 norm: 8.528954E-08
TEST PASSED
Shutting down...

Press ENTER to exit...

INFO     Running test program /home/normal/checkout/gpuocelot/trunk/tests/cuda2.2/BandwidthTest
INFO     Test /home/normal/checkout/gpuocelot/trunk/tests/cuda2.2/BandwidthTest seconds
INFO     Test completed in 1.73997807503 seconds
INFO      It produced the following output:
Running on......
      device 0:Ocelot PTX Emulator
Quick Mode
Host to Device Bandwidth for Pageable memory
.
Transfer Size (Bytes)	Bandwidth(MB/s)
 33554432		993.3

Quick Mode
Device to Host Bandwidth for Pageable memory
.
Transfer Size (Bytes)	Bandwidth(MB/s)
 33554432		1003.5

Quick Mode
Device to Device Bandwidth
.
Transfer Size (Bytes)	Bandwidth(MB/s)
 33554432		1948.1

&&&& Test PASSED

Press ENTER to exit...

INFO     Running test program /home/normal/checkout/gpuocelot/trunk/tests/cuda2.2/SobolQRNG
INFO     Test /home/normal/checkout/gpuocelot/trunk/tests/cuda2.2/SobolQRNG seconds
INFO     Test completed in 12.1158769131 seconds
INFO      It produced the following output:
Allocating CPU memory...
Allocating GPU memory...
Initializing direction numbers...
Copying direction numbers to device...
Executing QRNG on GPU...
Gsamples/s: 0.000848216
Reading results from GPU...

Executing QRNG on CPU...
Gsamples/s: 0.0701907
Checking results...
L1-Error: 0

TEST PASSED

Shutting down...

Press ENTER to exit...

INFO     Running test program /home/normal/checkout/gpuocelot/trunk/tests/cuda2.2/Histogram64
INFO     Test /home/normal/checkout/gpuocelot/trunk/tests/cuda2.2/Histogram64 seconds
INFO     Test completed in 0.525033950806 seconds
INFO      It produced the following output:
Initializing data...
...allocating CPU memory.
...generating input data
...allocating GPU memory and copying input data
Running GPU histogram (1 iterations)...
histogram64GPU() time (average) : 419.479004 msec //2.383910 MB/sec
Reading back GPU results...
Comparing the results...
...histogramCPU()
histogram64CPU() time : 1.467000 msec //650.084739 MB/sec
Total sum of histogram elements: 1000000
Sum of absolute differences: 0
TEST PASSED
Shutting down...

Press ENTER to exit...

INFO     Running test program /home/normal/checkout/gpuocelot/trunk/tests/cuda2.2/RecursiveGaussian
INFO     Test /home/normal/checkout/gpuocelot/trunk/tests/cuda2.2/RecursiveGaussian seconds
INFO     Test completed in 23.5041220188 seconds
INFO      It produced the following output:
[CUDA Recursive Gaussian] (Automated Testing)
Loaded 'data/lena.ppm', 512 x 512 pixels
> Saving PPM: <lena_10.ppm>
   src_file <lena_10.ppm>
   ref_file <data/ref_10.ppm>
> Compare (a)rendered:  <lena_10.ppm>
>         (b)reference: <data/ref_10.ppm>
PPMvsPPM: comparing images size (512,512) epsilon(5), threshold(50%)
32.37(%) of bytes mismatched (count=339435)
  PASSED!
> Saving PPM: <lena_14.ppm>
   src_file <lena_14.ppm>
   ref_file <data/ref_14.ppm>
> Compare (a)rendered:  <lena_14.ppm>
>         (b)reference: <data/ref_14.ppm>
PPMvsPPM: comparing images size (512,512) epsilon(5), threshold(50%)
37.41(%) of bytes mismatched (count=392281)
  PASSED!
> Saving PPM: <lena_18.ppm>
   src_file <lena_18.ppm>
   ref_file <data/ref_18.ppm>
> Compare (a)rendered:  <lena_18.ppm>
>         (b)reference: <data/ref_18.ppm>
PPMvsPPM: comparing images size (512,512) epsilon(5), threshold(50%)
41.69(%) of bytes mismatched (count=437127)
  PASSED!
> Saving PPM: <lena_22.ppm>
   src_file <lena_22.ppm>
   ref_file <data/ref_22.ppm>
> Compare (a)rendered:  <lena_22.ppm>
>         (b)reference: <data/ref_22.ppm>
PPMvsPPM: comparing images size (512,512) epsilon(5), threshold(50%)
43.99(%) of bytes mismatched (count=461239)
  PASSED!
Processing time: 18767.115234 (ms)
0.06 Mpixels/sec
Summary: 0 errors!
Test PASSED!

Press ENTER to exit...

INFO     Running test program /home/normal/checkout/gpuocelot/trunk/tests/cuda2.2/Mandelbrot
INFO     Test /home/normal/checkout/gpuocelot/trunk/tests/cuda2.2/Mandelbrot seconds
INFO     Test completed in 269.395432949 seconds
INFO      It produced the following output:
CUDA Mandelbrot & Julia Set 
AutoTest: <CUDA Mandelbrot & Julia Set>
Compute capability 1.3
Data initialization done.
> Saving PPM: <mandelbrot.ppm>
   src_file <mandelbrot.ppm>
   ref_file <data/Mandelbrot_fp32.ppm>
> Compare (a)rendered:  <mandelbrot.ppm>
>         (b)reference: <data/Mandelbrot_fp32.ppm>
PPMvsPPM: comparing images size (800,600) epsilon(50), threshold(30%)
11.47(%) of bytes mismatched (count=220237)
  PASSED!
> Saving PPM: <julia.ppm>
   src_file <julia.ppm>
   ref_file <data/referenceJulia_fp32.ppm>
> Compare (a)rendered:  <julia.ppm>
>         (b)reference: <data/referenceJulia_fp32.ppm>
PPMvsPPM: comparing images size (800,600) epsilon(50), threshold(30%)
12.99(%) of bytes mismatched (count=249408)
  PASSED!
TEST PASSED

Press ENTER to exit...

INFO     Running test program /home/normal/checkout/gpuocelot/trunk/tests/cuda2.2/Template
INFO     Test /home/normal/checkout/gpuocelot/trunk/tests/cuda2.2/Template seconds
INFO     Test completed in 0.0201830863953 seconds
INFO      It produced the following output:
Processing time: 0.082000 (ms)
Test PASSED

Press ENTER to exit...

INFO     Running test program /home/normal/checkout/gpuocelot/trunk/tests/cuda2.2/Clock
INFO     Test /home/normal/checkout/gpuocelot/trunk/tests/cuda2.2/Clock seconds
INFO     Test completed in 0.132791042328 seconds
INFO      It produced the following output:
Test PASSED
time = 976

Press ENTER to exit...

INFO     Running test program /home/normal/checkout/gpuocelot/trunk/tests/cuda2.2/DwtHaar1D
INFO     Test /home/normal/checkout/gpuocelot/trunk/tests/cuda2.2/DwtHaar1D seconds
INFO     Test completed in 0.138923168182 seconds
INFO      It produced the following output:
Reading signal from data/signal.dat
Reading reference result from data/regression.gold.dat
Test PASSED

Press ENTER to exit...

INFO     Running test program /home/normal/checkout/gpuocelot/trunk/tests/cuda2.2/Eigenvalues
INFO     Test /home/normal/checkout/gpuocelot/trunk/tests/cuda2.2/Eigenvalues seconds
INFO     Test completed in 34.7328300476 seconds
INFO      It produced the following output:
Matrix size: 2048 x 2048
Precision: 0.000010
Iterations to be timed: 1
Result filename: 'eigenvalues.dat'
Gerschgorin interval: -2.894310 / 2.923303
Average time step 1: 1073.828003 ms
Average time step 2, one intervals: 1234.133057 ms
Average time step 2, mult intervals: 32182.339844 ms
Average time TOTAL: 34490.316406 ms

TEST PASSED.

Press ENTER to exit...

INFO     Running test program /home/normal/checkout/gpuocelot/trunk/tests/cuda2.2/MatrixMul
INFO     Test /home/normal/checkout/gpuocelot/trunk/tests/cuda2.2/MatrixMul seconds
INFO     Test completed in 0.0634541511536 seconds
INFO      It produced the following output:
Processing time: 37.402000 (ms) 
Test PASSED 

Press ENTER to exit...

INFO     Running test program /home/normal/checkout/gpuocelot/trunk/tests/cuda2.2/ScanLargeArray
INFO     Test /home/normal/checkout/gpuocelot/trunk/tests/cuda2.2/ScanLargeArray seconds
INFO     Test completed in 0.23423910141 seconds
INFO      It produced the following output:
Running parallel prefix sum (prescan) of 10000 elements
This version is work efficient (O(n) adds)
and has very few shared memory bank conflicts

Test PASSED
Average GPU execution time: 67.352997 ms
CPU execution time:         0.044000 ms

Check out the CUDA Data Parallel Primitives Library for more on scan.
http://www.gpgpu.org/developer/cudpp

Press ENTER to exit...

INFO     Running test program /home/normal/checkout/gpuocelot/trunk/tests/cuda2.2/ImageDenoising
INFO     Test /home/normal/checkout/gpuocelot/trunk/tests/cuda2.2/ImageDenoising seconds
INFO     Test completed in 6.67054986954 seconds
INFO      It produced the following output:
[CUDA ImageDenoising] (automated testing w/ readback)
Allocating host and CUDA memory and loading image file...
Loading data/portrait_noise.bmp...
BMP width: 40
BMP height: 40
BMP file loaded successfully!
Data init done.
AutoTest: CUDA ImageDenoising <Passthrough>
> Saving PPM: <image_passthru.ppm>
   src_file <image_passthru.ppm>
   ref_file <data/ref_passthru.ppm>
> Compare (a)rendered:  <image_passthru.ppm>
>         (b)reference: <data/ref_passthru.ppm>
PPMvsPPM: comparing images size (40,40) epsilon(5), threshold(15%)
  PASSED!
AutoTest: CUDA ImageDenoising <KNN method>
> Saving PPM: <image_knn.ppm>
   src_file <image_knn.ppm>
   ref_file <data/ref_knn.ppm>
> Compare (a)rendered:  <image_knn.ppm>
>         (b)reference: <data/ref_knn.ppm>
PPMvsPPM: comparing images size (40,40) epsilon(5), threshold(15%)
  PASSED!
AutoTest: CUDA ImageDenoising <NLM method>
> Saving PPM: <image_nlm.ppm>
   src_file <image_nlm.ppm>
   ref_file <data/ref_nlm.ppm>
> Compare (a)rendered:  <image_nlm.ppm>
>         (b)reference: <data/ref_nlm.ppm>
PPMvsPPM: comparing images size (40,40) epsilon(5), threshold(15%)
  PASSED!
AutoTest: CUDA ImageDenoising <Quick NLM(NLM2) method>
> Saving PPM: <image_nlm2.ppm>
   src_file <image_nlm2.ppm>
   ref_file <data/ref_nlm2.ppm>
> Compare (a)rendered:  <image_nlm2.ppm>
>         (b)reference: <data/ref_nlm2.ppm>
PPMvsPPM: comparing images size (40,40) epsilon(5), threshold(15%)
  PASSED!
TEST PASSED!

Press ENTER to exit...

INFO     Running test program /home/normal/checkout/gpuocelot/trunk/tests/cuda2.2/MonteCarlo
INFO     Test /home/normal/checkout/gpuocelot/trunk/tests/cuda2.2/MonteCarlo seconds
INFO     Test completed in 89.1896169186 seconds
INFO      It produced the following output:
Generating input data...
Allocating memory...
Generating normally distributed samples...
Running GPU Monte Carlo...
Options         : 256
Simulation paths: 262144
Time (ms.)      : 72831.070312
GPU options per sec.: 3.514983
GPU Monte Carlo vs. Black-Scholes statistics
L1 norm        : 3.078539E-06
Average reserve: 372.945601
TEST PASSED
CPU Monte Carlo vs. Black-Scholes statistics...
L1 norm: 2.970427E-06
Average reserve: 386.847267
CPU vs. GPU Monte Carlo statistics...
L1 norm: 1.091943E-07
Shutting down...

Press ENTER to exit...

INFO     Test /home/normal/checkout/gpuocelot/trunk/tests/cuda2.2/PostProcessGL seconds
INFO     Test completed in 584.097938061 seconds
INFO      It produced the following output:
CheckFBO::readback() PBO->m_pImageData
> Saving PPM: <teapot_2.ppm>
   src_file <teapot_2.ppm>
   ref_file <data/ref_2.ppm>
> Compare (a)rendered:  <teapot_2.ppm>
>         (b)reference: <data/ref_2.ppm>
PPMvsPPM: comparing images size (512,512) epsilon(10), threshold(30%)
14.13(%) of bytes mismatched (count=148198)
  PASSED!
CUDA GL Post Processing(512 x 512): 0.1 fps
CheckFBO::readback() PBO->m_pImageData
> Saving PPM: <teapot_4.ppm>
   src_file <teapot_4.ppm>
   ref_file <data/ref_4.ppm>
> Compare (a)rendered:  <teapot_4.ppm>
>         (b)reference: <data/ref_4.ppm>
PPMvsPPM: comparing images size (512,512) epsilon(10), threshold(30%)
15.12(%) of bytes mismatched (count=158554)
  PASSED!
CUDA GL Post Processing(512 x 512): 0.0 fps
CheckFBO::readback() PBO->m_pImageData
> Saving PPM: <teapot_8.ppm>
   src_file <teapot_8.ppm>
   ref_file <data/ref_8.ppm>
> Compare (a)rendered:  <teapot_8.ppm>
>         (b)reference: <data/ref_8.ppm>
PPMvsPPM: comparing images size (512,512) epsilon(10), threshold(30%)
16.80(%) of bytes mismatched (count=176199)
  PASSED!
CUDA GL Post Processing(512 x 512): 0.0 fps
CheckFBO::readback() PBO->m_pImageData
> Saving PPM: <teapot_16.ppm>
   src_file <teapot_16.ppm>
   ref_file <data/ref_16.ppm>
> Compare (a)rendered:  <teapot_16.ppm>
>         (b)reference: <data/ref_16.ppm>
PPMvsPPM: comparing images size (512,512) epsilon(10), threshold(30%)
20.09(%) of bytes mismatched (count=210694)
  PASSED!
Summary: 0 errors!
Test PASSED!
==Ocelot Runtime== Open GL Buffer Error.
==Ocelot Runtime==  Never unregistered buffer 1
==Ocelot Runtime== Open GL Buffer Error.
==Ocelot Runtime==  Never unregistered buffer 2

INFO     
Passing tests:
 (9.065s) : /home/normal/checkout/gpuocelot/trunk/tests/cuda2.2/BicubicTexture : Passed
 (0.658s) : /home/normal/checkout/gpuocelot/trunk/tests/cuda2.2/AlignedTypes : Passed
 (2.256s) : /home/normal/checkout/gpuocelot/trunk/tests/cuda2.2/OceanFFT : Passed
 (7.206s) : /home/normal/checkout/gpuocelot/trunk/tests/cuda2.2/BoxFilter : Passed
 (0.052s) : /home/normal/checkout/gpuocelot/trunk/tests/cuda2.2/DeviceQuery : Passed
 (0.040s) : /home/normal/checkout/gpuocelot/trunk/tests/cuda2.2/SimpleVoteIntrinsics : Passed
 (0.133s) : /home/normal/checkout/gpuocelot/trunk/tests/cuda2.2/Clock : Passed
 (1.649s) : /home/normal/checkout/gpuocelot/trunk/tests/cuda2.2/SimpleTexture : Passed
 (1.515s) : /home/normal/checkout/gpuocelot/trunk/tests/cuda2.2/SimpleGL : Passed
 (0.042s) : /home/normal/checkout/gpuocelot/trunk/tests/cuda2.2/CppIntegration : Passed
 (27.995s) : /home/normal/checkout/gpuocelot/trunk/tests/cuda2.2/FluidsGL : Passed
 (1.004s) : /home/normal/checkout/gpuocelot/trunk/tests/cuda2.2/SimpleTexture3D : Passed
 (3.606s) : /home/normal/checkout/gpuocelot/trunk/tests/cuda2.2/ConvolutionFFT2D : Passed
 (8.481s) : /home/normal/checkout/gpuocelot/trunk/tests/cuda2.2/TransposeNew : Passed
 (5.894s) : /home/normal/checkout/gpuocelot/trunk/tests/cuda2.2/SimpleMultiGPU : Passed
 (20.012s) : /home/normal/checkout/gpuocelot/trunk/tests/cuda2.2/BlackScholes : Passed
 (1.443s) : /home/normal/checkout/gpuocelot/trunk/tests/cuda2.2/SimpleCUFFT : Passed
 (0.747s) : /home/normal/checkout/gpuocelot/trunk/tests/cuda2.2/ConvolutionSeparable : Passed
 (1.252s) : /home/normal/checkout/gpuocelot/trunk/tests/cuda2.2/BinomialOptions : Passed
 (1.740s) : /home/normal/checkout/gpuocelot/trunk/tests/cuda2.2/BandwidthTest : Passed
 (0.726s) : /home/normal/checkout/gpuocelot/trunk/tests/cuda2.2/SimpleZeroCopy : Passed
 (22.061s) : /home/normal/checkout/gpuocelot/trunk/tests/cuda2.2/SimpleCUBLAS : Passed
 (0.031s) : /home/normal/checkout/gpuocelot/trunk/tests/cuda2.2/SimpleAtomicIntrinsics : Passed
 (1.343s) : /home/normal/checkout/gpuocelot/trunk/tests/cuda2.2/ConvolutionTexture : Passed
 (9.867s) : /home/normal/checkout/gpuocelot/trunk/tests/cuda2.2/Nbody : Passed
 (584.098s) : /home/normal/checkout/gpuocelot/trunk/tests/cuda2.2/PostProcessGL : Passed
 (0.525s) : /home/normal/checkout/gpuocelot/trunk/tests/cuda2.2/Histogram64 : Passed
 (1.412s) : /home/normal/checkout/gpuocelot/trunk/tests/cuda2.2/SimpleStreams : Passed
 (34.733s) : /home/normal/checkout/gpuocelot/trunk/tests/cuda2.2/Eigenvalues : Passed
 (0.821s) : /home/normal/checkout/gpuocelot/trunk/tests/cuda2.2/Scan : Passed
 (0.960s) : /home/normal/checkout/gpuocelot/trunk/tests/cuda2.2/ScalarProd : Passed
 (12.116s) : /home/normal/checkout/gpuocelot/trunk/tests/cuda2.2/SobolQRNG : Passed
 (0.739s) : /home/normal/checkout/gpuocelot/trunk/tests/cuda2.2/ThreadFenceReduction : Passed
 (0.025s) : /home/normal/checkout/gpuocelot/trunk/tests/cuda2.2/Bitonic : Passed
 (88.846s) : /home/normal/checkout/gpuocelot/trunk/tests/cuda2.2/VolumeRender : Passed
 (52.714s) : /home/normal/checkout/gpuocelot/trunk/tests/cuda2.2/MersenneTwister : Passed
 (0.234s) : /home/normal/checkout/gpuocelot/trunk/tests/cuda2.2/ScanLargeArray : Passed
 (0.059s) : /home/normal/checkout/gpuocelot/trunk/tests/cuda2.2/Transpose : Passed
 (3.128s) : /home/normal/checkout/gpuocelot/trunk/tests/cuda2.2/SobelFilter : Passed
 (0.399s) : /home/normal/checkout/gpuocelot/trunk/tests/cuda2.2/FastWalshTransform : Passed
 (1.480s) : /home/normal/checkout/gpuocelot/trunk/tests/cuda2.2/Dxtc : Passed
 (23.504s) : /home/normal/checkout/gpuocelot/trunk/tests/cuda2.2/RecursiveGaussian : Passed
 (89.190s) : /home/normal/checkout/gpuocelot/trunk/tests/cuda2.2/MonteCarlo : Passed
 (0.416s) : /home/normal/checkout/gpuocelot/trunk/tests/cuda2.2/AsyncAPI : Passed
 (17.786s) : /home/normal/checkout/gpuocelot/trunk/tests/cuda2.2/Histogram256 : Passed
 (0.020s) : /home/normal/checkout/gpuocelot/trunk/tests/cuda2.2/Template : Passed
 (0.031s) : /home/normal/checkout/gpuocelot/trunk/tests/cuda2.2/SimpleTemplates : Passed
 (4.330s) : /home/normal/checkout/gpuocelot/trunk/tests/cuda2.2/Dct8x8 : Passed
 (18.807s) : /home/normal/checkout/gpuocelot/trunk/tests/cuda2.2/QuasirandomGenerator : Passed
 (19.305s) : /home/normal/checkout/gpuocelot/trunk/tests/cuda2.2/Reduction : Passed
 (6.671s) : /home/normal/checkout/gpuocelot/trunk/tests/cuda2.2/ImageDenoising : Passed
 (88.232s) : /home/normal/checkout/gpuocelot/trunk/tests/cuda2.2/MonteCarloMultiGPU : Passed
 (0.139s) : /home/normal/checkout/gpuocelot/trunk/tests/cuda2.2/DwtHaar1D : Passed
 (269.395s) : /home/normal/checkout/gpuocelot/trunk/tests/cuda2.2/Mandelbrot : Passed
 (0.063s) : /home/normal/checkout/gpuocelot/trunk/tests/cuda2.2/MatrixMul : Passed

Failing tests:

Non-Existent tests:

