INFO     Reading in test file /home/naila/projects/gpuocelot/branch/lynx/regression/basic.level
INFO      Found the following tests:
INFO       /home/naila/projects/gpuocelot/branch/lynx/.release_build/TestLexer
INFO       /home/naila/projects/gpuocelot/branch/lynx/.release_build/TestParser
INFO       /home/naila/projects/gpuocelot/branch/lynx/.release_build/TestEmulator
INFO       /home/naila/projects/gpuocelot/branch/lynx/.release_build/TestInstructions
INFO       /home/naila/projects/gpuocelot/branch/lynx/.release_build/TestKernels
INFO       /home/naila/projects/gpuocelot/branch/lynx/.release_build/TestDataflowGraph
INFO       /home/naila/projects/gpuocelot/branch/lynx/.release_build/TestLLVMInstructions
INFO       /home/naila/projects/gpuocelot/branch/lynx/.release_build/TestPTXToLLVMTranslator
INFO       /home/naila/projects/gpuocelot/branch/lynx/.release_build/TestLLVMKernels
INFO     ==== INDIVIDUAL TEST RESULTS ====

INFO     Running test program /home/naila/projects/gpuocelot/branch/lynx/.release_build/TestDataflowGraph -i ../tests/ptx 
INFO     Running test program /home/naila/projects/gpuocelot/branch/lynx/.release_build/TestInstructions 
INFO     Test /home/naila/projects/gpuocelot/branch/lynx/.release_build/TestDataflowGraph
INFO     Test completed in 0.014447927475 seconds
INFO      It produced the following output:
Pass/Fail : Pass


Name : TestDataflowGraph

Description: A test for the DataflowGraph class. Test Points: 1) 
             Generic: load PTX files, convert them into dataflow graphs, verify that 
             all live ranges spanning blocks are consistent. 2) SSA: convert to 
             ssa form, verify that no register is declared more than once. 3) 
             reverse SSA: convert to ssa then out of ssa, verify that all live 
             ranges spanning blocks are consistent.


Test Seed : 1315579784
Test time : 2.40803e-05

Status : Testing Generic Dataflow
 Test Passed
Testing SSA Dataflow
 Test Passed
Testing SSA then back Dataflow
 Test Passed



INFO     Running test program /home/naila/projects/gpuocelot/branch/lynx/.release_build/TestPTXToLLVMTranslator -i ../tests/ptx 
INFO     Test /home/naila/projects/gpuocelot/branch/lynx/.release_build/TestInstructions
INFO     Test completed in 0.018483877182 seconds
INFO      It produced the following output:
Pass/Fail : Pass


Name : TestInstructions

Description: 


Test Seed : 1315579784
Test time : 0.000848293

Status : Test output:
Accessors test passed.
pass: load and store instructions
Abs test passed.
pass: arithmetic instructions
pass: exotic arithmetic instructions
pass: floating-point instructions
pass: logical instructions
pass: comparison instructions
pass: predicated Add and Ld isntructions



INFO     Running test program /home/naila/projects/gpuocelot/branch/lynx/.release_build/TestLLVMKernels 
INFO     Test /home/naila/projects/gpuocelot/branch/lynx/.release_build/TestPTXToLLVMTranslator
INFO     Test completed in 0.0138809680939 seconds
INFO      It produced the following output:
Pass/Fail : Pass


Name : TestPTXToLLVMTranslator

Description: This is a basic test that just tries to get through a 
             translation successfully of as many PTX programs as possible Test 
             Points: 1) Scan for all PTX files in a directory, try to 
             translate them.


Test Seed : 1315579784
Test time : 2.47955e-05

Status : 


INFO     Running test program /home/naila/projects/gpuocelot/branch/lynx/.release_build/TestParser -i ../tests/ptx 
INFO     Test /home/naila/projects/gpuocelot/branch/lynx/.release_build/TestParser
INFO     Test completed in 0.0133218765259 seconds
INFO      It produced the following output:
Pass/Fail : Pass


Name : TestParser

Description: A test for the PTXParser class. Test Points: 1) Load a PTX file 
             and run it through the parser generating a module. Write the 
             module to an intermediate stream. Parse the stream again 
             generating a new module, compare both to make sure that they match.


Test Seed : 1315579784
Test time : 2.24113e-05

Status : 


INFO     Running test program /home/naila/projects/gpuocelot/branch/lynx/.release_build/TestEmulator 
INFO     Test /home/naila/projects/gpuocelot/branch/lynx/.release_build/TestEmulator
INFO     Test completed in 0.0178329944611 seconds
INFO      It produced the following output:
Pass/Fail : Pass


Name : TestEmulator

Description: 


Test Seed : 1315579784
Test time : 0.00504184

Status : Test output:
10 registers
Register test passed
Load test passed
Store test passed
no errors
Full kernel test passed



INFO     Running test program /home/naila/projects/gpuocelot/branch/lynx/.release_build/TestKernels 
INFO     Test /home/naila/projects/gpuocelot/branch/lynx/.release_build/TestLLVMKernels
INFO     Test completed in 0.0809559822083 seconds
INFO      It produced the following output:
Pass/Fail : Pass


Name : TestLLVMKernels

Description: A unit test for the LLVM executive runtime. Test Points: 1) 
             Execute a kernel with a loop. 2) Execute a matrix multiply kernel.


Test Seed : 1315579784
Test time : 0.0660689

Status : A = [
 1 0 0 0 0 0 0 0 ;
 0.5 1 0 0 0 0 0 0 ;
 0.333333 0.5 1 0 0 0 0 0 ;
 0.25 0.333333 0.5 1 0 0 0 0 ;
 0.2 0.25 0.333333 0.5 1 0 0 0 ;
 0.166667 0.2 0.25 0.333333 0.5 1 0 0 ;
 0.142857 0.166667 0.2 0.25 0.333333 0.5 1 0 ;
 0.125 0.142857 0.166667 0.2 0.25 0.333333 0.5 1 ;
];
V = [
 1 ;
 2 ;
 3 ;
 4 ;
 5 ;
 6 ;
 7 ;
 8 ;
];
R = [
 1 ;
 2.5 ;
 4.33333 ;
 6.41667 ;
 8.7 ;
 11.15 ;
 13.7429 ;
 16.4607 ;
];



INFO     Test /home/naila/projects/gpuocelot/branch/lynx/.release_build/TestKernels
INFO     Test completed in 0.0369439125061 seconds
INFO      It produced the following output:
Pass/Fail : Pass


Name : TestKernels

Description: 


Test Seed : 1315579784
Test time : 0.0191653

Status : Test output:
looping kernel succeeded
matrix vector kernel succeeded



INFO     Running test program /home/naila/projects/gpuocelot/branch/lynx/.release_build/TestLexer -i ../tests/ptx 
INFO     Running test program /home/naila/projects/gpuocelot/branch/lynx/.release_build/TestLLVMInstructions 
INFO     Test /home/naila/projects/gpuocelot/branch/lynx/.release_build/TestLexer
INFO     Test completed in 0.0137088298798 seconds
INFO      It produced the following output:
Pass/Fail : Pass


Name : TestLexer

Description: Tests for the PTX lexer. Test Point 1: Scan a PTX file and 
             write out a temp stream, scan the stream again and make sure that the 
             two sets of tokens match


Test Seed : 1315579784
Test time : 2.09808e-05

Status : 


INFO     Test /home/naila/projects/gpuocelot/branch/lynx/.release_build/TestLLVMInstructions
INFO     Test completed in 0.01646900177 seconds
INFO      It produced the following output:
Pass/Fail : Pass


Name : TestLLVMInstructions

Description: A test for the assembly code generation and automatic 
             verfication of individual LLVM instructions. Test Points: 1) For each 
             instruction, generate several assembly strings using the 
             instruction's toString method, make sure that these pass the valid() 
             check, compare to references from the LLVM manual.


Test Seed : 1315579784
Test time : 0.00110722

Status :  Checked instruction "<result> = add i32 4, %var"
Add Instruction Passed
 Checked instruction "%ptr = alloca i32"
 Checked instruction "%ptr = alloca i32, i32 4"
 Checked instruction "%ptr = alloca i32, i32 4, align 1024"
 Checked instruction "%ptr = alloca i32, align 1024"
Alloca Instruction Passed
 Checked instruction "<result> = and i32 4, %var"
 Checked instruction "<result> = and i32 15, 40"
 Checked instruction "<result> = and i32 4, 8"
And Instruction Passed
 Checked instruction "<result> = ashr i32 4, 1"
 Checked instruction "<result> = ashr i8 -2, 1"
 Checked instruction "<result> = ashr < 2 x i32 > < i32 -2, i32 4 >, < i32 1, i32 3 >"
Ashr Instruction Passed
 Checked instruction "%X = bitcast i8 -1 to i8"
 Checked instruction "%Z = bitcast < 2 x i32 > %V to i64"
Bitcast Instruction Passed
 Checked instruction "br i1 %cond, label %IfEqual, label %IfUnequal"
Br Instruction Passed
 Checked instruction "%retval = call i32 @test(i32 %argc)"
 Checked instruction "call i32 (i8*, ...)* @printf(i8* %msg, i32 12, i8 42)"
 Checked instruction "%X = tail call i32 @foo()"
 Checked instruction "%Y = tail call fastcc i32 @foo()"
 Checked instruction "call void @foo(i8 97 signext)"
 Checked instruction "%r = call %struct.A @foo()"
 Checked instruction "call void @foo() noreturn"
 Checked instruction "%ZZ = call zeroext i32 @bar()"
Call Instruction Passed
 Checked instruction "%result = extractelement < 4 x i32 > %vec, i32 0"
Extractelement Instruction Passed
 Checked instruction "%result = extractvalue { i32, float } %agg, 0"
Extractvalue Instruction Passed
 Checked instruction "<result> = fadd float 0x4010000000000000, %var"
Fadd Instruction Passed
 Checked instruction "<result> = fcmp oeq float 0x4010000000000000, 0x4014000000000000"
 Checked instruction "<result> = fcmp one float 0x4010000000000000, 0x4014000000000000"
 Checked instruction "<result> = fcmp olt float 0x4010000000000000, 0x4014000000000000"
 Checked instruction "<result> = fcmp ueq float 0x3ff0000000000000, 0x4000000000000000"
Fcmp Instruction Passed
 Checked instruction "<result> = fdiv float 0x4010000000000000, %var"
Fdiv Instruction Passed
 Checked instruction "<result> = fmul float 0x4010000000000000, %var"
Fmul Instruction Passed
 Checked instruction "%X = fpext float 0x400921cac0000000 to double"
 Checked instruction "%Y = fpext float 0x3ff0000000000000 to float"
Fpext Instruction Passed
 Checked instruction "%X = fptosi double 0xc05ec00000000000 to i32"
Fptosi Instruction Passed
 Checked instruction "%X = fptoui double 0x405ec00000000000 to i32"
Fptoui Instruction Passed
 Checked instruction "%X = fptrunc double 0x405ec00000000000 to float"
Fptrunc Instruction Passed
 Checked instruction "free [ 4 x i8 ]* %array"
Free Instruction Passed
 Checked instruction "<result> = frem float 0x4010000000000000, %var"
Frem Instruction Passed
 Checked instruction "<result> = fsub float 0x0, %val"
Fsub Instruction Passed
 Checked instruction "%vptr = getelementptr { i32, < 2 x i8 > }* %svptr, i32 0, i32 1, i32 1"
 Checked instruction "%eptr = getelementptr [ 12 x i8 ]* %aptr, i32 0, i32 1"
Getelementptr Instruction Passed
 Checked instruction "<result> = icmp ne float* %X, %X"
Icmp Instruction Passed
 Checked instruction "%result = insertelement < 4 x i32 > %vec, i32 1, i32 0"
Insertelement Instruction Passed
 Checked instruction "%result = insertvalue { i32, float } %agg, i32 1, 0"
Insertvalue Instruction Passed
 Checked instruction "%Y = inttoptr i64 0 to i32*"
Inttoptr Instruction Passed
 Checked instruction "%retval = invoke i32 @Test(i32 15) to label %Continue unwind label %TestCleanup"
Invoke Instruction Passed
 Checked instruction "%val = load i32* %ptr"
Load Instruction Passed
 Checked instruction "<result> = lshr i8 -2, 1"
Lshr Instruction Passed
 Checked instruction "%array2 = malloc [ 12 x i8 ], i32 %size"
Malloc Instruction Passed
 Checked instruction "<result> = mul i32 4, %var"
Mul Instruction Passed
 Checked instruction "<result> = or i32 15, 40"
Or Instruction Passed
 Checked instruction "%indvar = phi i32 [ 0, %LoopHeader ], [ %nextindvar, %Loop ]"
Phi Instruction Passed
 Checked instruction "%Y = ptrtoint i32* %x to i64"
Prtoint Instruction Passed
 Checked instruction "ret void"
Ret Instruction Passed
 Checked instruction "<result> = sdiv i32 4, %var"
Sdiv Instruction Passed
 Checked instruction "%X = select i1 1, i8 17, i8 42"
Select Instruction Passed
 Checked instruction "%X = sext i8 -1 to i16"
Sext Instruction Passed
 Checked instruction "<result> = shl i32 1, 32"
Shl Instruction Passed
 Checked instruction "%result = shufflevector < 4 x i32 > %v1, < 4 x i32 > %v2, < 8 x i32 > < i32 0, i32 1, i32 2, i32 3, i32 4, i32 5, i32 6, i32 7 >"
ShuffleVector Instruction Passed
 Checked instruction "%X = sitofp i32 257 to float"
Sitofp Instruction Passed
 Checked instruction "<result> = srem i32 4, %var"
Srem Instruction Passed
 Checked instruction "store i32 3, i32* %ptr"
Store Instruction Passed
 Checked instruction "<result> = sub i32 4, %var"
Sub Instruction Passed
 Checked instruction "switch i32 %val, label %otherwise [ i32 0, label %onzero i32 1, label %onone i32 2, label %ontwo ]"
Switch Instruction Passed
 Checked instruction "%Y = trunc i32 123 to i1"
Trunc Instruction Passed
 Checked instruction "<result> = udiv i32 4, %var"
Udiv Instruction Passed
 Checked instruction "%Y = uitofp i8 -1 to double"
Uitofp Instruction Passed
 Checked instruction "unreachable"
Unreachable Instruction Passed
 Checked instruction "unwind"
Unwind Instruction Passed
 Checked instruction "<result> = urem i32 4, %var"
Urem Instruction Passed
 Checked instruction "%tmp = va_arg i8** %ap, i32"
VarArg Instruction Passed
 Checked instruction "<result> = xor i32 -1, %V"
Xor Instruction Passed
 Checked instruction "%X = zext i32 257 to i64"
Zext Instruction Passed



INFO     
Passing tests:
 (0.014s) : /home/naila/projects/gpuocelot/branch/lynx/.release_build/TestPTXToLLVMTranslator : Passed
 (0.014s) : /home/naila/projects/gpuocelot/branch/lynx/.release_build/TestDataflowGraph : Passed
 (0.013s) : /home/naila/projects/gpuocelot/branch/lynx/.release_build/TestParser : Passed
 (0.037s) : /home/naila/projects/gpuocelot/branch/lynx/.release_build/TestKernels : Passed
 (0.018s) : /home/naila/projects/gpuocelot/branch/lynx/.release_build/TestEmulator : Passed
 (0.016s) : /home/naila/projects/gpuocelot/branch/lynx/.release_build/TestLLVMInstructions : Passed
 (0.081s) : /home/naila/projects/gpuocelot/branch/lynx/.release_build/TestLLVMKernels : Passed
 (0.018s) : /home/naila/projects/gpuocelot/branch/lynx/.release_build/TestInstructions : Passed
 (0.014s) : /home/naila/projects/gpuocelot/branch/lynx/.release_build/TestLexer : Passed

