INFO     Reading in test file /home/normal/checkout/gpuocelot/branches/scons/regression/full.level
INFO      Found the following tests:
INFO       /home/normal/checkout/gpuocelot/branches/scons/.debug_build/TestLexer
INFO       /home/normal/checkout/gpuocelot/branches/scons/.debug_build/TestParser
INFO       /home/normal/checkout/gpuocelot/branches/scons/.debug_build/TestEmulator
INFO       /home/normal/checkout/gpuocelot/branches/scons/.debug_build/TestInstructions
INFO       /home/normal/checkout/gpuocelot/branches/scons/.debug_build/TestKernels
INFO       /home/normal/checkout/gpuocelot/branches/scons/.debug_build/TestDataflowGraph
INFO       /home/normal/checkout/gpuocelot/branches/scons/.debug_build/TestLLVMInstructions
INFO       /home/normal/checkout/gpuocelot/branches/scons/.debug_build/TestPTXToLLVMTranslator
INFO       /home/normal/checkout/gpuocelot/branches/scons/.debug_build/TestLLVMKernels
INFO       /home/normal/checkout/gpuocelot/branches/scons/.debug_build/TestCudaMalloc
INFO       /home/normal/checkout/gpuocelot/branches/scons/.debug_build/TestCudaTexture2D
INFO       /home/normal/checkout/gpuocelot/branches/scons/.debug_build/TestCudaTextureArray
INFO       /home/normal/checkout/gpuocelot/branches/scons/.debug_build/TestCudaGlobals
INFO       /home/normal/checkout/gpuocelot/branches/scons/.debug_build/TestDeviceSwitching
INFO       /home/normal/checkout/gpuocelot/branches/scons/.debug_build/TestCudaSequence
INFO       /home/normal/checkout/gpuocelot/branches/scons/.debug_build/TestCalVectorScale
INFO       /home/normal/checkout/gpuocelot/branches/scons/.debug_build/TestPTXAssembly
INFO       /home/normal/checkout/gpuocelot/branches/scons/.debug_build/TestFunctionCall
INFO       /home/normal/checkout/gpuocelot/branches/scons/.debug_build/TestIndirectFunctionCall
INFO     ==== INDIVIDUAL TEST RESULTS ====

INFO     Running test program /home/normal/checkout/gpuocelot/branches/scons/.debug_build/TestLLVMInstructions 
INFO     Running test program /home/normal/checkout/gpuocelot/branches/scons/.debug_build/TestPTXToLLVMTranslator -i ../../tests/ptx 
INFO     Test /home/normal/checkout/gpuocelot/branches/scons/.debug_build/TestLLVMInstructions
INFO     Test completed in 0.277271986008 seconds
INFO      It produced the following output:
Pass/Fail : Pass


Name : TestLLVMInstructions

Description: A test for the assembly code generation and automatic 
             verfication of individual LLVM instructions. Test Points: 1) For each 
             instruction, generate several assembly strings using the 
             instruction's toString method, make sure that these pass the valid() 
             check, compare to references from the LLVM manual.


Test Seed : 1300360932
Test time : 0.00817204

Status :  Checked instruction "<result> = add i32 4, %var"
Add Instruction Passed
 Checked instruction "%ptr = alloca i32"
 Checked instruction "%ptr = alloca i32, i32 4"
 Checked instruction "%ptr = alloca i32, i32 4, align 1024"
 Checked instruction "%ptr = alloca i32, align 1024"
Alloca Instruction Passed
 Checked instruction "<result> = and i32 4, %var"
 Checked instruction "<result> = and i32 15, 40"
 Checked instruction "<result> = and i32 4, 8"
And Instruction Passed
 Checked instruction "<result> = ashr i32 4, 1"
 Checked instruction "<result> = ashr i8 -2, 1"
 Checked instruction "<result> = ashr < 2 x i32 > < i32 -2, i32 4 >, < i32 1, i32 3 >"
Ashr Instruction Passed
 Checked instruction "%X = bitcast i8 -1 to i8"
 Checked instruction "%Z = bitcast < 2 x i32 > %V to i64"
Bitcast Instruction Passed
 Checked instruction "br i1 %cond, label %IfEqual, label %IfUnequal"
Br Instruction Passed
 Checked instruction "%retval = call i32 @test(i32 %argc)"
 Checked instruction "call i32 (i8*, ...)* @printf(i8* %msg, i32 12, i8 42)"
 Checked instruction "%X = tail call i32 @foo()"
 Checked instruction "%Y = tail call fastcc i32 @foo()"
 Checked instruction "call void @foo(i8 97 signext)"
 Checked instruction "%r = call %struct.A @foo()"
 Checked instruction "call void @foo() noreturn"
 Checked instruction "%ZZ = call zeroext i32 @bar()"
Call Instruction Passed
 Checked instruction "%result = extractelement < 4 x i32 > %vec, i32 0"
Extractelement Instruction Passed
 Checked instruction "%result = extractvalue { i32, float } %agg, 0"
Extractvalue Instruction Passed
 Checked instruction "<result> = fadd float 0x4010000000000000, %var"
Fadd Instruction Passed
 Checked instruction "<result> = fcmp oeq float 0x4010000000000000, 0x4014000000000000"
 Checked instruction "<result> = fcmp one float 0x4010000000000000, 0x4014000000000000"
 Checked instruction "<result> = fcmp olt float 0x4010000000000000, 0x4014000000000000"
 Checked instruction "<result> = fcmp ueq float 0x3ff0000000000000, 0x4000000000000000"
Fcmp Instruction Passed
 Checked instruction "<result> = fdiv float 0x4010000000000000, %var"
Fdiv Instruction Passed
 Checked instruction "<result> = fmul float 0x4010000000000000, %var"
Fmul Instruction Passed
 Checked instruction "%X = fpext float 0x400921cac0000000 to double"
 Checked instruction "%Y = fpext float 0x3ff0000000000000 to float"
Fpext Instruction Passed
 Checked instruction "%X = fptosi double 0xc05ec00000000000 to i32"
Fptosi Instruction Passed
 Checked instruction "%X = fptoui double 0x405ec00000000000 to i32"
Fptoui Instruction Passed
 Checked instruction "%X = fptrunc double 0x405ec00000000000 to float"
Fptrunc Instruction Passed
 Checked instruction "free [ 4 x i8 ]* %array"
Free Instruction Passed
 Checked instruction "<result> = frem float 0x4010000000000000, %var"
Frem Instruction Passed
 Checked instruction "<result> = fsub float 0x0, %val"
Fsub Instruction Passed
 Checked instruction "%vptr = getelementptr { i32, < 2 x i8 > }* %svptr, i32 0, i32 1, i32 1"
 Checked instruction "%eptr = getelementptr [ 12 x i8 ]* %aptr, i32 0, i32 1"
Getelementptr Instruction Passed
 Checked instruction "<result> = icmp ne float* %X, %X"
Icmp Instruction Passed
 Checked instruction "%result = insertelement < 4 x i32 > %vec, i32 1, i32 0"
Insertelement Instruction Passed
 Checked instruction "%result = insertvalue { i32, float } %agg, i32 1, 0"
Insertvalue Instruction Passed
 Checked instruction "%Y = inttoptr i64 0 to i32*"
Inttoptr Instruction Passed
 Checked instruction "%retval = invoke i32 @Test(i32 15) to label %Continue unwind label %TestCleanup"
Invoke Instruction Passed
 Checked instruction "%val = load i32* %ptr"
Load Instruction Passed
 Checked instruction "<result> = lshr i8 -2, 1"
Lshr Instruction Passed
 Checked instruction "%array2 = malloc [ 12 x i8 ], i32 %size"
Malloc Instruction Passed
 Checked instruction "<result> = mul i32 4, %var"
Mul Instruction Passed
 Checked instruction "<result> = or i32 15, 40"
Or Instruction Passed
 Checked instruction "%indvar = phi i32 [ 0, %LoopHeader ], [ %nextindvar, %Loop ]"
Phi Instruction Passed
 Checked instruction "%Y = ptrtoint i32* %x to i64"
Prtoint Instruction Passed
 Checked instruction "ret void"
Ret Instruction Passed
 Checked instruction "<result> = sdiv i32 4, %var"
Sdiv Instruction Passed
 Checked instruction "%X = select i1 1, i8 17, i8 42"
Select Instruction Passed
 Checked instruction "%X = sext i8 -1 to i16"
Sext Instruction Passed
 Checked instruction "<result> = shl i32 1, 32"
Shl Instruction Passed
 Checked instruction "%result = shufflevector < 4 x i32 > %v1, < 4 x i32 > %v2, < 8 x i32 > < i32 0, i32 1, i32 2, i32 3, i32 4, i32 5, i32 6, i32 7 >"
ShuffleVector Instruction Passed
 Checked instruction "%X = sitofp i32 257 to float"
Sitofp Instruction Passed
 Checked instruction "<result> = srem i32 4, %var"
Srem Instruction Passed
 Checked instruction "store i32 3, i32* %ptr"
Store Instruction Passed
 Checked instruction "<result> = sub i32 4, %var"
Sub Instruction Passed
 Checked instruction "switch i32 %val, label %otherwise [ i32 0, label %onzero i32 1, label %onone i32 2, label %ontwo ]"
Switch Instruction Passed
 Checked instruction "%Y = trunc i32 123 to i1"
Trunc Instruction Passed
 Checked instruction "<result> = udiv i32 4, %var"
Udiv Instruction Passed
 Checked instruction "%Y = uitofp i8 -1 to double"
Uitofp Instruction Passed
 Checked instruction "unreachable"
Unreachable Instruction Passed
 Checked instruction "unwind"
Unwind Instruction Passed
 Checked instruction "<result> = urem i32 4, %var"
Urem Instruction Passed
 Checked instruction "%tmp = va_arg i8** %ap, i32"
VarArg Instruction Passed
 Checked instruction "<result> = xor i32 -1, %V"
Xor Instruction Passed
 Checked instruction "%X = zext i32 257 to i64"
Zext Instruction Passed



INFO     Running test program /home/normal/checkout/gpuocelot/branches/scons/.debug_build/TestLLVMKernels 
INFO     Test /home/normal/checkout/gpuocelot/branches/scons/.debug_build/TestLLVMKernels
INFO     Test completed in 1.61477994919 seconds
INFO      It produced the following output:
Pass/Fail : Pass


Name : TestLLVMKernels

Description: A unit test for the LLVM executive runtime. Test Points: 1) 
             Execute a kernel with a loop. 2) Execute a matrix multiply kernel.


Test Seed : 1300360932
Test time : 1.43052

Status : A = [
 1 0 0 0 0 0 0 0 ;
 0.5 1 0 0 0 0 0 0 ;
 0.333333 0.5 1 0 0 0 0 0 ;
 0.25 0.333333 0.5 1 0 0 0 0 ;
 0.2 0.25 0.333333 0.5 1 0 0 0 ;
 0.166667 0.2 0.25 0.333333 0.5 1 0 0 ;
 0.142857 0.166667 0.2 0.25 0.333333 0.5 1 0 ;
 0.125 0.142857 0.166667 0.2 0.25 0.333333 0.5 1 ;
];
V = [
 1 ;
 2 ;
 3 ;
 4 ;
 5 ;
 6 ;
 7 ;
 8 ;
];
R = [
 1 ;
 2.5 ;
 4.33333 ;
 6.41667 ;
 8.7 ;
 11.15 ;
 13.7429 ;
 16.4607 ;
];



INFO     Running test program /home/normal/checkout/gpuocelot/branches/scons/.debug_build/TestCudaMalloc 
INFO     Test /home/normal/checkout/gpuocelot/branches/scons/.debug_build/TestCudaMalloc
INFO     Test completed in 2.04957818985 seconds
INFO      It produced the following output:
test_malloc(256, 128)
PASSED
test_mallocArray(256, 128)
checking results from last cudaMemcpyFromArray
PASSED
[1] mallocing pitch
[2] memcpying2d
[3] memcpying
[4] checking for errors
[5] mallocing
[6] memcpying
[7] memcpying
[8] final free
Pass/Fail : Pass

INFO     Running test program /home/normal/checkout/gpuocelot/branches/scons/.debug_build/TestParser -i ../../tests/ptx 
INFO     Test /home/normal/checkout/gpuocelot/branches/scons/.debug_build/TestParser
INFO     Test completed in 425.46617198 seconds
INFO      It produced the following output:
Pass/Fail : Pass


Name : TestParser

Description: A test for the PTXParser class. Test Points: 1) Load a PTX file 
             and run it through the parser generating a module. Write the 
             module to an intermediate stream. Parse the stream again 
             generating a new module, compare both to make sure that they match.


Test Seed : 1300360936
Test time : 425.219

Status : For file ../../tests/ptx/thrust/Unique.ptx, Test Point 1 (Parse): Passed
For file ../../tests/ptx/thrust/Sort.ptx, Test Point 1 (Parse): Passed
For file ../../tests/ptx/sdk2.2/histogram256_SM10.ptx, Test Point 1 (Parse): Passed
For file ../../tests/ptx/sdk2.2/dct8x8.ptx, Test Point 1 (Parse): Passed
For file ../../tests/ptx/sdk2.2/histogram64.ptx, Test Point 1 (Parse): Passed
For file ../../tests/ptx/sdk2.2/simpleAtomicIntrinsics.ptx, Test Point 1 (Parse): Passed
For file ../../tests/ptx/sdk2.2/scan_best_kernel.ptx, Test Point 1 (Parse): Passed
For file ../../tests/ptx/sdk2.2/dct8x8_kernel_quantization.ptx, Test Point 1 (Parse): Passed
For file ../../tests/ptx/sdk2.2/bodysystemcuda.ptx, Test Point 1 (Parse): Passed
For file ../../tests/ptx/sdk2.2/reduction_kernel_sm10.ptx, Test Point 1 (Parse): Passed
For file ../../tests/ptx/sdk2.2/reduction_kernel_sm13.ptx, Test Point 1 (Parse): Passed
For file ../../tests/ptx/sdk2.2/particles_kernel.ptx, Test Point 1 (Parse): Passed
For file ../../tests/ptx/sdk2.2/scanLargeArray_kernel.ptx, Test Point 1 (Parse): Passed
For file ../../tests/ptx/sdk2.2/simpleAtomicIntrinsics_kernel.ptx, Test Point 1 (Parse): Passed
For file ../../tests/ptx/sdk2.2/reduction_kernel.ptx, Test Point 1 (Parse): Passed
For file ../../tests/ptx/sdk2.2/simpleZeroCopy.ptx, Test Point 1 (Parse): Passed
For file ../../tests/ptx/sdk2.2/scanLargeArray.ptx, Test Point 1 (Parse): Passed
For file ../../tests/ptx/sdk2.2/bisect_kernel_large_onei.ptx, Test Point 1 (Parse): Passed
For file ../../tests/ptx/sdk2.2/BlackScholes.ptx, Test Point 1 (Parse): Passed
For file ../../tests/ptx/sdk2.2/convolutionTexture.ptx, Test Point 1 (Parse): Passed
For file ../../tests/ptx/sdk2.2/simpleTexture3D_kernel.ptx, Test Point 1 (Parse): Passed
For file ../../tests/ptx/sdk2.2/dwtHaar1D.ptx, Test Point 1 (Parse): Passed
For file ../../tests/ptx/sdk2.2/simpleTexture_kernel.ptx, Test Point 1 (Parse): Passed
For file ../../tests/ptx/sdk2.2/matrixMul.ptx, Test Point 1 (Parse): Passed
For file ../../tests/ptx/sdk2.2/postProcessGL.ptx, Test Point 1 (Parse): Passed
For file ../../tests/ptx/sdk2.2/simpleCUFFT.ptx, Test Point 1 (Parse): Passed
For file ../../tests/ptx/sdk2.2/bisect_kernel_large.ptx, Test Point 1 (Parse): Passed
For file ../../tests/ptx/sdk2.2/clock_kernel.ptx, Test Point 1 (Parse): Passed
For file ../../tests/ptx/sdk2.2/dxtc.ptx, Test Point 1 (Parse): Passed
For file ../../tests/ptx/sdk2.2/oceanFFT_kernel.ptx, Test Point 1 (Parse): Passed
For file ../../tests/ptx/sdk2.2/imageDenoising.ptx, Test Point 1 (Parse): Passed
For file ../../tests/ptx/sdk2.2/main.ptx, Test Point 1 (Parse): Passed
For file ../../tests/ptx/sdk2.2/histogram256_SM12.ptx, Test Point 1 (Parse): Passed
For file ../../tests/ptx/sdk2.2/Mandelbrot_sm10.ptx, Test Point 1 (Parse): Passed
For file ../../tests/ptx/sdk2.2/simpleVoteIntrinsics.ptx, Test Point 1 (Parse): Passed
For file ../../tests/ptx/sdk2.2/bisect_util.ptx, Test Point 1 (Parse): Passed
For file ../../tests/ptx/sdk2.2/bisect_small.ptx, Test Point 1 (Parse): Passed
For file ../../tests/ptx/sdk2.2/threadFenceReduction_kernel.ptx, Test Point 1 (Parse): Passed
For file ../../tests/ptx/sdk2.2/transposeNew.ptx, Test Point 1 (Parse): Passed
For file ../../tests/ptx/sdk2.2/dct8x8_kernel_short.ptx, Test Point 1 (Parse): Passed
For file ../../tests/ptx/sdk2.2/bitonic.ptx, Test Point 1 (Parse): Passed
For file ../../tests/ptx/sdk2.2/boxFilter_kernel.ptx, Test Point 1 (Parse): Passed
For file ../../tests/ptx/sdk2.2/binomialOptions_SM10.ptx, Test Point 1 (Parse): Passed
For file ../../tests/ptx/sdk2.2/cppIntegration_kernel.ptx, Test Point 1 (Parse): Passed
For file ../../tests/ptx/sdk2.2/dct8x8_kernel2.ptx, Test Point 1 (Parse): Passed
For file ../../tests/ptx/sdk2.2/asyncAPI.ptx, Test Point 1 (Parse): Passed
For file ../../tests/ptx/sdk2.2/bisect_kernel_large_multi.ptx, Test Point 1 (Parse): Passed
For file ../../tests/ptx/sdk2.2/convolutionSeparable.ptx, Test Point 1 (Parse): Passed
For file ../../tests/ptx/sdk2.2/convolutionTexture_kernel.ptx, Test Point 1 (Parse): Passed
For file ../../tests/ptx/sdk2.2/recursiveGaussian_kernel.ptx, Test Point 1 (Parse): Passed
For file ../../tests/ptx/sdk2.2/histogram256_SM11.ptx, Test Point 1 (Parse): Passed
For file ../../tests/ptx/sdk2.2/quasirandomGenerator_SM13.ptx, Test Point 1 (Parse): Passed
For file ../../tests/ptx/sdk2.2/bisect_kernel_small.ptx, Test Point 1 (Parse): Passed
For file ../../tests/ptx/sdk2.2/convolutionFFT2D.ptx, Test Point 1 (Parse): Passed
For file ../../tests/ptx/sdk2.2/reduction.ptx, Test Point 1 (Parse): Passed
For file ../../tests/ptx/sdk2.2/scan.ptx, Test Point 1 (Parse): Passed
For file ../../tests/ptx/sdk2.2/bisect_large.ptx, Test Point 1 (Parse): Passed
For file ../../tests/ptx/sdk2.2/sobol_gpu.ptx, Test Point 1 (Parse): Passed
For file ../../tests/ptx/sdk2.2/scalarProd.ptx, Test Point 1 (Parse): Passed
For file ../../tests/ptx/sdk2.2/simpleTemplates.ptx, Test Point 1 (Parse): Passed
For file ../../tests/ptx/sdk2.2/simpleGL_kernel.ptx, Test Point 1 (Parse): Passed
For file ../../tests/ptx/sdk2.2/clock.ptx, Test Point 1 (Parse): Passed
For file ../../tests/ptx/sdk2.2/bicubicTexture.ptx, Test Point 1 (Parse): Passed
For file ../../tests/ptx/sdk2.2/scalarProd_kernel.ptx, Test Point 1 (Parse): Passed
For file ../../tests/ptx/sdk2.2/recursiveGaussian.ptx, Test Point 1 (Parse): Passed
For file ../../tests/ptx/sdk2.2/SobelFilter_kernels.ptx, Test Point 1 (Parse): Passed
For file ../../tests/ptx/sdk2.2/binomialOptions_SM13.ptx, Test Point 1 (Parse): Passed
For file ../../tests/ptx/sdk2.2/simpleStreams.ptx, Test Point 1 (Parse): Passed
For file ../../tests/ptx/sdk2.2/threadFenceReduction.ptx, Test Point 1 (Parse): Passed
For file ../../tests/ptx/sdk2.2/quasirandomGenerator_SM10.ptx, Test Point 1 (Parse): Passed
For file ../../tests/ptx/sdk2.2/template.ptx, Test Point 1 (Parse): Passed
For file ../../tests/ptx/sdk2.2/volumeRender_kernel.ptx, Test Point 1 (Parse): Passed
For file ../../tests/ptx/sdk2.2/fluidsGL.ptx, Test Point 1 (Parse): Passed
For file ../../tests/ptx/sdk2.2/cppIntegration.ptx, Test Point 1 (Parse): Passed
For file ../../tests/ptx/sdk2.2/Mandelbrot_sm13.ptx, Test Point 1 (Parse): Passed
For file ../../tests/ptx/sdk2.2/bandwidthTest.ptx, Test Point 1 (Parse): Passed
For file ../../tests/ptx/sdk2.2/simpleVote_kernel.ptx, Test Point 1 (Parse): Passed
For file ../../tests/ptx/sdk2.2/tests.ptx, Test Point 1 (Parse): Passed
For file ../../tests/ptx/sdk2.2/simpleMultiGPU_kernel.ptx, Test Point 1 (Parse): Passed
For file ../../tests/ptx/sdk2.2/MersenneTwister.ptx, Test Point 1 (Parse): Passed
For file ../../tests/ptx/sdk2.2/Mandelbrot_kernel.ptx, Test Point 1 (Parse): Passed
For file ../../tests/ptx/sdk2.2/particleSystem.ptx, Test Point 1 (Parse): Passed
For file ../../tests/ptx/sdk2.2/bitonic_kernel.ptx, Test Point 1 (Parse): Passed
For file ../../tests/ptx/sdk2.2/radixsort_kernel.ptx, Test Point 1 (Parse): Passed
For file ../../tests/ptx/sdk2.2/scan_workefficient_kernel.ptx, Test Point 1 (Parse): Passed
For file ../../tests/ptx/sdk2.2/fastWalshTransform.ptx, Test Point 1 (Parse): Passed
For file ../../tests/ptx/sdk2.2/radixsort.ptx, Test Point 1 (Parse): Passed
For file ../../tests/ptx/sdk2.2/simpleTexture.ptx, Test Point 1 (Parse): Passed
For file ../../tests/ptx/sdk2.2/nbody_kernel.ptx, Test Point 1 (Parse): Passed
For file ../../tests/ptx/sdk2.2/MonteCarlo_SM13.ptx, Test Point 1 (Parse): Passed
For file ../../tests/ptx/sdk2.2/matrixMul_kernel.ptx, Test Point 1 (Parse): Passed
For file ../../tests/ptx/sdk2.2/scan_naive_kernel.ptx, Test Point 1 (Parse): Passed
For file ../../tests/ptx/sdk2.2/convolutionSeparable_kernel.ptx, Test Point 1 (Parse): Passed
For file ../../tests/ptx/sdk2.2/simpleTemplates_kernel.ptx, Test Point 1 (Parse): Passed
For file ../../tests/ptx/sdk2.2/MonteCarlo_SM10.ptx, Test Point 1 (Parse): Passed
For file ../../tests/ptx/synthetic/barrier-deadlock.ptx, Test Point 1 (Parse): Passed
For file ../../tests/ptx/synthetic/texture.ptx, Test Point 1 (Parse): Passed
For file ../../tests/ptx/synthetic/saxpy.ptx, Test Point 1 (Parse): Passed
For file ../../tests/ptx/synthetic/barrier-deadlock-optimized.ptx, Test Point 1 (Parse): Passed
For file ../../tests/ptx/synthetic/sequence2.ptx, Test Point 1 (Parse): Passed
For file ../../tests/ptx/synthetic/generic.ptx, Test Point 1 (Parse): Passed



INFO     Running test program /home/normal/checkout/gpuocelot/branches/scons/.debug_build/TestCudaTexture2D 
INFO     Test /home/normal/checkout/gpuocelot/branches/scons/.debug_build/TestCudaTexture2D
INFO     Test completed in 0.78756403923 seconds
INFO      It produced the following output:
Pass/Fail : Pass

INFO     Running test program /home/normal/checkout/gpuocelot/branches/scons/.debug_build/TestCudaTextureArray 
INFO     Test /home/normal/checkout/gpuocelot/branches/scons/.debug_build/TestCudaTextureArray
INFO     Test completed in 0.823934078217 seconds
INFO      It produced the following output:
Pass/Fail : Pass

INFO     Running test program /home/normal/checkout/gpuocelot/branches/scons/.debug_build/TestEmulator 
INFO     Test /home/normal/checkout/gpuocelot/branches/scons/.debug_build/TestEmulator
INFO     Test completed in 0.263995885849 seconds
INFO      It produced the following output:
Pass/Fail : Pass


Name : TestEmulator

Description: 


Test Seed : 1300361363
Test time : 0.0739503

Status : Test output:
10 registers
Register test passed
Load test passed
Store test passed
no errors
Full kernel test passed



INFO     Running test program /home/normal/checkout/gpuocelot/branches/scons/.debug_build/TestCudaGlobals 
INFO     Test /home/normal/checkout/gpuocelot/branches/scons/.debug_build/TestCudaGlobals
INFO     Test completed in 0.246595859528 seconds
INFO      Produced an output file with invalid encoding

INFO     Running test program /home/normal/checkout/gpuocelot/branches/scons/.debug_build/TestDeviceSwitching 
INFO     Test /home/normal/checkout/gpuocelot/branches/scons/.debug_build/TestDeviceSwitching
INFO     Test completed in 0.387309074402 seconds
INFO      It produced the following output:
Pass/Fail : Pass


Name : TestDeviceSwitching

Description: A unit test for the ability of the CUDA runtime to switch 
             between devices and use multiple threads Test Points: 1) In a single 
             threaded application, iterate across all devices launching the same 
             simple kernel each time 2) Test context migration support in 
             ocelot. Iterate across all devices, launching a simple kernel that 
             updates shared variable. Use the context switch mechanism to 
             migrate the shared data. 3) Test multi-threading support. Launch one 
             host thread to allocate memory, pass pointers to worker 
             threads, each of which should launch independent kernels in 
             parallel.


Test Seed : 1300361363
Test time : 0.294393

Status : Test Point 1 Passed
Test Point 2 Passed
Test Point 3 Passed



INFO     Running test program /home/normal/checkout/gpuocelot/branches/scons/.debug_build/TestCudaSequence 
INFO     Test /home/normal/checkout/gpuocelot/branches/scons/.debug_build/TestCudaSequence
INFO     Test completed in 0.207087039948 seconds
INFO      Produced an output file with invalid encoding

INFO     Running test program /home/normal/checkout/gpuocelot/branches/scons/.debug_build/TestCalVectorScale 
INFO     Test /home/normal/checkout/gpuocelot/branches/scons/.debug_build/TestCalVectorScale
INFO     Test completed in 0.143778085709 seconds
INFO      It produced the following output:
No CAL devices found
Pass/Fail : Pass

INFO     Running test program /home/normal/checkout/gpuocelot/branches/scons/.debug_build/TestPTXAssembly 
INFO     Test /home/normal/checkout/gpuocelot/branches/scons/.debug_build/TestPTXAssembly
INFO     Test completed in 30.2179019451 seconds
INFO      It produced the following output:
Pass/Fail : Pass


Name : TestPTXAssembly

Description: A unit test framework for PTX. Runs random inputs through unit 
             tests on all available devices until a timer expires.


Test Seed : 1300361364
Test time : 30.1203

Status : Ran 'TestVectorElements-u32' for 1 iterations.
Ran 'TestAdd-u16' for 1 iterations.
Ran 'TestAdd-s16' for 1 iterations.
Ran 'TestAdd-u32' for 2 iterations.
Ran 'TestAdd-s32' for 2 iterations.
Ran 'TestAdd-s32-sat' for 2 iterations.
Ran 'TestAdd-u64' for 2 iterations.
Ran 'TestAdd-s64' for 2 iterations.
Ran 'TestSub-u16' for 1 iterations.
Ran 'TestSub-s16' for 1 iterations.
Ran 'TestSub-u32' for 2 iterations.
Ran 'TestSub-s32' for 2 iterations.
Ran 'TestSub-s32-sat' for 2 iterations.
Ran 'TestSub-u64' for 2 iterations.
Ran 'TestSub-s64' for 2 iterations.
Ran 'TestSub-Carry-s32' for 2 iterations.
Ran 'TestSub-Carry-u32' for 2 iterations.
Ran 'TestAdd-Carry-s32' for 2 iterations.
Ran 'TestAdd-Carry-u32' for 2 iterations.
Ran 'TestMul-Lo-u16' for 1 iterations.
Ran 'TestMul-Hi-u16' for 1 iterations.
Ran 'TestMul-Wide-u16' for 1 iterations.
Ran 'TestMul-Lo-s16' for 1 iterations.
Ran 'TestMul-Hi-s16' for 1 iterations.
Ran 'TestMul-Wide-s16' for 1 iterations.
Ran 'TestMul-Lo-u32' for 1 iterations.
Ran 'TestMul-Hi-u32' for 1 iterations.
Ran 'TestMul-Wide-u32' for 1 iterations.
Ran 'TestMul-Lo-s32' for 2 iterations.
Ran 'TestMul-Hi-s32' for 2 iterations.
Ran 'TestMul-Wide-s32' for 2 iterations.
Ran 'TestMul-Lo-u64' for 2 iterations.
Ran 'TestMul-Hi-u64' for 2 iterations.
Ran 'TestMul-Lo-s64' for 2 iterations.
Ran 'TestMul-Hi-s64' for 2 iterations.
Ran 'TestMad-Lo-u16' for 2 iterations.
Ran 'TestMad-Hi-u16' for 2 iterations.
Ran 'TestMad-Wide-u16' for 1 iterations.
Ran 'TestMad-Lo-s16' for 2 iterations.
Ran 'TestMad-Hi-s16' for 2 iterations.
Ran 'TestMad-Wide-s16' for 2 iterations.
Ran 'TestMad-Lo-u32' for 1 iterations.
Ran 'TestMad-Hi-u32' for 1 iterations.
Ran 'TestMad-Wide-u32' for 2 iterations.
Ran 'TestMad-Lo-s32' for 1 iterations.
Ran 'TestMad-Hi-s32' for 1 iterations.
Ran 'TestMad-Sat-Hi-s32' for 1 iterations.
Ran 'TestMad-Wide-s32' for 2 iterations.
Ran 'TestMad-Lo-u64' for 2 iterations.
Ran 'TestMad-Hi-u64' for 2 iterations.
Ran 'TestMad-Lo-s64' for 2 iterations.
Ran 'TestMad-Hi-s64' for 2 iterations.
Ran 'TestSad-u16' for 2 iterations.
Ran 'TestSad-s16' for 2 iterations.
Ran 'TestSad-u32' for 1 iterations.
Ran 'TestSad-s32' for 1 iterations.
Ran 'TestSad-u64' for 2 iterations.
Ran 'TestSad-s64' for 2 iterations.
Ran 'TestDiv-u16' for 1 iterations.
Ran 'TestDiv-s16' for 1 iterations.
Ran 'TestDiv-u32' for 2 iterations.
Ran 'TestDiv-s32' for 2 iterations.
Ran 'TestDiv-u64' for 2 iterations.
Ran 'TestDiv-s64' for 2 iterations.
Ran 'TestRem-u16' for 1 iterations.
Ran 'TestRem-s16' for 1 iterations.
Ran 'TestRem-u32' for 2 iterations.
Ran 'TestRem-s32' for 1 iterations.
Ran 'TestRem-u64' for 1 iterations.
Ran 'TestRem-s64' for 1 iterations.
Ran 'TestAbs-s16' for 1 iterations.
Ran 'TestAbs-s32' for 1 iterations.
Ran 'TestAbs-s64' for 2 iterations.
Ran 'TestNeg-s16' for 2 iterations.
Ran 'TestNeg-s32' for 1 iterations.
Ran 'TestNeg-s64' for 1 iterations.
Ran 'TestMax-u16' for 1 iterations.
Ran 'TestMax-u32' for 1 iterations.
Ran 'TestMax-u64' for 1 iterations.
Ran 'TestMax-s16' for 1 iterations.
Ran 'TestMax-s32' for 2 iterations.
Ran 'TestMax-s64' for 2 iterations.
Ran 'TestMin-u16' for 1 iterations.
Ran 'TestMin-u32' for 2 iterations.
Ran 'TestMin-u64' for 2 iterations.
Ran 'TestMin-s16' for 1 iterations.
Ran 'TestMin-s32' for 2 iterations.
Ran 'TestMin-s64' for 2 iterations.
Ran 'TestPopc-b32' for 1 iterations.
Ran 'TestPopc-b64' for 2 iterations.
Ran 'TestClz-b32' for 1 iterations.
Ran 'TestClz-b64' for 2 iterations.
Ran 'TestBfind-u32' for 1 iterations.
Ran 'TestBfind-u64' for 1 iterations.
Ran 'TestBfind-s32' for 1 iterations.
Ran 'TestBfind-s64' for 1 iterations.
Ran 'TestBfind-shiftamount-u32' for 1 iterations.
Ran 'TestBfind-shiftamount-u64' for 2 iterations.
Ran 'TestBfind-shiftamount-s32' for 1 iterations.
Ran 'TestBfind-shiftamount-s64' for 2 iterations.
Ran 'TestBrev-b32' for 1 iterations.
Ran 'TestBrev-b64' for 2 iterations.
Ran 'TestBfi-b32' for 2 iterations.
Ran 'TestBfi-b64' for 2 iterations.
Ran 'TestPrmt-b32' for 1 iterations.
Ran 'TestPrmt-f4e-b32' for 1 iterations.
Ran 'TestPrmt-b4e-b32' for 1 iterations.
Ran 'TestPrmt-rc8-b32' for 1 iterations.
Ran 'TestPrmt-ecl-b32' for 1 iterations.
Ran 'TestPrmt-ecr-b32' for 1 iterations.
Ran 'TestPrmt-rc16-b32' for 1 iterations.
Ran 'TestCall-Uni' for 1 iterations.
Ran 'TestCall-Nondivergent' for 1 iterations.
Ran 'TestCall-Divergent' for 1 iterations.
Ran 'TestCall-Recursive' for 1 iterations.
Ran 'TestCall-Indirect' for 1 iterations.
Ran 'TestTestP-f32-Finite' for 2 iterations.
Ran 'TestTestP-f32-Infinite' for 2 iterations.
Ran 'TestTestP-f32-Number' for 2 iterations.
Ran 'TestTestP-f32-NotANumber' for 2 iterations.
Ran 'TestTestP-f32-Normal' for 2 iterations.
Ran 'TestTestP-f32-SubNormal' for 2 iterations.
Ran 'TestTestP-f64-Finite' for 2 iterations.
Ran 'TestTestP-f64-Infinite' for 2 iterations.
Ran 'TestTestP-f64-Number' for 2 iterations.
Ran 'TestTestP-f64-NotANumber' for 2 iterations.
Ran 'TestTestP-f64-Normal' for 2 iterations.
Ran 'TestTestP-f64-SubNormal' for 2 iterations.
Ran 'TestCopysign-f32' for 2 iterations.
Ran 'TestCopysign-f64' for 1 iterations.
Ran 'TestAdd-f32' for 2 iterations.
Ran 'TestAdd-f32-sat' for 2 iterations.
Ran 'TestAdd-f32-ftz' for 2 iterations.
Ran 'TestAdd-f32-ftz-sat' for 2 iterations.
Ran 'TestAdd-f64' for 2 iterations.
Ran 'TestSub-f32' for 2 iterations.
Ran 'TestSub-f32-sat' for 2 iterations.
Ran 'TestSub-f32-ftz' for 2 iterations.
Ran 'TestSub-f32-ftz-sat' for 1 iterations.
Ran 'TestSub-f64' for 2 iterations.
Ran 'TestMul-f32' for 2 iterations.
Ran 'TestMul-f32-sat' for 2 iterations.
Ran 'TestMul-f32-ftz' for 2 iterations.
Ran 'TestMul-f32-ftz-sat' for 2 iterations.
Ran 'TestMul-f64' for 2 iterations.
Ran 'TestMad-f32' for 1 iterations.
Ran 'TestMad-f32-sat' for 1 iterations.
Ran 'TestMad-f32-ftz' for 2 iterations.
Ran 'TestMad-f32-ftz-sat' for 1 iterations.
Ran 'TestMad-f64' for 2 iterations.
Ran 'TestFma-f32' for 2 iterations.
Ran 'TestFma-f32-sat' for 1 iterations.
Ran 'TestFma-f32-ftz' for 1 iterations.
Ran 'TestFma-f32-ftz-sat' for 2 iterations.
Ran 'TestFma-f64' for 2 iterations.
Ran 'TestDiv-f32' for 2 iterations.
Ran 'TestDiv-f32-ftz' for 2 iterations.
Ran 'TestDiv-f32-approx' for 2 iterations.
Ran 'TestDiv-f32-full' for 2 iterations.
Ran 'TestDiv-f32-approx-ftz' for 2 iterations.
Ran 'TestDiv-f32-full-ftz' for 2 iterations.
Ran 'TestDiv-f64' for 2 iterations.
Ran 'TestAbs-f32' for 2 iterations.
Ran 'TestAbs-f32-ftz' for 2 iterations.
Ran 'TestAbs-f64' for 2 iterations.
Ran 'TestNeg-f32' for 2 iterations.
Ran 'TestNeg-f32-ftz' for 2 iterations.
Ran 'TestNeg-f64' for 2 iterations.
Ran 'TestMin-f32' for 2 iterations.
Ran 'TestMin-f32-ftz' for 1 iterations.
Ran 'TestMin-f64' for 2 iterations.
Ran 'TestMax-f32' for 1 iterations.
Ran 'TestMax-f32-ftz' for 2 iterations.
Ran 'TestMax-f64' for 1 iterations.
Ran 'TestRcp-f32' for 2 iterations.
Ran 'TestRcp-f32-approx' for 2 iterations.
Ran 'TestRcp-f32-ftz' for 2 iterations.
Ran 'TestRcp-f32-approx-ftz' for 2 iterations.
Ran 'TestRcp-f64' for 1 iterations.
Ran 'TestRcp-f64-approx-ftz' for 2 iterations.
Ran 'TestSqrt-f32' for 1 iterations.
Ran 'TestSqrt-f32-approx' for 1 iterations.
Ran 'TestSqrt-f32-ftz' for 1 iterations.
Ran 'TestSqrt-f32-approx-ftz' for 1 iterations.
Ran 'TestSqrt-f64' for 1 iterations.
Ran 'TestRsqrt-f32' for 1 iterations.
Ran 'TestRsqrt-f32-ftz' for 1 iterations.
Ran 'TestRsqrt-f64' for 1 iterations.
Ran 'TestCos-f32' for 1 iterations.
Ran 'TestCos-f32-ftz' for 1 iterations.
Ran 'TestSin-f32' for 1 iterations.
Ran 'TestSin-f32-ftz' for 1 iterations.
Ran 'TestEx2-f32' for 1 iterations.
Ran 'TestEx2-f32-ftz' for 1 iterations.
Ran 'TestLg2-f32' for 1 iterations.
Ran 'TestLg2-f32-ftz' for 1 iterations.
Ran 'TestSet-lt-u32-u16' for 1 iterations.
Ran 'TestSet-lt-s32-u16' for 1 iterations.
Ran 'TestSet-lt-f32-u16' for 1 iterations.
Ran 'TestSet-lt-s32-u32' for 1 iterations.
Ran 'TestSet-lt-s32-u64' for 1 iterations.
Ran 'TestSet-lt-s32-s16' for 1 iterations.
Ran 'TestSet-lt-s32-s32' for 1 iterations.
Ran 'TestSet-lt-s32-s64' for 1 iterations.
Ran 'TestSet-lt-s32-f32' for 1 iterations.
Ran 'TestSet-lt-s32-f64' for 1 iterations.
Ran 'TestSet-lt-ftz-s32-f32' for 1 iterations.
Ran 'TestSet-Eq-s32-s32' for 1 iterations.
Ran 'TestSet-Ne-s32-s32' for 1 iterations.
Ran 'TestSet-Le-s32-s32' for 1 iterations.
Ran 'TestSet-Gt-s32-s32' for 1 iterations.
Ran 'TestSet-Ge-s32-s32' for 1 iterations.
Ran 'TestSet-Lo-s32-u32' for 1 iterations.
Ran 'TestSet-Ls-s32-u32' for 1 iterations.
Ran 'TestSet-Hi-s32-u32' for 1 iterations.
Ran 'TestSet-Hs-s32-u32' for 1 iterations.
Ran 'TestSet-Eq-s32-f32' for 2 iterations.
Ran 'TestSet-Ne-s32-f32' for 2 iterations.
Ran 'TestSet-Lt-s32-f32' for 2 iterations.
Ran 'TestSet-Le-s32-f32' for 1 iterations.
Ran 'TestSet-Gt-s32-f32' for 1 iterations.
Ran 'TestSet-Ge-s32-f32' for 1 iterations.
Ran 'TestSet-Lo-s32-u32' for 1 iterations.
Ran 'TestSet-Ls-s32-u32' for 1 iterations.
Ran 'TestSet-Hi-s32-u32' for 1 iterations.
Ran 'TestSet-Hs-s32-u32' for 1 iterations.
Ran 'TestSet-Equ-s32-f32' for 2 iterations.
Ran 'TestSet-Neu-s32-f32' for 2 iterations.
Ran 'TestSet-Ltu-s32-f32' for 1 iterations.
Ran 'TestSet-Leu-s32-f32' for 1 iterations.
Ran 'TestSet-Gtu-s32-f32' for 1 iterations.
Ran 'TestSet-Geu-s32-f32' for 1 iterations.
Ran 'TestSet-Num-s32-f32' for 1 iterations.
Ran 'TestSet-Nan-s32-f32' for 1 iterations.
Ran 'TestSet-Lt-s32-s32-And' for 1 iterations.
Ran 'TestSet-Lt-s32-s32-Or' for 1 iterations.
Ran 'TestSet-Lt-s32-s32-Xor' for 1 iterations.
Ran 'TestSet-Lt-s32-s32-And-Inv' for 1 iterations.
Ran 'TestSetP-lt-u16' for 1 iterations.
Ran 'TestSetP-lt-u32' for 1 iterations.
Ran 'TestSetP-lt-u32-pq' for 1 iterations.
Ran 'TestSetP-lt-u64' for 1 iterations.
Ran 'TestSetP-lt-s16' for 1 iterations.
Ran 'TestSetP-lt-s32' for 1 iterations.
Ran 'TestSetP-lt-s64' for 1 iterations.
Ran 'TestSetP-lt-f32' for 1 iterations.
Ran 'TestSetP-lt-f64' for 1 iterations.
Ran 'TestSetP-lt-u32-pq-and' for 1 iterations.
Ran 'TestSetP-lt-u32-pq-or' for 1 iterations.
Ran 'TestSetP-lt-u32-pq-xor' for 1 iterations.
Ran 'TestSetP-lt-f32-pq-and-ftz' for 1 iterations.
Ran 'TestSelp-u16' for 1 iterations.
Ran 'TestSelp-u32' for 1 iterations.
Ran 'TestSelp-u64' for 1 iterations.
Ran 'TestSelp-s16' for 1 iterations.
Ran 'TestSelp-s32' for 1 iterations.
Ran 'TestSelp-s64' for 1 iterations.
Ran 'TestSelp-f32' for 1 iterations.
Ran 'TestSelp-f64' for 1 iterations.
Ran 'TestSlct-u16-s32' for 1 iterations.
Ran 'TestSlct-u32-s32' for 1 iterations.
Ran 'TestSlct-u64-s32' for 1 iterations.
Ran 'TestSlct-s16-s32' for 1 iterations.
Ran 'TestSlct-s32-s32' for 1 iterations.
Ran 'TestSlct-s64-s32' for 1 iterations.
Ran 'TestSlct-f32-s32' for 1 iterations.
Ran 'TestSlct-f64-s32' for 1 iterations.
Ran 'TestSlct-u16-f32' for 1 iterations.
Ran 'TestSlct-u32-f32' for 1 iterations.
Ran 'TestSlct-u64-f32' for 1 iterations.
Ran 'TestSlct-s16-f32' for 1 iterations.
Ran 'TestSlct-s32-f32' for 1 iterations.
Ran 'TestSlct-s64-f32' for 1 iterations.
Ran 'TestSlct-f32-f32' for 1 iterations.
Ran 'TestSlct-f64-f32' for 1 iterations.
Ran 'TestSlct-f32-f32-ftz' for 1 iterations.
Ran 'TestAnd-pred' for 1 iterations.
Ran 'TestAnd-b16' for 1 iterations.
Ran 'TestAnd-b32' for 1 iterations.
Ran 'TestAnd-b64' for 1 iterations.
Ran 'TestOr-pred' for 1 iterations.
Ran 'TestOr-b16' for 1 iterations.
Ran 'TestOr-b32' for 1 iterations.
Ran 'TestOr-b64' for 1 iterations.
Ran 'TestXor-pred' for 1 iterations.
Ran 'TestXor-b16' for 1 iterations.
Ran 'TestXor-b32' for 1 iterations.
Ran 'TestXor-b64' for 2 iterations.
Ran 'TestNot-pred' for 1 iterations.
Ran 'TestNot-b16' for 1 iterations.
Ran 'TestNot-b32' for 1 iterations.
Ran 'TestNot-b64' for 1 iterations.
Ran 'TestCNot-b16' for 1 iterations.
Ran 'TestCNot-b32' for 2 iterations.
Ran 'TestCNot-b64' for 1 iterations.
Ran 'TestShl-b16' for 1 iterations.
Ran 'TestShl-b32' for 1 iterations.
Ran 'TestShl-b64' for 1 iterations.
Ran 'TestShr-u16' for 1 iterations.
Ran 'TestShr-u32' for 1 iterations.
Ran 'TestShr-u64' for 1 iterations.
Ran 'TestShr-s16' for 1 iterations.
Ran 'TestShr-s32' for 1 iterations.
Ran 'TestShr-s64' for 1 iterations.
Ran 'TestMov-pred' for 1 iterations.
Ran 'TestMov-u16' for 1 iterations.
Ran 'TestMov-u32' for 1 iterations.
Ran 'TestMov-u64' for 1 iterations.
Ran 'TestMov-s16' for 1 iterations.
Ran 'TestMov-s32' for 1 iterations.
Ran 'TestMov-s64' for 2 iterations.
Ran 'TestMov-f32' for 1 iterations.
Ran 'TestMov-f64' for 1 iterations.
Ran 'TestMovLabel-global-v1' for 1 iterations.
Ran 'TestMovLabel-global-v1-index' for 1 iterations.
Ran 'TestMovLabel-global-v2' for 1 iterations.
Ran 'TestMovLabel-global-v4' for 1 iterations.
Ran 'TestMovLabel-local-v1' for 1 iterations.
Ran 'TestMovLabel-local-v1-index' for 1 iterations.
Ran 'TestMovLabel-local-v2' for 1 iterations.
Ran 'TestMovLabel-local-v4' for 1 iterations.
Ran 'TestMovLabel-shared-v1' for 1 iterations.
Ran 'TestMovLabel-shared-v1-index' for 1 iterations.
Ran 'TestMovLabel-shared-v4' for 1 iterations.
Ran 'TestCvt-u8-u8' for 1 iterations.
Ran 'TestCvt-u8-u16' for 1 iterations.
Ran 'TestCvt-u8-u32' for 1 iterations.
Ran 'TestCvt-u8-u64' for 1 iterations.
Ran 'TestCvt-u8-s8' for 1 iterations.
Ran 'TestCvt-u8-s16' for 1 iterations.
Ran 'TestCvt-u8-s32' for 1 iterations.
Ran 'TestCvt-u8-s64' for 1 iterations.
Ran 'TestCvt-u8-f32' for 1 iterations.
Ran 'TestCvt-u8-f64' for 1 iterations.
Ran 'TestCvt-u16-u8' for 1 iterations.
Ran 'TestCvt-u16-u16' for 1 iterations.
Ran 'TestCvt-u16-u32' for 1 iterations.
Ran 'TestCvt-u16-u64' for 1 iterations.
Ran 'TestCvt-u16-s8' for 1 iterations.
Ran 'TestCvt-u16-s16' for 1 iterations.
Ran 'TestCvt-u16-s32' for 1 iterations.
Ran 'TestCvt-u16-s64' for 1 iterations.
Ran 'TestCvt-u16-f32' for 1 iterations.
Ran 'TestCvt-u16-f64' for 1 iterations.
Ran 'TestCvt-u32-u8' for 1 iterations.
Ran 'TestCvt-u32-u16' for 1 iterations.
Ran 'TestCvt-u32-u32' for 1 iterations.
Ran 'TestCvt-u32-u64' for 1 iterations.
Ran 'TestCvt-u32-s8' for 1 iterations.
Ran 'TestCvt-u32-s16' for 1 iterations.
Ran 'TestCvt-u32-s32' for 1 iterations.
Ran 'TestCvt-u32-s64' for 2 iterations.
Ran 'TestCvt-u32-f32' for 2 iterations.
Ran 'TestCvt-u32-f64' for 2 iterations.
Ran 'TestCvt-u64-u8' for 1 iterations.
Ran 'TestCvt-u64-u16' for 1 iterations.
Ran 'TestCvt-u64-u32' for 1 iterations.
Ran 'TestCvt-u64-u64' for 1 iterations.
Ran 'TestCvt-u64-s8' for 1 iterations.
Ran 'TestCvt-u64-s16' for 1 iterations.
Ran 'TestCvt-u64-s32' for 1 iterations.
Ran 'TestCvt-u64-s64' for 1 iterations.
Ran 'TestCvt-u64-f32' for 2 iterations.
Ran 'TestCvt-u64-f64' for 2 iterations.
Ran 'TestCvt-s8-u8' for 2 iterations.
Ran 'TestCvt-s8-u16' for 1 iterations.
Ran 'TestCvt-s8-u32' for 1 iterations.
Ran 'TestCvt-s8-u64' for 1 iterations.
Ran 'TestCvt-s8-s8' for 1 iterations.
Ran 'TestCvt-s8-s16' for 1 iterations.
Ran 'TestCvt-s8-s32' for 1 iterations.
Ran 'TestCvt-s8-s64' for 1 iterations.
Ran 'TestCvt-s8-f32' for 1 iterations.
Ran 'TestCvt-s8-f64' for 1 iterations.
Ran 'TestCvt-s16-u8' for 1 iterations.
Ran 'TestCvt-s16-u16' for 1 iterations.
Ran 'TestCvt-s16-u32' for 1 iterations.
Ran 'TestCvt-s16-u64' for 2 iterations.
Ran 'TestCvt-s16-s8' for 2 iterations.
Ran 'TestCvt-s16-s16' for 1 iterations.
Ran 'TestCvt-s16-s32' for 1 iterations.
Ran 'TestCvt-s16-s64' for 1 iterations.
Ran 'TestCvt-s16-f32' for 1 iterations.
Ran 'TestCvt-s16-f64' for 1 iterations.
Ran 'TestCvt-s32-u8' for 1 iterations.
Ran 'TestCvt-s32-u16' for 2 iterations.
Ran 'TestCvt-s32-u32' for 1 iterations.
Ran 'TestCvt-s32-u64' for 1 iterations.
Ran 'TestCvt-s32-s8' for 1 iterations.
Ran 'TestCvt-s32-s16' for 1 iterations.
Ran 'TestCvt-s32-s32' for 1 iterations.
Ran 'TestCvt-s32-s64' for 1 iterations.
Ran 'TestCvt-s32-f32' for 1 iterations.
Ran 'TestCvt-s32-f64' for 1 iterations.
Ran 'TestCvt-s64-u8' for 2 iterations.
Ran 'TestCvt-s64-u16' for 2 iterations.
Ran 'TestCvt-s64-u32' for 1 iterations.
Ran 'TestCvt-s64-u64' for 2 iterations.
Ran 'TestCvt-s64-s8' for 2 iterations.
Ran 'TestCvt-s64-s16' for 1 iterations.
Ran 'TestCvt-s64-s32' for 1 iterations.
Ran 'TestCvt-s64-s64' for 1 iterations.
Ran 'TestCvt-s64-f32' for 1 iterations.
Ran 'TestCvt-s64-f64' for 1 iterations.
Ran 'TestCvt-f32-u8' for 1 iterations.
Ran 'TestCvt-f32-u16' for 1 iterations.
Ran 'TestCvt-f32-u32' for 1 iterations.
Ran 'TestCvt-f32-u64' for 1 iterations.
Ran 'TestCvt-f32-s8' for 1 iterations.
Ran 'TestCvt-f32-s16' for 1 iterations.
Ran 'TestCvt-f32-s32' for 1 iterations.
Ran 'TestCvt-f32-s64' for 1 iterations.
Ran 'TestCvt-f32-f32' for 1 iterations.
Ran 'TestCvt-f32-f64' for 1 iterations.
Ran 'TestCvt-f64-u8' for 1 iterations.
Ran 'TestCvt-f64-u16' for 1 iterations.
Ran 'TestCvt-f64-u32' for 1 iterations.
Ran 'TestCvt-f64-u64' for 1 iterations.
Ran 'TestCvt-f64-s8' for 1 iterations.
Ran 'TestCvt-f64-s16' for 1 iterations.
Ran 'TestCvt-f64-s32' for 1 iterations.
Ran 'TestCvt-f64-s64' for 1 iterations.
Ran 'TestCvt-f64-f32' for 1 iterations.
Ran 'TestCvt-f64-f64' for 1 iterations.



INFO     Running test program /home/normal/checkout/gpuocelot/branches/scons/.debug_build/TestLexer -i ../../tests/ptx 
INFO     Test /home/normal/checkout/gpuocelot/branches/scons/.debug_build/TestLexer
INFO     Test completed in 89.5743780136 seconds
INFO      It produced the following output:
Pass/Fail : Pass


Name : TestLexer

Description: Tests for the PTX lexer. Test Point 1: Scan a PTX file and 
             write out a temp stream, scan the stream again and make sure that the 
             two sets of tokens match


Test Seed : 1300361395
Test time : 89.374

Status : For file ../../tests/ptx/thrust/Unique.ptx, Test Point 1 (Scan): Passed
For file ../../tests/ptx/thrust/Sort.ptx, Test Point 1 (Scan): Passed
For file ../../tests/ptx/sdk2.2/histogram256_SM10.ptx, Test Point 1 (Scan): Passed
For file ../../tests/ptx/sdk2.2/dct8x8.ptx, Test Point 1 (Scan): Passed
For file ../../tests/ptx/sdk2.2/histogram64.ptx, Test Point 1 (Scan): Passed
For file ../../tests/ptx/sdk2.2/simpleAtomicIntrinsics.ptx, Test Point 1 (Scan): Passed
For file ../../tests/ptx/sdk2.2/scan_best_kernel.ptx, Test Point 1 (Scan): Passed
For file ../../tests/ptx/sdk2.2/dct8x8_kernel_quantization.ptx, Test Point 1 (Scan): Passed
For file ../../tests/ptx/sdk2.2/bodysystemcuda.ptx, Test Point 1 (Scan): Passed
For file ../../tests/ptx/sdk2.2/reduction_kernel_sm10.ptx, Test Point 1 (Scan): Passed
For file ../../tests/ptx/sdk2.2/reduction_kernel_sm13.ptx, Test Point 1 (Scan): Passed
For file ../../tests/ptx/sdk2.2/particles_kernel.ptx, Test Point 1 (Scan): Passed
For file ../../tests/ptx/sdk2.2/scanLargeArray_kernel.ptx, Test Point 1 (Scan): Passed
For file ../../tests/ptx/sdk2.2/simpleAtomicIntrinsics_kernel.ptx, Test Point 1 (Scan): Passed
For file ../../tests/ptx/sdk2.2/reduction_kernel.ptx, Test Point 1 (Scan): Passed
For file ../../tests/ptx/sdk2.2/simpleZeroCopy.ptx, Test Point 1 (Scan): Passed
For file ../../tests/ptx/sdk2.2/scanLargeArray.ptx, Test Point 1 (Scan): Passed
For file ../../tests/ptx/sdk2.2/bisect_kernel_large_onei.ptx, Test Point 1 (Scan): Passed
For file ../../tests/ptx/sdk2.2/BlackScholes.ptx, Test Point 1 (Scan): Passed
For file ../../tests/ptx/sdk2.2/convolutionTexture.ptx, Test Point 1 (Scan): Passed
For file ../../tests/ptx/sdk2.2/simpleTexture3D_kernel.ptx, Test Point 1 (Scan): Passed
For file ../../tests/ptx/sdk2.2/dwtHaar1D.ptx, Test Point 1 (Scan): Passed
For file ../../tests/ptx/sdk2.2/simpleTexture_kernel.ptx, Test Point 1 (Scan): Passed
For file ../../tests/ptx/sdk2.2/matrixMul.ptx, Test Point 1 (Scan): Passed
For file ../../tests/ptx/sdk2.2/postProcessGL.ptx, Test Point 1 (Scan): Passed
For file ../../tests/ptx/sdk2.2/simpleCUFFT.ptx, Test Point 1 (Scan): Passed
For file ../../tests/ptx/sdk2.2/bisect_kernel_large.ptx, Test Point 1 (Scan): Passed
For file ../../tests/ptx/sdk2.2/clock_kernel.ptx, Test Point 1 (Scan): Passed
For file ../../tests/ptx/sdk2.2/dxtc.ptx, Test Point 1 (Scan): Passed
For file ../../tests/ptx/sdk2.2/oceanFFT_kernel.ptx, Test Point 1 (Scan): Passed
For file ../../tests/ptx/sdk2.2/imageDenoising.ptx, Test Point 1 (Scan): Passed
For file ../../tests/ptx/sdk2.2/main.ptx, Test Point 1 (Scan): Passed
For file ../../tests/ptx/sdk2.2/histogram256_SM12.ptx, Test Point 1 (Scan): Passed
For file ../../tests/ptx/sdk2.2/Mandelbrot_sm10.ptx, Test Point 1 (Scan): Passed
For file ../../tests/ptx/sdk2.2/simpleVoteIntrinsics.ptx, Test Point 1 (Scan): Passed
For file ../../tests/ptx/sdk2.2/bisect_util.ptx, Test Point 1 (Scan): Passed
For file ../../tests/ptx/sdk2.2/bisect_small.ptx, Test Point 1 (Scan): Passed
For file ../../tests/ptx/sdk2.2/threadFenceReduction_kernel.ptx, Test Point 1 (Scan): Passed
For file ../../tests/ptx/sdk2.2/transposeNew.ptx, Test Point 1 (Scan): Passed
For file ../../tests/ptx/sdk2.2/dct8x8_kernel_short.ptx, Test Point 1 (Scan): Passed
For file ../../tests/ptx/sdk2.2/bitonic.ptx, Test Point 1 (Scan): Passed
For file ../../tests/ptx/sdk2.2/boxFilter_kernel.ptx, Test Point 1 (Scan): Passed
For file ../../tests/ptx/sdk2.2/binomialOptions_SM10.ptx, Test Point 1 (Scan): Passed
For file ../../tests/ptx/sdk2.2/cppIntegration_kernel.ptx, Test Point 1 (Scan): Passed
For file ../../tests/ptx/sdk2.2/dct8x8_kernel2.ptx, Test Point 1 (Scan): Passed
For file ../../tests/ptx/sdk2.2/asyncAPI.ptx, Test Point 1 (Scan): Passed
For file ../../tests/ptx/sdk2.2/bisect_kernel_large_multi.ptx, Test Point 1 (Scan): Passed
For file ../../tests/ptx/sdk2.2/convolutionSeparable.ptx, Test Point 1 (Scan): Passed
For file ../../tests/ptx/sdk2.2/convolutionTexture_kernel.ptx, Test Point 1 (Scan): Passed
For file ../../tests/ptx/sdk2.2/recursiveGaussian_kernel.ptx, Test Point 1 (Scan): Passed
For file ../../tests/ptx/sdk2.2/histogram256_SM11.ptx, Test Point 1 (Scan): Passed
For file ../../tests/ptx/sdk2.2/quasirandomGenerator_SM13.ptx, Test Point 1 (Scan): Passed
For file ../../tests/ptx/sdk2.2/bisect_kernel_small.ptx, Test Point 1 (Scan): Passed
For file ../../tests/ptx/sdk2.2/convolutionFFT2D.ptx, Test Point 1 (Scan): Passed
For file ../../tests/ptx/sdk2.2/reduction.ptx, Test Point 1 (Scan): Passed
For file ../../tests/ptx/sdk2.2/scan.ptx, Test Point 1 (Scan): Passed
For file ../../tests/ptx/sdk2.2/bisect_large.ptx, Test Point 1 (Scan): Passed
For file ../../tests/ptx/sdk2.2/sobol_gpu.ptx, Test Point 1 (Scan): Passed
For file ../../tests/ptx/sdk2.2/scalarProd.ptx, Test Point 1 (Scan): Passed
For file ../../tests/ptx/sdk2.2/simpleTemplates.ptx, Test Point 1 (Scan): Passed
For file ../../tests/ptx/sdk2.2/simpleGL_kernel.ptx, Test Point 1 (Scan): Passed
For file ../../tests/ptx/sdk2.2/clock.ptx, Test Point 1 (Scan): Passed
For file ../../tests/ptx/sdk2.2/bicubicTexture.ptx, Test Point 1 (Scan): Passed
For file ../../tests/ptx/sdk2.2/scalarProd_kernel.ptx, Test Point 1 (Scan): Passed
For file ../../tests/ptx/sdk2.2/recursiveGaussian.ptx, Test Point 1 (Scan): Passed
For file ../../tests/ptx/sdk2.2/SobelFilter_kernels.ptx, Test Point 1 (Scan): Passed
For file ../../tests/ptx/sdk2.2/binomialOptions_SM13.ptx, Test Point 1 (Scan): Passed
For file ../../tests/ptx/sdk2.2/simpleStreams.ptx, Test Point 1 (Scan): Passed
For file ../../tests/ptx/sdk2.2/threadFenceReduction.ptx, Test Point 1 (Scan): Passed
For file ../../tests/ptx/sdk2.2/quasirandomGenerator_SM10.ptx, Test Point 1 (Scan): Passed
For file ../../tests/ptx/sdk2.2/template.ptx, Test Point 1 (Scan): Passed
For file ../../tests/ptx/sdk2.2/volumeRender_kernel.ptx, Test Point 1 (Scan): Passed
For file ../../tests/ptx/sdk2.2/fluidsGL.ptx, Test Point 1 (Scan): Passed
For file ../../tests/ptx/sdk2.2/cppIntegration.ptx, Test Point 1 (Scan): Passed
For file ../../tests/ptx/sdk2.2/Mandelbrot_sm13.ptx, Test Point 1 (Scan): Passed
For file ../../tests/ptx/sdk2.2/bandwidthTest.ptx, Test Point 1 (Scan): Passed
For file ../../tests/ptx/sdk2.2/simpleVote_kernel.ptx, Test Point 1 (Scan): Passed
For file ../../tests/ptx/sdk2.2/tests.ptx, Test Point 1 (Scan): Passed
For file ../../tests/ptx/sdk2.2/simpleMultiGPU_kernel.ptx, Test Point 1 (Scan): Passed
For file ../../tests/ptx/sdk2.2/MersenneTwister.ptx, Test Point 1 (Scan): Passed
For file ../../tests/ptx/sdk2.2/Mandelbrot_kernel.ptx, Test Point 1 (Scan): Passed
For file ../../tests/ptx/sdk2.2/particleSystem.ptx, Test Point 1 (Scan): Passed
For file ../../tests/ptx/sdk2.2/bitonic_kernel.ptx, Test Point 1 (Scan): Passed
For file ../../tests/ptx/sdk2.2/radixsort_kernel.ptx, Test Point 1 (Scan): Passed
For file ../../tests/ptx/sdk2.2/scan_workefficient_kernel.ptx, Test Point 1 (Scan): Passed
For file ../../tests/ptx/sdk2.2/fastWalshTransform.ptx, Test Point 1 (Scan): Passed
For file ../../tests/ptx/sdk2.2/radixsort.ptx, Test Point 1 (Scan): Passed
For file ../../tests/ptx/sdk2.2/simpleTexture.ptx, Test Point 1 (Scan): Passed
For file ../../tests/ptx/sdk2.2/nbody_kernel.ptx, Test Point 1 (Scan): Passed
For file ../../tests/ptx/sdk2.2/MonteCarlo_SM13.ptx, Test Point 1 (Scan): Passed
For file ../../tests/ptx/sdk2.2/matrixMul_kernel.ptx, Test Point 1 (Scan): Passed
For file ../../tests/ptx/sdk2.2/scan_naive_kernel.ptx, Test Point 1 (Scan): Passed
For file ../../tests/ptx/sdk2.2/convolutionSeparable_kernel.ptx, Test Point 1 (Scan): Passed
For file ../../tests/ptx/sdk2.2/simpleTemplates_kernel.ptx, Test Point 1 (Scan): Passed
For file ../../tests/ptx/sdk2.2/MonteCarlo_SM10.ptx, Test Point 1 (Scan): Passed
For file ../../tests/ptx/synthetic/barrier-deadlock.ptx, Test Point 1 (Scan): Passed
For file ../../tests/ptx/synthetic/texture.ptx, Test Point 1 (Scan): Passed
For file ../../tests/ptx/synthetic/saxpy.ptx, Test Point 1 (Scan): Passed
For file ../../tests/ptx/synthetic/barrier-deadlock-optimized.ptx, Test Point 1 (Scan): Passed
For file ../../tests/ptx/synthetic/sequence2.ptx, Test Point 1 (Scan): Passed
For file ../../tests/ptx/synthetic/generic.ptx, Test Point 1 (Scan): Passed



INFO     Running test program /home/normal/checkout/gpuocelot/branches/scons/.debug_build/TestFunctionCall 
INFO     Test /home/normal/checkout/gpuocelot/branches/scons/.debug_build/TestFunctionCall
INFO     Test completed in 0.287642002106 seconds
INFO      Produced an output file with invalid encoding

INFO     Running test program /home/normal/checkout/gpuocelot/branches/scons/.debug_build/TestIndirectFunctionCall 
INFO     Test /home/normal/checkout/gpuocelot/branches/scons/.debug_build/TestIndirectFunctionCall
INFO     Test completed in 0.225666999817 seconds
INFO      Produced an output file with invalid encoding

INFO     Running test program /home/normal/checkout/gpuocelot/branches/scons/.debug_build/TestInstructions 
INFO     Test /home/normal/checkout/gpuocelot/branches/scons/.debug_build/TestInstructions
INFO     Test completed in 0.270693063736 seconds
INFO      It produced the following output:
Pass/Fail : Pass


Name : TestInstructions

Description: 


Test Seed : 1300361485
Test time : 0.0346818

Status : Test output:
Accessors test passed.
pass: load and store instructions
Abs test passed.
pass: arithmetic instructions
pass: exotic arithmetic instructions
pass: floating-point instructions
pass: logical instructions
pass: comparison instructions
pass: predicated Add and Ld isntructions
pass: control flow instructions



INFO     Running test program /home/normal/checkout/gpuocelot/branches/scons/.debug_build/TestKernels 
INFO     Test /home/normal/checkout/gpuocelot/branches/scons/.debug_build/TestKernels
INFO     Test completed in 0.628229856491 seconds
INFO      It produced the following output:
Pass/Fail : Pass


Name : TestKernels

Description: 


Test Seed : 1300361485
Test time : 0.406451

Status : Test output:
looping kernel succeeded
matrix vector kernel succeeded



INFO     Running test program /home/normal/checkout/gpuocelot/branches/scons/.debug_build/TestDataflowGraph -i ../../tests/ptx 
INFO     Test /home/normal/checkout/gpuocelot/branches/scons/.debug_build/TestPTXToLLVMTranslator
INFO     Test completed in 793.926431894 seconds
INFO      It produced the following output:
Pass/Fail : Pass


Name : TestPTXToLLVMTranslator

Description: This is a basic test that just tries to get through a 
             translation successfully of as many PTX programs as possible Test 
             Points: 1) Scan for all PTX files in a directory, try to 
             translate them.


Test Seed : 1300360932
Test time : 793.659

Status : For file ../../tests/ptx/thrust/Unique.ptx, Test Point 1 (Translate): Passed
For file ../../tests/ptx/thrust/Sort.ptx, Test Point 1 (Translate): Passed
For file ../../tests/ptx/sdk2.2/histogram256_SM10.ptx, Test Point 1 (Translate): Passed
For file ../../tests/ptx/sdk2.2/dct8x8.ptx, Test Point 1 (Translate): Passed
For file ../../tests/ptx/sdk2.2/histogram64.ptx, Test Point 1 (Translate): Passed
For file ../../tests/ptx/sdk2.2/simpleAtomicIntrinsics.ptx, Test Point 1 (Translate): Passed
For file ../../tests/ptx/sdk2.2/scan_best_kernel.ptx, Test Point 1 (Translate): Passed
For file ../../tests/ptx/sdk2.2/dct8x8_kernel_quantization.ptx, Test Point 1 (Translate): Passed
For file ../../tests/ptx/sdk2.2/bodysystemcuda.ptx, Test Point 1 (Translate): Passed
For file ../../tests/ptx/sdk2.2/reduction_kernel_sm10.ptx, Test Point 1 (Translate): Passed
For file ../../tests/ptx/sdk2.2/reduction_kernel_sm13.ptx, Test Point 1 (Translate): Passed
For file ../../tests/ptx/sdk2.2/particles_kernel.ptx, Test Point 1 (Translate): Passed
For file ../../tests/ptx/sdk2.2/scanLargeArray_kernel.ptx, Test Point 1 (Translate): Passed
For file ../../tests/ptx/sdk2.2/simpleAtomicIntrinsics_kernel.ptx, Test Point 1 (Translate): Passed
For file ../../tests/ptx/sdk2.2/reduction_kernel.ptx, Test Point 1 (Translate): Passed
For file ../../tests/ptx/sdk2.2/simpleZeroCopy.ptx, Test Point 1 (Translate): Passed
For file ../../tests/ptx/sdk2.2/scanLargeArray.ptx, Test Point 1 (Translate): Passed
For file ../../tests/ptx/sdk2.2/bisect_kernel_large_onei.ptx, Test Point 1 (Translate): Passed
For file ../../tests/ptx/sdk2.2/BlackScholes.ptx, Test Point 1 (Translate): Passed
For file ../../tests/ptx/sdk2.2/convolutionTexture.ptx, Test Point 1 (Translate): Passed
For file ../../tests/ptx/sdk2.2/simpleTexture3D_kernel.ptx, Test Point 1 (Translate): Passed
For file ../../tests/ptx/sdk2.2/dwtHaar1D.ptx, Test Point 1 (Translate): Passed
For file ../../tests/ptx/sdk2.2/simpleTexture_kernel.ptx, Test Point 1 (Translate): Passed
For file ../../tests/ptx/sdk2.2/matrixMul.ptx, Test Point 1 (Translate): Passed
For file ../../tests/ptx/sdk2.2/postProcessGL.ptx, Test Point 1 (Translate): Passed
For file ../../tests/ptx/sdk2.2/simpleCUFFT.ptx, Test Point 1 (Translate): Passed
For file ../../tests/ptx/sdk2.2/bisect_kernel_large.ptx, Test Point 1 (Translate): Passed
For file ../../tests/ptx/sdk2.2/clock_kernel.ptx, Test Point 1 (Translate): Passed
For file ../../tests/ptx/sdk2.2/dxtc.ptx, Test Point 1 (Translate): Passed
For file ../../tests/ptx/sdk2.2/oceanFFT_kernel.ptx, Test Point 1 (Translate): Passed
For file ../../tests/ptx/sdk2.2/imageDenoising.ptx, Test Point 1 (Translate): Passed
For file ../../tests/ptx/sdk2.2/main.ptx, Test Point 1 (Translate): Passed
For file ../../tests/ptx/sdk2.2/histogram256_SM12.ptx, Test Point 1 (Translate): Passed
For file ../../tests/ptx/sdk2.2/Mandelbrot_sm10.ptx, Test Point 1 (Translate): Passed
For file ../../tests/ptx/sdk2.2/simpleVoteIntrinsics.ptx, Test Point 1 (Translate): Passed
For file ../../tests/ptx/sdk2.2/bisect_util.ptx, Test Point 1 (Translate): Passed
For file ../../tests/ptx/sdk2.2/bisect_small.ptx, Test Point 1 (Translate): Passed
For file ../../tests/ptx/sdk2.2/threadFenceReduction_kernel.ptx, Test Point 1 (Translate): Passed
For file ../../tests/ptx/sdk2.2/transposeNew.ptx, Test Point 1 (Translate): Passed
For file ../../tests/ptx/sdk2.2/dct8x8_kernel_short.ptx, Test Point 1 (Translate): Passed
For file ../../tests/ptx/sdk2.2/bitonic.ptx, Test Point 1 (Translate): Passed
For file ../../tests/ptx/sdk2.2/boxFilter_kernel.ptx, Test Point 1 (Translate): Passed
For file ../../tests/ptx/sdk2.2/binomialOptions_SM10.ptx, Test Point 1 (Translate): Passed
For file ../../tests/ptx/sdk2.2/cppIntegration_kernel.ptx, Test Point 1 (Translate): Passed
For file ../../tests/ptx/sdk2.2/dct8x8_kernel2.ptx, Test Point 1 (Translate): Passed
For file ../../tests/ptx/sdk2.2/asyncAPI.ptx, Test Point 1 (Translate): Passed
For file ../../tests/ptx/sdk2.2/bisect_kernel_large_multi.ptx, Test Point 1 (Translate): Passed
For file ../../tests/ptx/sdk2.2/convolutionSeparable.ptx, Test Point 1 (Translate): Passed
For file ../../tests/ptx/sdk2.2/convolutionTexture_kernel.ptx, Test Point 1 (Translate): Passed
For file ../../tests/ptx/sdk2.2/recursiveGaussian_kernel.ptx, Test Point 1 (Translate): Passed
For file ../../tests/ptx/sdk2.2/histogram256_SM11.ptx, Test Point 1 (Translate): Passed
For file ../../tests/ptx/sdk2.2/quasirandomGenerator_SM13.ptx, Test Point 1 (Translate): Passed
For file ../../tests/ptx/sdk2.2/bisect_kernel_small.ptx, Test Point 1 (Translate): Passed
For file ../../tests/ptx/sdk2.2/convolutionFFT2D.ptx, Test Point 1 (Translate): Passed
For file ../../tests/ptx/sdk2.2/reduction.ptx, Test Point 1 (Translate): Passed
For file ../../tests/ptx/sdk2.2/scan.ptx, Test Point 1 (Translate): Passed
For file ../../tests/ptx/sdk2.2/bisect_large.ptx, Test Point 1 (Translate): Passed
For file ../../tests/ptx/sdk2.2/sobol_gpu.ptx, Test Point 1 (Translate): Passed
For file ../../tests/ptx/sdk2.2/scalarProd.ptx, Test Point 1 (Translate): Passed
For file ../../tests/ptx/sdk2.2/simpleTemplates.ptx, Test Point 1 (Translate): Passed
For file ../../tests/ptx/sdk2.2/simpleGL_kernel.ptx, Test Point 1 (Translate): Passed
For file ../../tests/ptx/sdk2.2/clock.ptx, Test Point 1 (Translate): Passed
For file ../../tests/ptx/sdk2.2/bicubicTexture.ptx, Test Point 1 (Translate): Passed
For file ../../tests/ptx/sdk2.2/scalarProd_kernel.ptx, Test Point 1 (Translate): Passed
For file ../../tests/ptx/sdk2.2/recursiveGaussian.ptx, Test Point 1 (Translate): Passed
For file ../../tests/ptx/sdk2.2/SobelFilter_kernels.ptx, Test Point 1 (Translate): Passed
For file ../../tests/ptx/sdk2.2/binomialOptions_SM13.ptx, Test Point 1 (Translate): Passed
For file ../../tests/ptx/sdk2.2/simpleStreams.ptx, Test Point 1 (Translate): Passed
For file ../../tests/ptx/sdk2.2/threadFenceReduction.ptx, Test Point 1 (Translate): Passed
For file ../../tests/ptx/sdk2.2/quasirandomGenerator_SM10.ptx, Test Point 1 (Translate): Passed
For file ../../tests/ptx/sdk2.2/template.ptx, Test Point 1 (Translate): Passed
For file ../../tests/ptx/sdk2.2/volumeRender_kernel.ptx, Test Point 1 (Translate): Passed
For file ../../tests/ptx/sdk2.2/fluidsGL.ptx, Test Point 1 (Translate): Passed
For file ../../tests/ptx/sdk2.2/cppIntegration.ptx, Test Point 1 (Translate): Passed
For file ../../tests/ptx/sdk2.2/Mandelbrot_sm13.ptx, Test Point 1 (Translate): Passed
For file ../../tests/ptx/sdk2.2/bandwidthTest.ptx, Test Point 1 (Translate): Passed
For file ../../tests/ptx/sdk2.2/simpleVote_kernel.ptx, Test Point 1 (Translate): Passed
For file ../../tests/ptx/sdk2.2/tests.ptx, Test Point 1 (Translate): Passed
For file ../../tests/ptx/sdk2.2/simpleMultiGPU_kernel.ptx, Test Point 1 (Translate): Passed
For file ../../tests/ptx/sdk2.2/MersenneTwister.ptx, Test Point 1 (Translate): Passed
For file ../../tests/ptx/sdk2.2/Mandelbrot_kernel.ptx, Test Point 1 (Translate): Passed
For file ../../tests/ptx/sdk2.2/particleSystem.ptx, Test Point 1 (Translate): Passed
For file ../../tests/ptx/sdk2.2/bitonic_kernel.ptx, Test Point 1 (Translate): Passed
For file ../../tests/ptx/sdk2.2/radixsort_kernel.ptx, Test Point 1 (Translate): Passed
For file ../../tests/ptx/sdk2.2/scan_workefficient_kernel.ptx, Test Point 1 (Translate): Passed
For file ../../tests/ptx/sdk2.2/fastWalshTransform.ptx, Test Point 1 (Translate): Passed
For file ../../tests/ptx/sdk2.2/radixsort.ptx, Test Point 1 (Translate): Passed
For file ../../tests/ptx/sdk2.2/simpleTexture.ptx, Test Point 1 (Translate): Passed
For file ../../tests/ptx/sdk2.2/nbody_kernel.ptx, Test Point 1 (Translate): Passed
For file ../../tests/ptx/sdk2.2/MonteCarlo_SM13.ptx, Test Point 1 (Translate): Passed
For file ../../tests/ptx/sdk2.2/matrixMul_kernel.ptx, Test Point 1 (Translate): Passed
For file ../../tests/ptx/sdk2.2/scan_naive_kernel.ptx, Test Point 1 (Translate): Passed
For file ../../tests/ptx/sdk2.2/convolutionSeparable_kernel.ptx, Test Point 1 (Translate): Passed
For file ../../tests/ptx/sdk2.2/simpleTemplates_kernel.ptx, Test Point 1 (Translate): Passed
For file ../../tests/ptx/sdk2.2/MonteCarlo_SM10.ptx, Test Point 1 (Translate): Passed
For file ../../tests/ptx/synthetic/barrier-deadlock.ptx, Test Point 1 (Translate): Passed
For file ../../tests/ptx/synthetic/texture.ptx, Test Point 1 (Translate): Passed
For file ../../tests/ptx/synthetic/saxpy.ptx, Test Point 1 (Translate): Passed
For file ../../tests/ptx/synthetic/barrier-deadlock-optimized.ptx, Test Point 1 (Translate): Passed
For file ../../tests/ptx/synthetic/sequence2.ptx, Test Point 1 (Translate): Passed
For file ../../tests/ptx/synthetic/generic.ptx, Test Point 1 (Translate): Passed



INFO     Test /home/normal/checkout/gpuocelot/branches/scons/.debug_build/TestDataflowGraph
INFO     Test completed in 240.392984152 seconds
INFO      It produced the following output:

INFO     
Passing tests:
 (0.277s) : /home/normal/checkout/gpuocelot/branches/scons/.debug_build/TestLLVMInstructions : Passed
 (793.926s) : /home/normal/checkout/gpuocelot/branches/scons/.debug_build/TestPTXToLLVMTranslator : Passed
 (2.050s) : /home/normal/checkout/gpuocelot/branches/scons/.debug_build/TestCudaMalloc : Passed
 (0.144s) : /home/normal/checkout/gpuocelot/branches/scons/.debug_build/TestCalVectorScale : Passed
 (0.788s) : /home/normal/checkout/gpuocelot/branches/scons/.debug_build/TestCudaTexture2D : Passed
 (1.615s) : /home/normal/checkout/gpuocelot/branches/scons/.debug_build/TestLLVMKernels : Passed
 (30.218s) : /home/normal/checkout/gpuocelot/branches/scons/.debug_build/TestPTXAssembly : Passed
 (0.824s) : /home/normal/checkout/gpuocelot/branches/scons/.debug_build/TestCudaTextureArray : Passed
 (425.466s) : /home/normal/checkout/gpuocelot/branches/scons/.debug_build/TestParser : Passed
 (0.264s) : /home/normal/checkout/gpuocelot/branches/scons/.debug_build/TestEmulator : Passed
 (0.387s) : /home/normal/checkout/gpuocelot/branches/scons/.debug_build/TestDeviceSwitching : Passed
 (0.271s) : /home/normal/checkout/gpuocelot/branches/scons/.debug_build/TestInstructions : Passed
 (0.628s) : /home/normal/checkout/gpuocelot/branches/scons/.debug_build/TestKernels : Passed
 (89.574s) : /home/normal/checkout/gpuocelot/branches/scons/.debug_build/TestLexer : Passed

Failing tests:
 (0.226s) : /home/normal/checkout/gpuocelot/branches/scons/.debug_build/TestIndirectFunctionCall : Did not complete.
 (240.393s) : /home/normal/checkout/gpuocelot/branches/scons/.debug_build/TestDataflowGraph : Did not complete.
 (0.207s) : /home/normal/checkout/gpuocelot/branches/scons/.debug_build/TestCudaSequence : Did not complete.
 (0.288s) : /home/normal/checkout/gpuocelot/branches/scons/.debug_build/TestFunctionCall : Did not complete.
 (0.247s) : /home/normal/checkout/gpuocelot/branches/scons/.debug_build/TestCudaGlobals : Did not complete.

