INFO     Reading in test file /home/normal/checkout/gpuocelot/branches/scons/regression/ocelotRegressionTests.txt
INFO      Found the following tests:
INFO       /home/normal/checkout/gpuocelot/branches/scons/TestLexer
ERROR    Could not find test program /home/normal/checkout/gpuocelot/branches/scons/TestLexer
INFO       /home/normal/checkout/gpuocelot/branches/scons/TestParser
ERROR    Could not find test program /home/normal/checkout/gpuocelot/branches/scons/TestParser
INFO       /home/normal/checkout/gpuocelot/branches/scons/TestEmulator
ERROR    Could not find test program /home/normal/checkout/gpuocelot/branches/scons/TestEmulator
INFO       /home/normal/checkout/gpuocelot/branches/scons/TestInstructions
ERROR    Could not find test program /home/normal/checkout/gpuocelot/branches/scons/TestInstructions
INFO       /home/normal/checkout/gpuocelot/branches/scons/TestKernels
ERROR    Could not find test program /home/normal/checkout/gpuocelot/branches/scons/TestKernels
INFO       /home/normal/checkout/gpuocelot/branches/scons/TestDataflowGraph
ERROR    Could not find test program /home/normal/checkout/gpuocelot/branches/scons/TestDataflowGraph
INFO       /home/normal/checkout/gpuocelot/branches/scons/TestLLVMInstructions
ERROR    Could not find test program /home/normal/checkout/gpuocelot/branches/scons/TestLLVMInstructions
INFO       /home/normal/checkout/gpuocelot/branches/scons/TestPTXToLLVMTranslator
ERROR    Could not find test program /home/normal/checkout/gpuocelot/branches/scons/TestPTXToLLVMTranslator
INFO       /home/normal/checkout/gpuocelot/branches/scons/TestLLVMKernels
ERROR    Could not find test program /home/normal/checkout/gpuocelot/branches/scons/TestLLVMKernels
INFO       /home/normal/checkout/gpuocelot/branches/scons/TestCudaMalloc
ERROR    Could not find test program /home/normal/checkout/gpuocelot/branches/scons/TestCudaMalloc
INFO       /home/normal/checkout/gpuocelot/branches/scons/TestCudaTexture2D
ERROR    Could not find test program /home/normal/checkout/gpuocelot/branches/scons/TestCudaTexture2D
INFO       /home/normal/checkout/gpuocelot/branches/scons/TestCudaTextureArray
ERROR    Could not find test program /home/normal/checkout/gpuocelot/branches/scons/TestCudaTextureArray
INFO       /home/normal/checkout/gpuocelot/branches/scons/TestCudaGlobals
ERROR    Could not find test program /home/normal/checkout/gpuocelot/branches/scons/TestCudaGlobals
INFO       /home/normal/checkout/gpuocelot/branches/scons/TestDeviceSwitching
ERROR    Could not find test program /home/normal/checkout/gpuocelot/branches/scons/TestDeviceSwitching
INFO       /home/normal/checkout/gpuocelot/branches/scons/TestCudaSequence
ERROR    Could not find test program /home/normal/checkout/gpuocelot/branches/scons/TestCudaSequence
INFO       /home/normal/checkout/gpuocelot/branches/scons/TestCalVectorScale
ERROR    Could not find test program /home/normal/checkout/gpuocelot/branches/scons/TestCalVectorScale
INFO       /home/normal/checkout/gpuocelot/branches/scons/TestPTXAssembly
ERROR    Could not find test program /home/normal/checkout/gpuocelot/branches/scons/TestPTXAssembly
INFO       /home/normal/checkout/gpuocelot/branches/scons/TestFunctionCall
ERROR    Could not find test program /home/normal/checkout/gpuocelot/branches/scons/TestFunctionCall
INFO       /home/normal/checkout/gpuocelot/branches/scons/TestIndirectFunctionCall
ERROR    Could not find test program /home/normal/checkout/gpuocelot/branches/scons/TestIndirectFunctionCall
INFO     ==== INDIVIDUAL TEST RESULTS ====

INFO     
Passing tests:

Failing tests:

Non-Existent tests:
 /home/normal/checkout/gpuocelot/branches/scons/TestCalVectorScale
 /home/normal/checkout/gpuocelot/branches/scons/TestKernels
 /home/normal/checkout/gpuocelot/branches/scons/TestIndirectFunctionCall
 /home/normal/checkout/gpuocelot/branches/scons/TestInstructions
 /home/normal/checkout/gpuocelot/branches/scons/TestLLVMInstructions
 /home/normal/checkout/gpuocelot/branches/scons/TestEmulator
 /home/normal/checkout/gpuocelot/branches/scons/TestParser
 /home/normal/checkout/gpuocelot/branches/scons/TestCudaSequence
 /home/normal/checkout/gpuocelot/branches/scons/TestPTXAssembly
 /home/normal/checkout/gpuocelot/branches/scons/TestLLVMKernels
 /home/normal/checkout/gpuocelot/branches/scons/TestCudaTextureArray
 /home/normal/checkout/gpuocelot/branches/scons/TestLexer
 /home/normal/checkout/gpuocelot/branches/scons/TestDataflowGraph
 /home/normal/checkout/gpuocelot/branches/scons/TestCudaMalloc
 /home/normal/checkout/gpuocelot/branches/scons/TestDeviceSwitching
 /home/normal/checkout/gpuocelot/branches/scons/TestPTXToLLVMTranslator
 /home/normal/checkout/gpuocelot/branches/scons/TestCudaGlobals
 /home/normal/checkout/gpuocelot/branches/scons/TestFunctionCall
 /home/normal/checkout/gpuocelot/branches/scons/TestCudaTexture2D

