INFO     Reading in test file /home/andrew/repositories/gpuocelot/ocelot/regression/ocelotRegressionTests.txt
INFO      Found the following tests:
INFO       /home/andrew/repositories/gpuocelot/ocelot/TestLexer
INFO       /home/andrew/repositories/gpuocelot/ocelot/TestParser
INFO       /home/andrew/repositories/gpuocelot/ocelot/TestEmulator
INFO       /home/andrew/repositories/gpuocelot/ocelot/TestInstructions
INFO       /home/andrew/repositories/gpuocelot/ocelot/TestKernels
INFO       /home/andrew/repositories/gpuocelot/ocelot/TestDataflowGraph
INFO       /home/andrew/repositories/gpuocelot/ocelot/TestLLVMInstructions
INFO       /home/andrew/repositories/gpuocelot/ocelot/TestPTXToLLVMTranslator
INFO       /home/andrew/repositories/gpuocelot/ocelot/TestLLVMKernels
INFO       /home/andrew/repositories/gpuocelot/ocelot/TestCudaMalloc
INFO       /home/andrew/repositories/gpuocelot/ocelot/TestCudaTexture2D
INFO       /home/andrew/repositories/gpuocelot/ocelot/TestCudaTextureArray
INFO       /home/andrew/repositories/gpuocelot/ocelot/TestCudaGlobals
INFO       /home/andrew/repositories/gpuocelot/ocelot/TestDeviceSwitching
INFO       /home/andrew/repositories/gpuocelot/ocelot/TestCudaSequence
INFO       /home/andrew/repositories/gpuocelot/ocelot/TestCalVectorScale
INFO     ==== INDIVIDUAL TEST RESULTS ====

INFO     Running test program /home/andrew/repositories/gpuocelot/ocelot/TestCudaTexture2D 
INFO     Running test program /home/andrew/repositories/gpuocelot/ocelot/TestPTXToLLVMTranslator 
INFO     Test /home/andrew/repositories/gpuocelot/ocelot/TestCudaTexture2D
INFO     Test completed in 0.0419850349426 seconds
INFO      It produced the following output:
Pass/Fail : Pass

INFO     Running test program /home/andrew/repositories/gpuocelot/ocelot/TestCudaMalloc 
INFO     Test /home/andrew/repositories/gpuocelot/ocelot/TestCudaMalloc
INFO     Test completed in 0.0499081611633 seconds
INFO      It produced the following output:
test_malloc(256, 128)
PASSED
test_mallocArray(256, 128)
checking results from last cudaMemcpyFromArray
PASSED
[1] mallocing pitch
[2] memcpying2d
[3] memcpying
[4] checking for errors
[5] mallocing
[6] memcpying
[7] memcpying
[8] final free
Pass/Fail : Pass

INFO     Running test program /home/andrew/repositories/gpuocelot/ocelot/TestLexer 
INFO     Test /home/andrew/repositories/gpuocelot/ocelot/TestPTXToLLVMTranslator
INFO     Test completed in 0.289222955704 seconds
INFO      It produced the following output:
Failed to parse file '../tests/ptx/sdk3.0/template.ptx':
1 	.version 2.1
2 	.target sm_20
3 	// compiled with /usr/local/cuda/open64/lib//be
4 	// nvopencc 3.1 built on 2010-04-27
5 
6 	//-----------------------------------------------------------
7 	// Compiling /tmp/tmpxft_00004de1_00000000-7_template.cpp3.i (/tmp/ccBI#.VCXCEW)
8 	//-----------------------------------------------------------
9 
10 	//-----------------------------------------------------------
11 	// Options:
12 	//-----------------------------------------------------------
13 	//  Target:ptx, ISA:sm_20, Endian:little, Pointer Size:32
14 	//  -O3	(Optimization level)
15 	//  -g0	(Debug level)
16 	//  -m2	(Report advisories)
17 	//-----------------------------------------------------------
18 
19 	.file	1	"<command-line>"
20 	.file	2	"/tmp/tmpxft_00004de1_00000000-6_template.cudafe2.gpu"
21 	.file	3	"/usr/lib/gcc/i486-linux-gnu/4.4.3/include/stddef.h"
22 	.file	4	"/usr/local/cuda/bin/../include/crt/device_runtime.h"
23 	.file	5	"/usr/local/cuda/bin/../include/host_defines.h"
24 	.file	6	"/usr/local/cuda/bin/../include/builtin_types.h"
25 	.file	7	"/usr/local/cuda/bin/../include/device_types.h"
26 	.file	8	"/usr/local/cuda/bin/../include/driver_types.h"
27 	.file	9	"/usr/local/cuda/bin/../include/surface_types.h"
28 	.file	10	"/usr/local/cuda/bin/../include/texture_types.h"
29 	.file	11	"/usr/local/cuda/bin/../include/vector_types.h"
30 	.file	12	"/usr/local/cuda/bin/../include/device_launch_parameters.h"
31 	.file	13	"/usr/local/cuda/bin/../include/crt/storage_class.h"
32 	.file	14	"/usr/include/bits/types.h"
33 	.file	15	"/usr/include/time.h"
34 	.file	16	"/home/normal/NVIDIA_GPU_Computing_SDK/C/src/template/template_kernel.cu"
35 	.file	17	"/usr/local/cuda/bin/../include/common_functions.h"
36 	.file	18	"/usr/local/cuda/bin/../include/math_functions.h"
37 	.file	19	"/usr/local/cuda/bin/../include/math_constants.h"
38 	.file	20	"/usr/local/cuda/bin/../include/device_functions.h"
39 	.file	21	"/usr/local/cuda/bin/../include/sm_11_atomic_functions.h"
40 	.file	22	"/usr/local/cuda/bin/../include/sm_12_atomic_functions.h"
41 	.file	23	"/usr/local/cuda/bin/../include/sm_13_double_functions.h"
42 	.file	24	"/usr/local/cuda/bin/../include/sm_20_atomic_functions.h"
43 	.file	25	"/usr/local/cuda/bin/../include/sm_20_intrinsics.h"
44 	.file	26	"/usr/local/cuda/bin/../include/surface_functions.h"
45 	.file	27	"/usr/local/cuda/bin/../include/texture_fetch_functions.h"
46 	.file	28	"/usr/local/cuda/bin/../include/math_functions_dbl_ptx3.h"
47 
48 	.extern	.shared .align 4 .b8 sdata[];
49 
50 	.entry _Z10testKernelPfS_ (
51 		.param .u32 __cudaparm__Z10testKernelPfS__g_idata,
52 		.param .u32 __cudaparm__Z10testKernelPfS__g_odata)
53 	{
54 	.reg .u32 %r<11>;
55 	.reg .f32 %f<7>;
56 	.loc	16	34	0
57 $LBB1__Z10testKernelPfS_:
58 	.loc	16	48	0
59 	mov.u32 	%r1, %tid.x;
60 	mul.lo.u32 	%r2, %r1, 4;
61 	mov.u32 	%r3, sdata;
62 	add.u32 	%r4, %r2, %r3;
63 	ld.param.u32 	%r5, [__cudaparm__Z10testKernelPfS__g_idata];
64 	add.u32 	%r6, %r5, %r2;
65 	ld.global.f32 	%f1, [%r6+0];
66 	st.shared.f32 	[%r4+0], %f1;
67 	.loc	16	49	0
68 	bar.sync 	0;
69 	.loc	16	52	0
70 	mov.u32 	%r7, %ntid.x;
71 	cvt.rn.f32.u32 	%f2, %r7;
72 	ld.shared.f32 	%f3, [%r4+0];
73 	mul.f32 	%f4, %f2, %f3;
74 	st.shared.f32 	[%r4+0], %f4;
75 	.loc	16	53	0
76 	bar.sync 	0;
77 	.loc	16	56	0
78 	ld.shared.f32 	%f5, [%r4+0];
79 	ld.param.u32 	%r8, [__cudaparm__Z10testKernelPfS__g_odata];
80 	add.u32 	%r9, %r8, %r2;
81 	st.global.f32 	[%r9+0], %f5;
82 	.loc	16	57	0
83 	exit;
84 $LDWend__Z10testKernelPfS_:
85 	} // _Z10testKernelPfS_
86 
87 
terminate called after throwing an instance of 'parser::PTXParser::Exception'
  what():  ../tests/ptx/sdk3.0/template.ptx (1, 13): Cannot parse PTX version 2.1 with version 1.4 parser.

INFO     Running test program /home/andrew/repositories/gpuocelot/ocelot/TestInstructions 
INFO     Test /home/andrew/repositories/gpuocelot/ocelot/TestInstructions
INFO     Test completed in 0.0409080982208 seconds
INFO      It produced the following output:
Pass/Fail : Pass


Name : TestInstructions

Description: 


Test Seed : 1280471682
Test time : 0.000548363

Status : Test output:
Accessors test passed.
pass: load and store instructions
Abs test passed.
pass: arithmetic instructions
pass: exotic arithmetic instructions
pass: floating-point instructions
pass: logical instructions
pass: comparison instructions
pass: predicated Add and Ld isntructions
pass: control flow instructions



INFO     Running test program /home/andrew/repositories/gpuocelot/ocelot/TestEmulator 
INFO     Test /home/andrew/repositories/gpuocelot/ocelot/TestEmulator
INFO     Test completed in 0.0313310623169 seconds
INFO      It produced the following output:
Pass/Fail : Pass


Name : TestEmulator

Description: 


Test Seed : 1280471682
Test time : 0.00379014

Status : Test output:
11 registers
Register test passed
Load test passed
Store test passed
no errors
Full kernel test passed



INFO     Running test program /home/andrew/repositories/gpuocelot/ocelot/TestCudaGlobals 
INFO     Test /home/andrew/repositories/gpuocelot/ocelot/TestCudaGlobals
INFO     Test completed in 0.0582990646362 seconds
INFO      It produced the following output:
cudaSetDevice() - 0 - Ocelot PTX Emulator 
Pass/Fail : Pass
cudaSetDevice() - 1 - Ocelot Multicore CPU Backend (LLVM-JIT) 
Pass/Fail : Pass

INFO     Running test program /home/andrew/repositories/gpuocelot/ocelot/TestLLVMKernels 
INFO     Test /home/andrew/repositories/gpuocelot/ocelot/TestLLVMKernels
INFO     Test completed in 0.141227006912 seconds
INFO      It produced the following output:
Pass/Fail : Pass


Name : TestLLVMKernels

Description: A unit test for the LLVM executive runtime. Test Points: 1) 
             Execute a kernel with divergent control flow. 2) Execute a kernel with a 
             loop. 3) Execute a matrix multiply kernel.


Test Seed : 1280471683
Test time : 0.0953813

Status : A = [
 1 0 0 0 0 0 0 0 ;
 0.5 1 0 0 0 0 0 0 ;
 0.333333 0.5 1 0 0 0 0 0 ;
 0.25 0.333333 0.5 1 0 0 0 0 ;
 0.2 0.25 0.333333 0.5 1 0 0 0 ;
 0.166667 0.2 0.25 0.333333 0.5 1 0 0 ;
 0.142857 0.166667 0.2 0.25 0.333333 0.5 1 0 ;
 0.125 0.142857 0.166667 0.2 0.25 0.333333 0.5 1 ;
];
V = [
 1 ;
 2 ;
 3 ;
 4 ;
 5 ;
 6 ;
 7 ;
 8 ;
];
R = [
 1 ;
 2.5 ;
 4.33333 ;
 6.41667 ;
 8.7 ;
 11.15 ;
 13.7429 ;
 16.4607 ;
];



INFO     Running test program /home/andrew/repositories/gpuocelot/ocelot/TestKernels 
INFO     Test /home/andrew/repositories/gpuocelot/ocelot/TestKernels
INFO     Test completed in 0.0387439727783 seconds
INFO      It produced the following output:
Kernel launch time was 7.96318e-05s (79619 ticks)
Pass/Fail : Pass


Name : TestKernels

Description: 


Test Seed : 1280471683
Test time : 0.0119998

Status : Test output:
divergent control flow succeeded
looping kernel succeeded
looping kernel succeeded



INFO     Running test program /home/andrew/repositories/gpuocelot/ocelot/TestCalVectorScale 
INFO     Test /home/andrew/repositories/gpuocelot/ocelot/TestCalVectorScale
INFO     Test completed in 0.0326278209686 seconds
INFO      It produced the following output:
No CAL devices found

INFO     Running test program /home/andrew/repositories/gpuocelot/ocelot/TestDataflowGraph 
INFO     Test /home/andrew/repositories/gpuocelot/ocelot/TestDataflowGraph
INFO     Test completed in 0.121701002121 seconds
INFO      It produced the following output:
Failed to parse file '../tests/ptx/sdk3.0/template.ptx':
1 	.version 2.1
2 	.target sm_20
3 	// compiled with /usr/local/cuda/open64/lib//be
4 	// nvopencc 3.1 built on 2010-04-27
5 
6 	//-----------------------------------------------------------
7 	// Compiling /tmp/tmpxft_00004de1_00000000-7_template.cpp3.i (/tmp/ccBI#.VCXCEW)
8 	//-----------------------------------------------------------
9 
10 	//-----------------------------------------------------------
11 	// Options:
12 	//-----------------------------------------------------------
13 	//  Target:ptx, ISA:sm_20, Endian:little, Pointer Size:32
14 	//  -O3	(Optimization level)
15 	//  -g0	(Debug level)
16 	//  -m2	(Report advisories)
17 	//-----------------------------------------------------------
18 
19 	.file	1	"<command-line>"
20 	.file	2	"/tmp/tmpxft_00004de1_00000000-6_template.cudafe2.gpu"
21 	.file	3	"/usr/lib/gcc/i486-linux-gnu/4.4.3/include/stddef.h"
22 	.file	4	"/usr/local/cuda/bin/../include/crt/device_runtime.h"
23 	.file	5	"/usr/local/cuda/bin/../include/host_defines.h"
24 	.file	6	"/usr/local/cuda/bin/../include/builtin_types.h"
25 	.file	7	"/usr/local/cuda/bin/../include/device_types.h"
26 	.file	8	"/usr/local/cuda/bin/../include/driver_types.h"
27 	.file	9	"/usr/local/cuda/bin/../include/surface_types.h"
28 	.file	10	"/usr/local/cuda/bin/../include/texture_types.h"
29 	.file	11	"/usr/local/cuda/bin/../include/vector_types.h"
30 	.file	12	"/usr/local/cuda/bin/../include/device_launch_parameters.h"
31 	.file	13	"/usr/local/cuda/bin/../include/crt/storage_class.h"
32 	.file	14	"/usr/include/bits/types.h"
33 	.file	15	"/usr/include/time.h"
34 	.file	16	"/home/normal/NVIDIA_GPU_Computing_SDK/C/src/template/template_kernel.cu"
35 	.file	17	"/usr/local/cuda/bin/../include/common_functions.h"
36 	.file	18	"/usr/local/cuda/bin/../include/math_functions.h"
37 	.file	19	"/usr/local/cuda/bin/../include/math_constants.h"
38 	.file	20	"/usr/local/cuda/bin/../include/device_functions.h"
39 	.file	21	"/usr/local/cuda/bin/../include/sm_11_atomic_functions.h"
40 	.file	22	"/usr/local/cuda/bin/../include/sm_12_atomic_functions.h"
41 	.file	23	"/usr/local/cuda/bin/../include/sm_13_double_functions.h"
42 	.file	24	"/usr/local/cuda/bin/../include/sm_20_atomic_functions.h"
43 	.file	25	"/usr/local/cuda/bin/../include/sm_20_intrinsics.h"
44 	.file	26	"/usr/local/cuda/bin/../include/surface_functions.h"
45 	.file	27	"/usr/local/cuda/bin/../include/texture_fetch_functions.h"
46 	.file	28	"/usr/local/cuda/bin/../include/math_functions_dbl_ptx3.h"
47 
48 	.extern	.shared .align 4 .b8 sdata[];
49 
50 	.entry _Z10testKernelPfS_ (
51 		.param .u32 __cudaparm__Z10testKernelPfS__g_idata,
52 		.param .u32 __cudaparm__Z10testKernelPfS__g_odata)
53 	{
54 	.reg .u32 %r<11>;
55 	.reg .f32 %f<7>;
56 	.loc	16	34	0
57 $LBB1__Z10testKernelPfS_:
58 	.loc	16	48	0
59 	mov.u32 	%r1, %tid.x;
60 	mul.lo.u32 	%r2, %r1, 4;
61 	mov.u32 	%r3, sdata;
62 	add.u32 	%r4, %r2, %r3;
63 	ld.param.u32 	%r5, [__cudaparm__Z10testKernelPfS__g_idata];
64 	add.u32 	%r6, %r5, %r2;
65 	ld.global.f32 	%f1, [%r6+0];
66 	st.shared.f32 	[%r4+0], %f1;
67 	.loc	16	49	0
68 	bar.sync 	0;
69 	.loc	16	52	0
70 	mov.u32 	%r7, %ntid.x;
71 	cvt.rn.f32.u32 	%f2, %r7;
72 	ld.shared.f32 	%f3, [%r4+0];
73 	mul.f32 	%f4, %f2, %f3;
74 	st.shared.f32 	[%r4+0], %f4;
75 	.loc	16	53	0
76 	bar.sync 	0;
77 	.loc	16	56	0
78 	ld.shared.f32 	%f5, [%r4+0];
79 	ld.param.u32 	%r8, [__cudaparm__Z10testKernelPfS__g_odata];
80 	add.u32 	%r9, %r8, %r2;
81 	st.global.f32 	[%r9+0], %f5;
82 	.loc	16	57	0
83 	exit;
84 $LDWend__Z10testKernelPfS_:
85 	} // _Z10testKernelPfS_
86 
87 
terminate called after throwing an instance of 'parser::PTXParser::Exception'
  what():  ../tests/ptx/sdk3.0/template.ptx (1, 13): Cannot parse PTX version 2.1 with version 1.4 parser.

INFO     Running test program /home/andrew/repositories/gpuocelot/ocelot/TestCudaTextureArray 
INFO     Test /home/andrew/repositories/gpuocelot/ocelot/TestCudaTextureArray
INFO     Test completed in 0.0409529209137 seconds
INFO      It produced the following output:
Pass/Fail : Pass

INFO     Running test program /home/andrew/repositories/gpuocelot/ocelot/TestParser 
INFO     Test /home/andrew/repositories/gpuocelot/ocelot/TestParser
INFO     Test completed in 0.250056028366 seconds
INFO      It produced the following output:
Failed to parse file '::unknown path::':
1 	.version 2.1
2 	.target sm_20
3 	// compiled with /usr/local/cuda/open64/lib//be
4 	// nvopencc 3.1 built on 2010-04-27
5 
6 	//-----------------------------------------------------------
7 	// Compiling /tmp/tmpxft_00004de1_00000000-7_template.cpp3.i (/tmp/ccBI#.VCXCEW)
8 	//-----------------------------------------------------------
9 
10 	//-----------------------------------------------------------
11 	// Options:
12 	//-----------------------------------------------------------
13 	//  Target:ptx, ISA:sm_20, Endian:little, Pointer Size:32
14 	//  -O3	(Optimization level)
15 	//  -g0	(Debug level)
16 	//  -m2	(Report advisories)
17 	//-----------------------------------------------------------
18 
19 	.file	1	"<command-line>"
20 	.file	2	"/tmp/tmpxft_00004de1_00000000-6_template.cudafe2.gpu"
21 	.file	3	"/usr/lib/gcc/i486-linux-gnu/4.4.3/include/stddef.h"
22 	.file	4	"/usr/local/cuda/bin/../include/crt/device_runtime.h"
23 	.file	5	"/usr/local/cuda/bin/../include/host_defines.h"
24 	.file	6	"/usr/local/cuda/bin/../include/builtin_types.h"
25 	.file	7	"/usr/local/cuda/bin/../include/device_types.h"
26 	.file	8	"/usr/local/cuda/bin/../include/driver_types.h"
27 	.file	9	"/usr/local/cuda/bin/../include/surface_types.h"
28 	.file	10	"/usr/local/cuda/bin/../include/texture_types.h"
29 	.file	11	"/usr/local/cuda/bin/../include/vector_types.h"
30 	.file	12	"/usr/local/cuda/bin/../include/device_launch_parameters.h"
31 	.file	13	"/usr/local/cuda/bin/../include/crt/storage_class.h"
32 	.file	14	"/usr/include/bits/types.h"
33 	.file	15	"/usr/include/time.h"
34 	.file	16	"/home/normal/NVIDIA_GPU_Computing_SDK/C/src/template/template_kernel.cu"
35 	.file	17	"/usr/local/cuda/bin/../include/common_functions.h"
36 	.file	18	"/usr/local/cuda/bin/../include/math_functions.h"
37 	.file	19	"/usr/local/cuda/bin/../include/math_constants.h"
38 	.file	20	"/usr/local/cuda/bin/../include/device_functions.h"
39 	.file	21	"/usr/local/cuda/bin/../include/sm_11_atomic_functions.h"
40 	.file	22	"/usr/local/cuda/bin/../include/sm_12_atomic_functions.h"
41 	.file	23	"/usr/local/cuda/bin/../include/sm_13_double_functions.h"
42 	.file	24	"/usr/local/cuda/bin/../include/sm_20_atomic_functions.h"
43 	.file	25	"/usr/local/cuda/bin/../include/sm_20_intrinsics.h"
44 	.file	26	"/usr/local/cuda/bin/../include/surface_functions.h"
45 	.file	27	"/usr/local/cuda/bin/../include/texture_fetch_functions.h"
46 	.file	28	"/usr/local/cuda/bin/../include/math_functions_dbl_ptx3.h"
47 
48 	.extern	.shared .align 4 .b8 sdata[];
49 
50 	.entry _Z10testKernelPfS_ (
51 		.param .u32 __cudaparm__Z10testKernelPfS__g_idata,
52 		.param .u32 __cudaparm__Z10testKernelPfS__g_odata)
53 	{
54 	.reg .u32 %r<11>;
55 	.reg .f32 %f<7>;
56 	.loc	16	34	0
57 $LBB1__Z10testKernelPfS_:
58 	.loc	16	48	0
59 	mov.u32 	%r1, %tid.x;
60 	mul.lo.u32 	%r2, %r1, 4;
61 	mov.u32 	%r3, sdata;
62 	add.u32 	%r4, %r2, %r3;
63 	ld.param.u32 	%r5, [__cudaparm__Z10testKernelPfS__g_idata];
64 	add.u32 	%r6, %r5, %r2;
65 	ld.global.f32 	%f1, [%r6+0];
66 	st.shared.f32 	[%r4+0], %f1;
67 	.loc	16	49	0
68 	bar.sync 	0;
69 	.loc	16	52	0
70 	mov.u32 	%r7, %ntid.x;
71 	cvt.rn.f32.u32 	%f2, %r7;
72 	ld.shared.f32 	%f3, [%r4+0];
73 	mul.f32 	%f4, %f2, %f3;
74 	st.shared.f32 	[%r4+0], %f4;
75 	.loc	16	53	0
76 	bar.sync 	0;
77 	.loc	16	56	0
78 	ld.shared.f32 	%f5, [%r4+0];
79 	ld.param.u32 	%r8, [__cudaparm__Z10testKernelPfS__g_odata];
80 	add.u32 	%r9, %r8, %r2;
81 	st.global.f32 	[%r9+0], %f5;
82 	.loc	16	57	0
83 	exit;
84 $LDWend__Z10testKernelPfS_:
85 	} // _Z10testKernelPfS_
86 
87 
Pass/Fail : Fail


Name : TestParser

Description: A test for the PTXParser class. Test Points: 1) Load a PTX file 
             and run it through the parser generating a module. Write the 
             module to an intermediate stream. Parse the stream again 
             generating a new module, compare both to make sure that they match.


Test Seed : 1280471683
Test time : 0.220491

Status : For file ../tests/ptx/apps/bounding_box.ptx, Test Point 1 (Parse): Passed
For file ../tests/ptx/synthetic/kernels.ptx, Test Point 1 (Parse): Passed
For file ../tests/ptx/synthetic/blockIsOwnPredecessor.ptx, Test Point 1 (Parse): Passed
For file ../tests/ptx/synthetic/barrier.ptx, Test Point 1 (Parse): Passed
For file ../tests/ptx/synthetic/sequence.ptx, Test Point 1 (Parse): Passed
Parse 0 failed with exception: ::unknown path:: (1, 13): Cannot parse PTX version 2.1 with version 1.4 parser.
For file ../tests/ptx/sdk3.0/template.ptx, Test Point 1 (Parse): Failed



INFO     Running test program /home/andrew/repositories/gpuocelot/ocelot/TestDeviceSwitching 
INFO     Test /home/andrew/repositories/gpuocelot/ocelot/TestDeviceSwitching
INFO     Test completed in 0.0465929508209 seconds
INFO      It produced the following output:
Pass/Fail : Pass


Name : TestDeviceSwitching

Description: A unit test for the ability of the CUDA runtime to switch 
             between devices and use multiple threads Test Points: 1) In a single 
             threaded application, iterate across all devices launching the same 
             simple kernel each time 2) Test context migration support in 
             ocelot. Iterate across all devices, launching a simple kernel that 
             updates shared variable. Use the context switch mechanism to 
             migrate the shared data. 3) Test multi-threading support. Launch one 
             host thread to allocate memory, pass pointers to worker 
             threads, each of which should launch independent kernels in 
             parallel.


Test Seed : 1280471683
Test time : 0.0164111

Status : Test Point 1 Passed
Test Point 2 Passed
Test Point 3 Passed



INFO     Running test program /home/andrew/repositories/gpuocelot/ocelot/TestLLVMInstructions 
INFO     Test /home/andrew/repositories/gpuocelot/ocelot/TestLLVMInstructions
INFO     Test completed in 0.0266609191895 seconds
INFO      It produced the following output:
Pass/Fail : Pass


Name : TestLLVMInstructions

Description: A test for the assembly code generation and automatic 
             verfication of individual LLVM instructions. Test Points: 1) For each 
             instruction, generate several assembly strings using the 
             instruction's toString method, make sure that these pass the valid() 
             check, compare to references from the LLVM manual.


Test Seed : 1280471683
Test time : 0.00135636

Status :  Checked instruction "<result> = add i32 4, %var"
Add Instruction Passed
 Checked instruction "%ptr = alloca i32"
 Checked instruction "%ptr = alloca i32, i32 4"
 Checked instruction "%ptr = alloca i32, i32 4, align 1024"
 Checked instruction "%ptr = alloca i32, align 1024"
Alloca Instruction Passed
 Checked instruction "<result> = and i32 4, %var"
 Checked instruction "<result> = and i32 15, 40"
 Checked instruction "<result> = and i32 4, 8"
And Instruction Passed
 Checked instruction "<result> = ashr i32 4, 1"
 Checked instruction "<result> = ashr i8 -2, 1"
 Checked instruction "<result> = ashr < 2 x i32 > < i32 -2, i32 4 >, < i32 1, i32 3 >"
Ashr Instruction Passed
 Checked instruction "%X = bitcast i8 -1 to i8"
 Checked instruction "%Z = bitcast < 2 x i32 > %V to i64"
Bitcast Instruction Passed
 Checked instruction "br i1 %cond, label %IfEqual, label %IfUnequal"
Br Instruction Passed
 Checked instruction "%retval = call i32 @test(i32 %argc)"
 Checked instruction "call i32 (i8*, ...)* @printf(i8* %msg, i32 12, i8 42)"
 Checked instruction "%X = tail call i32 @foo()"
 Checked instruction "%Y = tail call fastcc i32 @foo()"
 Checked instruction "call void @foo(i8 97 signext)"
 Checked instruction "%r = call %struct.A @foo()"
 Checked instruction "call void @foo() noreturn"
 Checked instruction "%ZZ = call zeroext i32 @bar()"
Call Instruction Passed
 Checked instruction "%result = extractelement < 4 x i32 > %vec, i32 0"
Extractelement Instruction Passed
 Checked instruction "%result = extractvalue { i32, float } %agg, 0"
Extractvalue Instruction Passed
 Checked instruction "<result> = fadd float 0x4010000000000000, %var"
Fadd Instruction Passed
 Checked instruction "<result> = fcmp oeq float 0x4010000000000000, 0x4014000000000000"
 Checked instruction "<result> = fcmp one float 0x4010000000000000, 0x4014000000000000"
 Checked instruction "<result> = fcmp olt float 0x4010000000000000, 0x4014000000000000"
 Checked instruction "<result> = fcmp ueq float 0x3ff0000000000000, 0x4000000000000000"
Fcmp Instruction Passed
 Checked instruction "<result> = fdiv float 0x4010000000000000, %var"
Fdiv Instruction Passed
 Checked instruction "<result> = fmul float 0x4010000000000000, %var"
Fmul Instruction Passed
 Checked instruction "%X = fpext float 0x400921cac0000000 to double"
 Checked instruction "%Y = fpext float 0x3ff0000000000000 to float"
Fpext Instruction Passed
 Checked instruction "%X = fptosi double 0xc05ec00000000000 to i32"
Fptosi Instruction Passed
 Checked instruction "%X = fptoui double 0x405ec00000000000 to i32"
Fptoui Instruction Passed
 Checked instruction "%X = fptrunc double 0x405ec00000000000 to float"
Fptrunc Instruction Passed
 Checked instruction "free [ 4 x i8 ]* %array"
Free Instruction Passed
 Checked instruction "<result> = frem float 0x4010000000000000, %var"
Frem Instruction Passed
 Checked instruction "<result> = fsub float 0x0, %val"
Fsub Instruction Passed
 Checked instruction "%vptr = getelementptr { i32, < 2 x i8 > }* %svptr, i32 0, i32 1, i32 1"
 Checked instruction "%eptr = getelementptr [ 12 x i8 ]* %aptr, i32 0, i32 1"
Getelementptr Instruction Passed
 Checked instruction "<result> = icmp ne float* %X, %X"
Icmp Instruction Passed
 Checked instruction "%result = insertelement < 4 x i32 > %vec, i32 1, i32 0"
Insertelement Instruction Passed
 Checked instruction "%result = insertvalue { i32, float } %agg, i32 1, 0"
Insertvalue Instruction Passed
 Checked instruction "%Y = inttoptr i64 0 to i32*"
Inttoptr Instruction Passed
 Checked instruction "%retval = invoke i32 @Test(i32 15) to label %Continue unwind label %TestCleanup"
Invoke Instruction Passed
 Checked instruction "%val = load i32* %ptr"
Load Instruction Passed
 Checked instruction "<result> = lshr i8 -2, 1"
Lshr Instruction Passed
 Checked instruction "%array2 = malloc [ 12 x i8 ], i32 %size"
Malloc Instruction Passed
 Checked instruction "<result> = mul i32 4, %var"
Mul Instruction Passed
 Checked instruction "<result> = or i32 15, 40"
Or Instruction Passed
 Checked instruction "%indvar = phi i32 [ 0, %LoopHeader ], [ %nextindvar, %Loop ]"
Phi Instruction Passed
 Checked instruction "%Y = ptrtoint i32* %x to i64"
Prtoint Instruction Passed
 Checked instruction "ret void"
Ret Instruction Passed
 Checked instruction "<result> = sdiv i32 4, %var"
Sdiv Instruction Passed
 Checked instruction "%X = select i1 1, i8 17, i8 42"
Select Instruction Passed
 Checked instruction "%X = sext i8 -1 to i16"
Sext Instruction Passed
 Checked instruction "<result> = shl i32 1, 32"
Shl Instruction Passed
 Checked instruction "%result = shufflevector < 4 x i32 > %v1, < 4 x i32 > %v2, < 8 x i32 > < i32 0, i32 1, i32 2, i32 3, i32 4, i32 5, i32 6, i32 7 >"
ShuffleVector Instruction Passed
 Checked instruction "%X = sitofp i32 257 to float"
Sitofp Instruction Passed
 Checked instruction "<result> = srem i32 4, %var"
Srem Instruction Passed
 Checked instruction "store i32 3, i32* %ptr"
Store Instruction Passed
 Checked instruction "<result> = sub i32 4, %var"
Sub Instruction Passed
 Checked instruction "switch i32 %val, label %otherwise [ i32 0, label %onzero i32 1, label %onone i32 2, label %ontwo ]"
Switch Instruction Passed
 Checked instruction "%Y = trunc i32 123 to i1"
Trunc Instruction Passed
 Checked instruction "<result> = udiv i32 4, %var"
Udiv Instruction Passed
 Checked instruction "%Y = uitofp i8 -1 to double"
Uitofp Instruction Passed
 Checked instruction "unreachable"
Unreachable Instruction Passed
 Checked instruction "unwind"
Unwind Instruction Passed
 Checked instruction "<result> = urem i32 4, %var"
Urem Instruction Passed
 Checked instruction "%tmp = va_arg i8** %ap, i32"
VarArg Instruction Passed
 Checked instruction "<result> = xor i32 -1, %V"
Xor Instruction Passed
 Checked instruction "%X = zext i32 257 to i64"
Zext Instruction Passed



INFO     Running test program /home/andrew/repositories/gpuocelot/ocelot/TestCudaSequence 
INFO     Test /home/andrew/repositories/gpuocelot/ocelot/TestCudaSequence
INFO     Test completed in 0.0351579189301 seconds
INFO      It produced the following output:
Pass/Fail : Pass

INFO     Test /home/andrew/repositories/gpuocelot/ocelot/TestLexer
INFO     Test completed in 12.6173279285 seconds
INFO      It produced the following output:
Pass/Fail : Pass


Name : TestLexer

Description: Tests for the PTX lexer. Test Point 1: Scan a PTX file and 
             write out a temp stream, scan the stream again and make sure that the 
             two sets of tokens match


Test Seed : 1280471682
Test time : 12.5903

Status : For file ../tests/ptx/apps/bounding_box.ptx, Test Point 1 (Scan): Passed
For file ../tests/ptx/synthetic/kernels.ptx, Test Point 1 (Scan): Passed
For file ../tests/ptx/synthetic/blockIsOwnPredecessor.ptx, Test Point 1 (Scan): Passed
For file ../tests/ptx/synthetic/barrier.ptx, Test Point 1 (Scan): Passed
For file ../tests/ptx/synthetic/sequence.ptx, Test Point 1 (Scan): Passed
For file ../tests/ptx/sdk3.0/template.ptx, Test Point 1 (Scan): Passed
For file ../tests/ptx/sdk3.0/clock_kernel.ptx, Test Point 1 (Scan): Passed
For file ../tests/ptx/sdk3.0/simpleAtomicIntrinsics.ptx, Test Point 1 (Scan): Passed
For file ../tests/ptx/sdk3.0/cppIntegration.ptx, Test Point 1 (Scan): Passed
For file ../tests/ptx/sdk3.0/bandwidthTest.ptx, Test Point 1 (Scan): Passed
For file ../tests/ptx/sdk3.0/simpleTexture_kernel.ptx, Test Point 1 (Scan): Passed
For file ../tests/ptx/sdk3.0/simpleTexture.ptx, Test Point 1 (Scan): Passed
For file ../tests/ptx/sdk3.0/binomialOptions_SM13.ptx, Test Point 1 (Scan): Passed
For file ../tests/ptx/sdk3.0/ParticleSystem.ptx, Test Point 1 (Scan): Passed
For file ../tests/ptx/sdk3.0/simpleCUFFT.ptx, Test Point 1 (Scan): Passed
For file ../tests/ptx/sdk3.0/simpleTemplates_kernel.ptx, Test Point 1 (Scan): Passed
For file ../tests/ptx/sdk3.0/bisect_kernel_small.ptx, Test Point 1 (Scan): Passed
For file ../tests/ptx/sdk3.0/simpleVoteIntrinsics.ptx, Test Point 1 (Scan): Passed
For file ../tests/ptx/sdk3.0/Mandelbrot_sm13.ptx, Test Point 1 (Scan): Passed
For file ../tests/ptx/sdk3.0/bisect_large.ptx, Test Point 1 (Scan): Passed
For file ../tests/ptx/sdk3.0/convolutionFFT2D.ptx, Test Point 1 (Scan): Passed
For file ../tests/ptx/sdk3.0/dct8x8_kernel_short.ptx, Test Point 1 (Scan): Passed
For file ../tests/ptx/sdk3.0/fastWalshTransform.ptx, Test Point 1 (Scan): Passed
For file ../tests/ptx/sdk3.0/MersenneTwister.ptx, Test Point 1 (Scan): Passed
For file ../tests/ptx/sdk3.0/lineOfSight.ptx, Test Point 1 (Scan): Passed
For file ../tests/ptx/sdk3.0/radixsort.ptx, Test Point 1 (Scan): Passed
For file ../tests/ptx/sdk3.0/bicubicTexture.ptx, Test Point 1 (Scan): Passed
For file ../tests/ptx/sdk3.0/concurrentKernels.ptx, Test Point 1 (Scan): Passed
For file ../tests/ptx/sdk3.0/Mandelbrot_kernel.ptx, Test Point 1 (Scan): Passed
For file ../tests/ptx/sdk3.0/fluidsGL.ptx, Test Point 1 (Scan): Passed
For file ../tests/ptx/sdk3.0/transpose_kernel.ptx, Test Point 1 (Scan): Passed
For file ../tests/ptx/sdk3.0/marchingCubes_kernel.ptx, Test Point 1 (Scan): Passed
For file ../tests/ptx/sdk3.0/volumeRender_kernel.ptx, Test Point 1 (Scan): Passed
For file ../tests/ptx/sdk3.0/scalarProd_kernel.ptx, Test Point 1 (Scan): Passed
For file ../tests/ptx/sdk3.0/bisect_small.ptx, Test Point 1 (Scan): Passed
For file ../tests/ptx/sdk3.0/vectorAdd.ptx, Test Point 1 (Scan): Passed
For file ../tests/ptx/sdk3.0/bisect_kernel_large_onei.ptx, Test Point 1 (Scan): Passed
For file ../tests/ptx/sdk3.0/oddEvenMergeSort.ptx, Test Point 1 (Scan): Passed
For file ../tests/ptx/sdk3.0/simplePitchLinearTexture.ptx, Test Point 1 (Scan): Passed
For file ../tests/ptx/sdk3.0/simpleAtomicIntrinsics_kernel.ptx, Test Point 1 (Scan): Passed
For file ../tests/ptx/sdk3.0/dxtc.ptx, Test Point 1 (Scan): Passed
For file ../tests/ptx/sdk3.0/matrixMul_kernel.ptx, Test Point 1 (Scan): Passed
For file ../tests/ptx/sdk3.0/SobelFilter_kernels.ptx, Test Point 1 (Scan): Passed
For file ../tests/ptx/sdk3.0/transpose.ptx, Test Point 1 (Scan): Passed
For file ../tests/ptx/sdk3.0/simpleTemplates.ptx, Test Point 1 (Scan): Passed
For file ../tests/ptx/sdk3.0/recursiveGaussian.ptx, Test Point 1 (Scan): Passed
For file ../tests/ptx/sdk3.0/sobol_gpu.ptx, Test Point 1 (Scan): Passed
For file ../tests/ptx/sdk3.0/simpleStreams.ptx, Test Point 1 (Scan): Passed
For file ../tests/ptx/sdk3.0/simpleZeroCopy.ptx, Test Point 1 (Scan): Passed
For file ../tests/ptx/sdk3.0/MonteCarlo_SM10.ptx, Test Point 1 (Scan): Passed
For file ../tests/ptx/sdk3.0/dct8x8_kernel_quantization.ptx, Test Point 1 (Scan): Passed
For file ../tests/ptx/sdk3.0/threadFenceReduction.ptx, Test Point 1 (Scan): Passed
For file ../tests/ptx/sdk3.0/simpleGL_kernel.ptx, Test Point 1 (Scan): Passed
For file ../tests/ptx/sdk3.0/bisect_kernel_large.ptx, Test Point 1 (Scan): Passed
For file ../tests/ptx/sdk3.0/threadFenceReduction_kernel.ptx, Test Point 1 (Scan): Passed
For file ../tests/ptx/sdk3.0/matrixMul.ptx, Test Point 1 (Scan): Passed
For file ../tests/ptx/sdk3.0/particleSystem.ptx, Test Point 1 (Scan): Passed
For file ../tests/ptx/sdk3.0/boxFilter_kernel.ptx, Test Point 1 (Scan): Passed
For file ../tests/ptx/sdk3.0/dct8x8.ptx, Test Point 1 (Scan): Passed
For file ../tests/ptx/sdk3.0/nbody_kernel.ptx, Test Point 1 (Scan): Passed
For file ../tests/ptx/sdk3.0/histogram64.ptx, Test Point 1 (Scan): Passed
For file ../tests/ptx/sdk3.0/simpleTexture3D_kernel.ptx, Test Point 1 (Scan): Passed
For file ../tests/ptx/sdk3.0/simpleVote_kernel.ptx, Test Point 1 (Scan): Passed
For file ../tests/ptx/sdk3.0/bitonicSort.ptx, Test Point 1 (Scan): Passed
For file ../tests/ptx/sdk3.0/alignedTypes.ptx, Test Point 1 (Scan): Passed
For file ../tests/ptx/sdk3.0/tests.ptx, Test Point 1 (Scan): Passed
For file ../tests/ptx/sdk3.0/binomialOptions_SM10.ptx, Test Point 1 (Scan): Passed
For file ../tests/ptx/sdk3.0/main.ptx, Test Point 1 (Scan): Passed
For file ../tests/ptx/sdk3.0/oceanFFT_kernel.ptx, Test Point 1 (Scan): Passed
For file ../tests/ptx/sdk3.0/reduction_kernel.ptx, Test Point 1 (Scan): Passed
For file ../tests/ptx/sdk3.0/quasirandomGenerator_SM13.ptx, Test Point 1 (Scan): Passed
For file ../tests/ptx/sdk3.0/threadMigration.ptx, Test Point 1 (Scan): Passed
For file ../tests/ptx/sdk3.0/dwtHaar1D.ptx, Test Point 1 (Scan): Passed
For file ../tests/ptx/sdk3.0/histogram256.ptx, Test Point 1 (Scan): Passed
For file ../tests/ptx/sdk3.0/convolutionTexture.ptx, Test Point 1 (Scan): Passed
For file ../tests/ptx/sdk3.0/transposeNew.ptx, Test Point 1 (Scan): Passed
For file ../tests/ptx/sdk3.0/bisect_kernel_large_multi.ptx, Test Point 1 (Scan): Passed
For file ../tests/ptx/sdk3.0/dct8x8_kernel2.ptx, Test Point 1 (Scan): Passed
For file ../tests/ptx/sdk3.0/postProcessGL.ptx, Test Point 1 (Scan): Passed
For file ../tests/ptx/sdk3.0/particles_kernel.ptx, Test Point 1 (Scan): Passed
For file ../tests/ptx/sdk3.0/bisect_util.ptx, Test Point 1 (Scan): Passed
For file ../tests/ptx/sdk3.0/MonteCarlo_SM13.ptx, Test Point 1 (Scan): Passed
For file ../tests/ptx/sdk3.0/imageDenoising.ptx, Test Point 1 (Scan): Passed
For file ../tests/ptx/sdk3.0/recursiveGaussian_kernel.ptx, Test Point 1 (Scan): Passed
For file ../tests/ptx/sdk3.0/clock.ptx, Test Point 1 (Scan): Passed
For file ../tests/ptx/sdk3.0/quasirandomGenerator_SM10.ptx, Test Point 1 (Scan): Passed
For file ../tests/ptx/sdk3.0/BlackScholes.ptx, Test Point 1 (Scan): Passed
For file ../tests/ptx/sdk3.0/scalarProd.ptx, Test Point 1 (Scan): Passed
For file ../tests/ptx/sdk3.0/bodysystemcuda.ptx, Test Point 1 (Scan): Passed
For file ../tests/ptx/sdk3.0/asyncAPI.ptx, Test Point 1 (Scan): Passed
For file ../tests/ptx/sdk3.0/cppIntegration_kernel.ptx, Test Point 1 (Scan): Passed
For file ../tests/ptx/sdk3.0/simpleMultiGPU_kernel.ptx, Test Point 1 (Scan): Passed
For file ../tests/ptx/sdk3.0/convolutionSeparable.ptx, Test Point 1 (Scan): Passed
For file ../tests/ptx/sdk3.0/Mandelbrot_sm11.ptx, Test Point 1 (Scan): Passed
For file ../tests/ptx/sdk2.2/template.ptx, Test Point 1 (Scan): Passed
For file ../tests/ptx/sdk2.2/simpleAtomicIntrinsics.ptx, Test Point 1 (Scan): Passed
For file ../tests/ptx/sdk2.2/cppIntegration.ptx, Test Point 1 (Scan): Passed
For file ../tests/ptx/sdk2.2/bandwidthTest.ptx, Test Point 1 (Scan): Passed
For file ../tests/ptx/sdk2.2/simpleTexture_kernel.ptx, Test Point 1 (Scan): Passed
For file ../tests/ptx/sdk2.2/reduction_kernel_sm13.ptx, Test Point 1 (Scan): Passed
For file ../tests/ptx/sdk2.2/simpleTexture.ptx, Test Point 1 (Scan): Passed
For file ../tests/ptx/sdk2.2/binomialOptions_SM13.ptx, Test Point 1 (Scan): Passed
For file ../tests/ptx/sdk2.2/ParticleSystem.ptx, Test Point 1 (Scan): Passed
For file ../tests/ptx/sdk2.2/simpleCUFFT.ptx, Test Point 1 (Scan): Passed
For file ../tests/ptx/sdk2.2/simpleVoteIntrinsics.ptx, Test Point 1 (Scan): Passed
For file ../tests/ptx/sdk2.2/Mandelbrot_sm13.ptx, Test Point 1 (Scan): Passed
For file ../tests/ptx/sdk2.2/bisect_large.ptx, Test Point 1 (Scan): Passed
For file ../tests/ptx/sdk2.2/convolutionFFT2D.ptx, Test Point 1 (Scan): Passed
For file ../tests/ptx/sdk2.2/bitonic.ptx, Test Point 1 (Scan): Passed
For file ../tests/ptx/sdk2.2/fastWalshTransform.ptx, Test Point 1 (Scan): Passed
For file ../tests/ptx/sdk2.2/MersenneTwister.ptx, Test Point 1 (Scan): Passed
For file ../tests/ptx/sdk2.2/lineOfSight.ptx, Test Point 1 (Scan): Passed
For file ../tests/ptx/sdk2.2/radixsort.ptx, Test Point 1 (Scan): Passed
For file ../tests/ptx/sdk2.2/bicubicTexture.ptx, Test Point 1 (Scan): Passed
For file ../tests/ptx/sdk2.2/scan.ptx, Test Point 1 (Scan): Passed
For file ../tests/ptx/sdk2.2/fluidsGL.ptx, Test Point 1 (Scan): Passed
For file ../tests/ptx/sdk2.2/marchingCubes_kernel.ptx, Test Point 1 (Scan): Passed
For file ../tests/ptx/sdk2.2/reduction_kernel_sm10.ptx, Test Point 1 (Scan): Passed
For file ../tests/ptx/sdk2.2/volumeRender_kernel.ptx, Test Point 1 (Scan): Passed
For file ../tests/ptx/sdk2.2/histogram256_SM10.ptx, Test Point 1 (Scan): Passed
For file ../tests/ptx/sdk2.2/bisect_small.ptx, Test Point 1 (Scan): Passed
For file ../tests/ptx/sdk2.2/dxtc.ptx, Test Point 1 (Scan): Passed
For file ../tests/ptx/sdk2.2/particleSystem2.ptx, Test Point 1 (Scan): Passed
For file ../tests/ptx/sdk2.2/matrixMul_kernel.ptx, Test Point 1 (Scan): Passed
For file ../tests/ptx/sdk2.2/histogram256_SM11.ptx, Test Point 1 (Scan): Passed
For file ../tests/ptx/sdk2.2/SobelFilter_kernels.ptx, Test Point 1 (Scan): Passed
For file ../tests/ptx/sdk2.2/transpose.ptx, Test Point 1 (Scan): Passed
For file ../tests/ptx/sdk2.2/simpleTemplates.ptx, Test Point 1 (Scan): Passed
For file ../tests/ptx/sdk2.2/Mandelbrot_sm10.ptx, Test Point 1 (Scan): Passed
For file ../tests/ptx/sdk2.2/recursiveGaussian.ptx, Test Point 1 (Scan): Passed
For file ../tests/ptx/sdk2.2/sobol_gpu.ptx, Test Point 1 (Scan): Passed
For file ../tests/ptx/sdk2.2/simpleStreams.ptx, Test Point 1 (Scan): Passed
For file ../tests/ptx/sdk2.2/simpleZeroCopy.ptx, Test Point 1 (Scan): Passed
For file ../tests/ptx/sdk2.2/MonteCarlo_SM10.ptx, Test Point 1 (Scan): Passed
For file ../tests/ptx/sdk2.2/threadFenceReduction.ptx, Test Point 1 (Scan): Passed
For file ../tests/ptx/sdk2.2/simpleGL_kernel.ptx, Test Point 1 (Scan): Passed
For file ../tests/ptx/sdk2.2/matrixMul.ptx, Test Point 1 (Scan): Passed
For file ../tests/ptx/sdk2.2/histogram256_SM12.ptx, Test Point 1 (Scan): Passed
For file ../tests/ptx/sdk2.2/boxFilter_kernel.ptx, Test Point 1 (Scan): Passed
For file ../tests/ptx/sdk2.2/dct8x8.ptx, Test Point 1 (Scan): Passed
For file ../tests/ptx/sdk2.2/histogram64.ptx, Test Point 1 (Scan): Passed
For file ../tests/ptx/sdk2.2/simpleTexture3D_kernel.ptx, Test Point 1 (Scan): Passed
For file ../tests/ptx/sdk2.2/alignedTypes.ptx, Test Point 1 (Scan): Passed
For file ../tests/ptx/sdk2.2/binomialOptions_SM10.ptx, Test Point 1 (Scan): Passed
For file ../tests/ptx/sdk2.2/main.ptx, Test Point 1 (Scan): Passed
For file ../tests/ptx/sdk2.2/new_radixsort.ptx, Test Point 1 (Scan): Passed
For file ../tests/ptx/sdk2.2/oceanFFT_kernel.ptx, Test Point 1 (Scan): Passed
For file ../tests/ptx/sdk2.2/quasirandomGenerator_SM13.ptx, Test Point 1 (Scan): Passed
For file ../tests/ptx/sdk2.2/threadMigration.ptx, Test Point 1 (Scan): Passed
For file ../tests/ptx/sdk2.2/dwtHaar1D.ptx, Test Point 1 (Scan): Passed
For file ../tests/ptx/sdk2.2/convolutionTexture.ptx, Test Point 1 (Scan): Passed
For file ../tests/ptx/sdk2.2/transposeNew.ptx, Test Point 1 (Scan): Passed
For file ../tests/ptx/sdk2.2/postProcessGL.ptx, Test Point 1 (Scan): Passed
For file ../tests/ptx/sdk2.2/MonteCarlo_SM13.ptx, Test Point 1 (Scan): Passed
For file ../tests/ptx/sdk2.2/imageDenoising.ptx, Test Point 1 (Scan): Passed
For file ../tests/ptx/sdk2.2/reduction.ptx, Test Point 1 (Scan): Passed
For file ../tests/ptx/sdk2.2/clock.ptx, Test Point 1 (Scan): Passed
For file ../tests/ptx/sdk2.2/quasirandomGenerator_SM10.ptx, Test Point 1 (Scan): Passed
For file ../tests/ptx/sdk2.2/scanLargeArray.ptx, Test Point 1 (Scan): Passed
For file ../tests/ptx/sdk2.2/BlackScholes.ptx, Test Point 1 (Scan): Passed
For file ../tests/ptx/sdk2.2/scalarProd.ptx, Test Point 1 (Scan): Passed
For file ../tests/ptx/sdk2.2/bodysystemcuda.ptx, Test Point 1 (Scan): Passed
For file ../tests/ptx/sdk2.2/asyncAPI.ptx, Test Point 1 (Scan): Passed
For file ../tests/ptx/sdk2.2/simpleMultiGPU_kernel.ptx, Test Point 1 (Scan): Passed
For file ../tests/ptx/sdk2.2/convolutionSeparable.ptx, Test Point 1 (Scan): Passed



INFO     
Passing tests:
 (0.041s) : /home/andrew/repositories/gpuocelot/ocelot/TestInstructions : Passed
 (0.031s) : /home/andrew/repositories/gpuocelot/ocelot/TestEmulator : Passed
 (0.035s) : /home/andrew/repositories/gpuocelot/ocelot/TestCudaSequence : Passed
 (0.041s) : /home/andrew/repositories/gpuocelot/ocelot/TestCudaTextureArray : Passed
 (0.027s) : /home/andrew/repositories/gpuocelot/ocelot/TestLLVMInstructions : Passed
 (0.042s) : /home/andrew/repositories/gpuocelot/ocelot/TestCudaTexture2D : Passed
 (0.039s) : /home/andrew/repositories/gpuocelot/ocelot/TestKernels : Passed
 (12.617s) : /home/andrew/repositories/gpuocelot/ocelot/TestLexer : Passed
 (0.141s) : /home/andrew/repositories/gpuocelot/ocelot/TestLLVMKernels : Passed
 (0.050s) : /home/andrew/repositories/gpuocelot/ocelot/TestCudaMalloc : Passed
 (0.058s) : /home/andrew/repositories/gpuocelot/ocelot/TestCudaGlobals : Passed
 (0.047s) : /home/andrew/repositories/gpuocelot/ocelot/TestDeviceSwitching : Passed

Failing tests:
 (0.122s) : /home/andrew/repositories/gpuocelot/ocelot/TestDataflowGraph : Did not complete.
 (0.033s) : /home/andrew/repositories/gpuocelot/ocelot/TestCalVectorScale : Did not complete.
 (0.289s) : /home/andrew/repositories/gpuocelot/ocelot/TestPTXToLLVMTranslator : Did not complete.
 (0.250s) : /home/andrew/repositories/gpuocelot/ocelot/TestParser : Failed

Non-Existent tests:

