INFO     Reading in test file /home/normal/checkout/gpuocelot/ocelot/regression/full.level
INFO      Found the following tests:
INFO       /home/normal/checkout/gpuocelot/ocelot/.debug_build/TestLexer
INFO       /home/normal/checkout/gpuocelot/ocelot/.debug_build/TestParser
INFO       /home/normal/checkout/gpuocelot/ocelot/.debug_build/TestEmulator
INFO       /home/normal/checkout/gpuocelot/ocelot/.debug_build/TestInstructions
INFO       /home/normal/checkout/gpuocelot/ocelot/.debug_build/TestKernels
INFO       /home/normal/checkout/gpuocelot/ocelot/.debug_build/TestDataflowGraph
INFO       /home/normal/checkout/gpuocelot/ocelot/.debug_build/TestLLVMInstructions
INFO       /home/normal/checkout/gpuocelot/ocelot/.debug_build/TestPTXToLLVMTranslator
INFO       /home/normal/checkout/gpuocelot/ocelot/.debug_build/TestLLVMKernels
INFO       /home/normal/checkout/gpuocelot/ocelot/.debug_build/TestCudaMalloc
INFO       /home/normal/checkout/gpuocelot/ocelot/.debug_build/TestCudaTexture2D
INFO       /home/normal/checkout/gpuocelot/ocelot/.debug_build/TestCudaTextureArray
INFO       /home/normal/checkout/gpuocelot/ocelot/.debug_build/TestCudaGlobals
INFO       /home/normal/checkout/gpuocelot/ocelot/.debug_build/TestDeviceSwitching
INFO       /home/normal/checkout/gpuocelot/ocelot/.debug_build/TestCudaSequence
INFO       /home/normal/checkout/gpuocelot/ocelot/.debug_build/TestPTXAssembly
INFO       /home/normal/checkout/gpuocelot/ocelot/.debug_build/TestFunctionCall
INFO       /home/normal/checkout/gpuocelot/ocelot/.debug_build/TestIndirectFunctionCall
INFO       /home/normal/checkout/gpuocelot/ocelot/.debug_build/TestExternalFunctions
INFO       /home/normal/checkout/gpuocelot/ocelot/.debug_build/TestOptimizations
INFO     ==== INDIVIDUAL TEST RESULTS ====

INFO     Running test program /home/normal/checkout/gpuocelot/ocelot/.debug_build/TestDeviceSwitching 
INFO     Running test program /home/normal/checkout/gpuocelot/ocelot/.debug_build/TestLLVMInstructions 
INFO     Running test program /home/normal/checkout/gpuocelot/ocelot/.debug_build/TestIndirectFunctionCall 
INFO     Running test program /home/normal/checkout/gpuocelot/ocelot/.debug_build/TestCudaTexture2D 
INFO     Running test program /home/normal/checkout/gpuocelot/ocelot/.debug_build/TestInstructions 
INFO     Running test program /home/normal/checkout/gpuocelot/ocelot/.debug_build/TestCudaSequence 
INFO     Running test program /home/normal/checkout/gpuocelot/ocelot/.debug_build/TestPTXToLLVMTranslator -i ../tests/ptx 
INFO     Running test program /home/normal/checkout/gpuocelot/ocelot/.debug_build/TestLexer -i ../tests/ptx 
INFO     Test /home/normal/checkout/gpuocelot/ocelot/.debug_build/TestDeviceSwitching
INFO     Test completed in 0.0174448490143 seconds
INFO      It produced the following output:
/home/normal/checkout/gpuocelot/ocelot/.debug_build/TestDeviceSwitching: symbol lookup error: .debug_build/libocelot.so: undefined symbol: _ZTIN9hydrazine10StringableE

INFO     Running test program /home/normal/checkout/gpuocelot/ocelot/.debug_build/TestExternalFunctions 
INFO     Test /home/normal/checkout/gpuocelot/ocelot/.debug_build/TestIndirectFunctionCall
INFO     Test completed in 0.019259929657 seconds
INFO      It produced the following output:
/home/normal/checkout/gpuocelot/ocelot/.debug_build/TestIndirectFunctionCall: symbol lookup error: .debug_build/libocelot.so: undefined symbol: _ZTIN9hydrazine10StringableE

INFO     Running test program /home/normal/checkout/gpuocelot/ocelot/.debug_build/TestCudaTextureArray 
INFO     Test /home/normal/checkout/gpuocelot/ocelot/.debug_build/TestInstructions
INFO     Test completed in 0.0201561450958 seconds
INFO      It produced the following output:
/home/normal/checkout/gpuocelot/ocelot/.debug_build/TestInstructions: symbol lookup error: .debug_build/libocelot.so: undefined symbol: _ZTIN9hydrazine10StringableE

INFO     Test /home/normal/checkout/gpuocelot/ocelot/.debug_build/TestCudaTexture2D
INFO     Test completed in 0.0213098526001 seconds
INFO      It produced the following output:
/home/normal/checkout/gpuocelot/ocelot/.debug_build/TestCudaTexture2D: symbol lookup error: .debug_build/libocelot.so: undefined symbol: _ZTIN9hydrazine10StringableE

INFO     Running test program /home/normal/checkout/gpuocelot/ocelot/.debug_build/TestKernels 
INFO     Running test program /home/normal/checkout/gpuocelot/ocelot/.debug_build/TestPTXAssembly 
INFO     Test /home/normal/checkout/gpuocelot/ocelot/.debug_build/TestPTXToLLVMTranslator
INFO     Test completed in 0.0198140144348 seconds
INFO      It produced the following output:
/home/normal/checkout/gpuocelot/ocelot/.debug_build/TestPTXToLLVMTranslator: symbol lookup error: .debug_build/libocelot.so: undefined symbol: _ZTIN9hydrazine10StringableE

INFO     Test /home/normal/checkout/gpuocelot/ocelot/.debug_build/TestLexer
INFO     Test completed in 0.0189890861511 seconds
INFO      It produced the following output:
/home/normal/checkout/gpuocelot/ocelot/.debug_build/TestLexer: symbol lookup error: .debug_build/libocelot.so: undefined symbol: _ZTIN9hydrazine10StringableE

INFO     Running test program /home/normal/checkout/gpuocelot/ocelot/.debug_build/TestLLVMKernels 
INFO     Running test program /home/normal/checkout/gpuocelot/ocelot/.debug_build/TestParser -i ../tests/ptx 
INFO     Test /home/normal/checkout/gpuocelot/ocelot/.debug_build/TestLLVMInstructions
INFO     Test completed in 0.0273180007935 seconds
INFO      It produced the following output:
/home/normal/checkout/gpuocelot/ocelot/.debug_build/TestLLVMInstructions: symbol lookup error: .debug_build/libocelot.so: undefined symbol: _ZTIN9hydrazine10StringableE

INFO     Running test program /home/normal/checkout/gpuocelot/ocelot/.debug_build/TestCudaGlobals 
INFO     Test /home/normal/checkout/gpuocelot/ocelot/.debug_build/TestCudaSequence
INFO     Test completed in 0.0250298976898 seconds
INFO      It produced the following output:
/home/normal/checkout/gpuocelot/ocelot/.debug_build/TestCudaSequence: symbol lookup error: .debug_build/libocelot.so: undefined symbol: _ZTIN9hydrazine10StringableE

INFO     Running test program /home/normal/checkout/gpuocelot/ocelot/.debug_build/TestOptimizations -i ../tests/ptx 
INFO     Test /home/normal/checkout/gpuocelot/ocelot/.debug_build/TestExternalFunctions
INFO     Test completed in 0.022127866745 seconds
INFO      It produced the following output:
/home/normal/checkout/gpuocelot/ocelot/.debug_build/TestExternalFunctions: symbol lookup error: .debug_build/libocelot.so: undefined symbol: _ZTIN9hydrazine10StringableE

INFO     Running test program /home/normal/checkout/gpuocelot/ocelot/.debug_build/TestEmulator 
INFO     Test /home/normal/checkout/gpuocelot/ocelot/.debug_build/TestCudaTextureArray
INFO     Test completed in 0.0217609405518 seconds
INFO      It produced the following output:
/home/normal/checkout/gpuocelot/ocelot/.debug_build/TestCudaTextureArray: symbol lookup error: .debug_build/libocelot.so: undefined symbol: _ZTIN9hydrazine10StringableE

INFO     Running test program /home/normal/checkout/gpuocelot/ocelot/.debug_build/TestFunctionCall 
INFO     Test /home/normal/checkout/gpuocelot/ocelot/.debug_build/TestPTXAssembly
INFO     Test completed in 0.0203938484192 seconds
INFO      It produced the following output:
/home/normal/checkout/gpuocelot/ocelot/.debug_build/TestPTXAssembly: symbol lookup error: .debug_build/libocelot.so: undefined symbol: _ZTIN9hydrazine10StringableE

INFO     Running test program /home/normal/checkout/gpuocelot/ocelot/.debug_build/TestCudaMalloc 
INFO     Test /home/normal/checkout/gpuocelot/ocelot/.debug_build/TestParser
INFO     Test completed in 0.0198061466217 seconds
INFO      It produced the following output:
/home/normal/checkout/gpuocelot/ocelot/.debug_build/TestParser: symbol lookup error: .debug_build/libocelot.so: undefined symbol: _ZTIN9hydrazine10StringableE

INFO     Test /home/normal/checkout/gpuocelot/ocelot/.debug_build/TestLLVMKernels
INFO     Test completed in 0.0207850933075 seconds
INFO      It produced the following output:
/home/normal/checkout/gpuocelot/ocelot/.debug_build/TestLLVMKernels: symbol lookup error: .debug_build/libocelot.so: undefined symbol: _ZTIN9hydrazine10StringableE

INFO     Running test program /home/normal/checkout/gpuocelot/ocelot/.debug_build/TestDataflowGraph -i ../tests/ptx 
INFO     Test /home/normal/checkout/gpuocelot/ocelot/.debug_build/TestCudaGlobals
INFO     Test completed in 0.0190660953522 seconds
INFO      It produced the following output:
/home/normal/checkout/gpuocelot/ocelot/.debug_build/TestCudaGlobals: symbol lookup error: .debug_build/libocelot.so: undefined symbol: _ZTIN9hydrazine10StringableE

INFO     Test /home/normal/checkout/gpuocelot/ocelot/.debug_build/TestKernels
INFO     Test completed in 0.0245959758759 seconds
INFO      It produced the following output:
/home/normal/checkout/gpuocelot/ocelot/.debug_build/TestKernels: symbol lookup error: .debug_build/libocelot.so: undefined symbol: _ZTIN9hydrazine10StringableE

INFO     Test /home/normal/checkout/gpuocelot/ocelot/.debug_build/TestOptimizations
INFO     Test completed in 0.0207300186157 seconds
INFO      It produced the following output:
/home/normal/checkout/gpuocelot/ocelot/.debug_build/TestOptimizations: symbol lookup error: .debug_build/libocelot.so: undefined symbol: _ZTIN9hydrazine10StringableE

INFO     Test /home/normal/checkout/gpuocelot/ocelot/.debug_build/TestEmulator
INFO     Test completed in 0.0176758766174 seconds
INFO      It produced the following output:
/home/normal/checkout/gpuocelot/ocelot/.debug_build/TestEmulator: symbol lookup error: .debug_build/libocelot.so: undefined symbol: _ZTIN9hydrazine10StringableE

INFO     Test /home/normal/checkout/gpuocelot/ocelot/.debug_build/TestDataflowGraph
INFO     Test completed in 0.0133922100067 seconds
INFO      It produced the following output:
/home/normal/checkout/gpuocelot/ocelot/.debug_build/TestDataflowGraph: symbol lookup error: .debug_build/libocelot.so: undefined symbol: _ZTIN9hydrazine10StringableE

INFO     Test /home/normal/checkout/gpuocelot/ocelot/.debug_build/TestFunctionCall
INFO     Test completed in 0.0178060531616 seconds
INFO      It produced the following output:
/home/normal/checkout/gpuocelot/ocelot/.debug_build/TestFunctionCall: symbol lookup error: .debug_build/libocelot.so: undefined symbol: _ZTIN9hydrazine10StringableE

INFO     Test /home/normal/checkout/gpuocelot/ocelot/.debug_build/TestCudaMalloc
INFO     Test completed in 0.0161371231079 seconds
INFO      It produced the following output:
/home/normal/checkout/gpuocelot/ocelot/.debug_build/TestCudaMalloc: symbol lookup error: .debug_build/libocelot.so: undefined symbol: _ZTIN9hydrazine10StringableE

INFO     
Passing tests:

Failing tests:
 (0.020s) : /home/normal/checkout/gpuocelot/ocelot/.debug_build/TestPTXToLLVMTranslator : Did not complete.
 (0.022s) : /home/normal/checkout/gpuocelot/ocelot/.debug_build/TestExternalFunctions : Did not complete.
 (0.021s) : /home/normal/checkout/gpuocelot/ocelot/.debug_build/TestLLVMKernels : Did not complete.
 (0.019s) : /home/normal/checkout/gpuocelot/ocelot/.debug_build/TestCudaGlobals : Did not complete.
 (0.021s) : /home/normal/checkout/gpuocelot/ocelot/.debug_build/TestOptimizations : Did not complete.
 (0.013s) : /home/normal/checkout/gpuocelot/ocelot/.debug_build/TestDataflowGraph : Did not complete.
 (0.021s) : /home/normal/checkout/gpuocelot/ocelot/.debug_build/TestCudaTexture2D : Did not complete.
 (0.019s) : /home/normal/checkout/gpuocelot/ocelot/.debug_build/TestLexer : Did not complete.
 (0.027s) : /home/normal/checkout/gpuocelot/ocelot/.debug_build/TestLLVMInstructions : Did not complete.
 (0.020s) : /home/normal/checkout/gpuocelot/ocelot/.debug_build/TestInstructions : Did not complete.
 (0.017s) : /home/normal/checkout/gpuocelot/ocelot/.debug_build/TestDeviceSwitching : Did not complete.
 (0.020s) : /home/normal/checkout/gpuocelot/ocelot/.debug_build/TestPTXAssembly : Did not complete.
 (0.016s) : /home/normal/checkout/gpuocelot/ocelot/.debug_build/TestCudaMalloc : Did not complete.
 (0.022s) : /home/normal/checkout/gpuocelot/ocelot/.debug_build/TestCudaTextureArray : Did not complete.
 (0.019s) : /home/normal/checkout/gpuocelot/ocelot/.debug_build/TestIndirectFunctionCall : Did not complete.
 (0.020s) : /home/normal/checkout/gpuocelot/ocelot/.debug_build/TestParser : Did not complete.
 (0.025s) : /home/normal/checkout/gpuocelot/ocelot/.debug_build/TestKernels : Did not complete.
 (0.018s) : /home/normal/checkout/gpuocelot/ocelot/.debug_build/TestFunctionCall : Did not complete.
 (0.018s) : /home/normal/checkout/gpuocelot/ocelot/.debug_build/TestEmulator : Did not complete.
 (0.025s) : /home/normal/checkout/gpuocelot/ocelot/.debug_build/TestCudaSequence : Did not complete.

