INFO     Reading in test file /home/normal/checkout/gpuocelot/ocelot/regression/ocelotRegressionTests.txt
INFO      Found the following tests:
INFO       /home/normal/checkout/gpuocelot/ocelot/TestLexer
INFO       /home/normal/checkout/gpuocelot/ocelot/TestParser
INFO       /home/normal/checkout/gpuocelot/ocelot/TestEmulator
INFO       /home/normal/checkout/gpuocelot/ocelot/TestInstructions
INFO       /home/normal/checkout/gpuocelot/ocelot/TestKernels
INFO       /home/normal/checkout/gpuocelot/ocelot/TestDataflowGraph
INFO       /home/normal/checkout/gpuocelot/ocelot/TestLLVMInstructions
INFO       /home/normal/checkout/gpuocelot/ocelot/TestPTXToLLVMTranslator
INFO       /home/normal/checkout/gpuocelot/ocelot/TestLLVMKernels
INFO       /home/normal/checkout/gpuocelot/ocelot/TestCudaMalloc
INFO       /home/normal/checkout/gpuocelot/ocelot/TestCudaTexture2D
INFO       /home/normal/checkout/gpuocelot/ocelot/TestCudaTextureArray
INFO       /home/normal/checkout/gpuocelot/ocelot/TestCudaGlobals
INFO       /home/normal/checkout/gpuocelot/ocelot/TestDeviceSwitching
INFO       /home/normal/checkout/gpuocelot/ocelot/TestCudaSequence
INFO       /home/normal/checkout/gpuocelot/ocelot/TestCalVectorScale
INFO     ==== INDIVIDUAL TEST RESULTS ====

INFO     Running test program /home/normal/checkout/gpuocelot/ocelot/TestLLVMKernels 
INFO     Running test program /home/normal/checkout/gpuocelot/ocelot/TestCudaMalloc 
INFO     Test /home/normal/checkout/gpuocelot/ocelot/TestCudaMalloc
INFO     Test completed in 0.807229042053 seconds
INFO      It produced the following output:
test_malloc(256, 128)
PASSED
test_mallocArray(256, 128)
checking results from last cudaMemcpyFromArray
PASSED
[1] mallocing pitch
[2] memcpying2d
[3] memcpying
[4] checking for errors
[5] mallocing
[6] memcpying
[7] memcpying
[8] final free
Pass/Fail : Pass

INFO     Running test program /home/normal/checkout/gpuocelot/ocelot/TestCudaTexture2D 
INFO     Test /home/normal/checkout/gpuocelot/ocelot/TestCudaTexture2D
INFO     Test completed in 0.293292999268 seconds
INFO      It produced the following output:
Pass/Fail : Pass

INFO     Running test program /home/normal/checkout/gpuocelot/ocelot/TestCudaTextureArray 
INFO     Test /home/normal/checkout/gpuocelot/ocelot/TestCudaTextureArray
INFO     Test completed in 0.293860912323 seconds
INFO      It produced the following output:
Pass/Fail : Pass

INFO     Running test program /home/normal/checkout/gpuocelot/ocelot/TestCudaSequence 
INFO     Test /home/normal/checkout/gpuocelot/ocelot/TestLLVMKernels
INFO     Test completed in 1.41641616821 seconds
INFO      It produced the following output:
Pass/Fail : Pass


Name : TestLLVMKernels

Description: A unit test for the LLVM executive runtime. Test Points: 1) 
             Execute a kernel with divergent control flow. 2) Execute a kernel with a 
             loop. 3) Execute a matrix multiply kernel.


Test Seed : 1280409274
Test time : 1.11015

Status : A = [
 1 0 0 0 0 0 0 0 ;
 0.5 1 0 0 0 0 0 0 ;
 0.333333 0.5 1 0 0 0 0 0 ;
 0.25 0.333333 0.5 1 0 0 0 0 ;
 0.2 0.25 0.333333 0.5 1 0 0 0 ;
 0.166667 0.2 0.25 0.333333 0.5 1 0 0 ;
 0.142857 0.166667 0.2 0.25 0.333333 0.5 1 0 ;
 0.125 0.142857 0.166667 0.2 0.25 0.333333 0.5 1 ;
];
V = [
 1 ;
 2 ;
 3 ;
 4 ;
 5 ;
 6 ;
 7 ;
 8 ;
];
R = [
 1 ;
 2.5 ;
 4.33333 ;
 6.41667 ;
 8.7 ;
 11.15 ;
 13.7429 ;
 16.4607 ;
];



INFO     Running test program /home/normal/checkout/gpuocelot/ocelot/TestCudaGlobals 
INFO     Test /home/normal/checkout/gpuocelot/ocelot/TestCudaSequence
INFO     Test completed in 0.296643972397 seconds
INFO      It produced the following output:
Pass/Fail : Pass

INFO     Running test program /home/normal/checkout/gpuocelot/ocelot/TestParser 
INFO     Test /home/normal/checkout/gpuocelot/ocelot/TestCudaGlobals
INFO     Test completed in 0.44399189949 seconds
INFO      It produced the following output:
cudaSetDevice() - 0 - Ocelot PTX Emulator 
Pass/Fail : Pass
cudaSetDevice() - 1 - Ocelot Multicore CPU Backend (LLVM-JIT) 
Pass/Fail : Pass

INFO     Running test program /home/normal/checkout/gpuocelot/ocelot/TestDeviceSwitching 
INFO     Test /home/normal/checkout/gpuocelot/ocelot/TestDeviceSwitching
INFO     Test completed in 0.190222978592 seconds
INFO      It produced the following output:
Pass/Fail : Pass


Name : TestDeviceSwitching

Description: A unit test for the ability of the CUDA runtime to switch 
             between devices and use multiple threads Test Points: 1) In a single 
             threaded application, iterate across all devices launching the same 
             simple kernel each time 2) Test context migration support in 
             ocelot. Iterate across all devices, launching a simple kernel that 
             updates shared variable. Use the context switch mechanism to 
             migrate the shared data. 3) Test multi-threading support. Launch one 
             host thread to allocate memory, pass pointers to worker 
             threads, each of which should launch independent kernels in 
             parallel.


Test Seed : 1280409276
Test time : 0.153077

Status : Test Point 1 Passed
Test Point 2 Passed
Test Point 3 Passed



INFO     Running test program /home/normal/checkout/gpuocelot/ocelot/TestKernels 
INFO     Test /home/normal/checkout/gpuocelot/ocelot/TestKernels
INFO     Test completed in 0.11821103096 seconds
INFO      It produced the following output:
Kernel launch time was 0.000285387s (285441 ticks)
Pass/Fail : Pass


Name : TestKernels

Description: 


Test Seed : 1280409276
Test time : 0.0923982

Status : Test output:
divergent control flow succeeded
looping kernel succeeded
looping kernel succeeded



INFO     Running test program /home/normal/checkout/gpuocelot/ocelot/TestCalVectorScale 
INFO     Test /home/normal/checkout/gpuocelot/ocelot/TestCalVectorScale
INFO     Test completed in 0.0593309402466 seconds
INFO      It produced the following output:
No CAL devices found

INFO     Running test program /home/normal/checkout/gpuocelot/ocelot/TestLexer 
INFO     Test /home/normal/checkout/gpuocelot/ocelot/TestLexer
INFO     Test completed in 76.1026818752 seconds
INFO      It produced the following output:
Pass/Fail : Pass


Name : TestLexer

Description: Tests for the PTX lexer. Test Point 1: Scan a PTX file and 
             write out a temp stream, scan the stream again and make sure that the 
             two sets of tokens match


Test Seed : 1280409276
Test time : 76.0774

Status : For file ../tests/ptx/apps/bounding_box.ptx, Test Point 1 (Scan): Passed
For file ../tests/ptx/sdk2.2/lineOfSight.ptx, Test Point 1 (Scan): Passed
For file ../tests/ptx/sdk2.2/histogram256_SM10.ptx, Test Point 1 (Scan): Passed
For file ../tests/ptx/sdk2.2/dct8x8.ptx, Test Point 1 (Scan): Passed
For file ../tests/ptx/sdk2.2/histogram64.ptx, Test Point 1 (Scan): Passed
For file ../tests/ptx/sdk2.2/simpleAtomicIntrinsics.ptx, Test Point 1 (Scan): Passed
For file ../tests/ptx/sdk2.2/bodysystemcuda.ptx, Test Point 1 (Scan): Passed
For file ../tests/ptx/sdk2.2/reduction_kernel_sm10.ptx, Test Point 1 (Scan): Passed
For file ../tests/ptx/sdk2.2/reduction_kernel_sm13.ptx, Test Point 1 (Scan): Passed
For file ../tests/ptx/sdk2.2/transpose.ptx, Test Point 1 (Scan): Passed
For file ../tests/ptx/sdk2.2/simpleZeroCopy.ptx, Test Point 1 (Scan): Passed
For file ../tests/ptx/sdk2.2/scanLargeArray.ptx, Test Point 1 (Scan): Passed
For file ../tests/ptx/sdk2.2/BlackScholes.ptx, Test Point 1 (Scan): Passed
For file ../tests/ptx/sdk2.2/convolutionTexture.ptx, Test Point 1 (Scan): Passed
For file ../tests/ptx/sdk2.2/simpleTexture3D_kernel.ptx, Test Point 1 (Scan): Passed
For file ../tests/ptx/sdk2.2/dwtHaar1D.ptx, Test Point 1 (Scan): Passed
For file ../tests/ptx/sdk2.2/simpleTexture_kernel.ptx, Test Point 1 (Scan): Passed
For file ../tests/ptx/sdk2.2/particleSystem2.ptx, Test Point 1 (Scan): Passed
For file ../tests/ptx/sdk2.2/matrixMul.ptx, Test Point 1 (Scan): Passed
For file ../tests/ptx/sdk2.2/postProcessGL.ptx, Test Point 1 (Scan): Passed
For file ../tests/ptx/sdk2.2/simpleCUFFT.ptx, Test Point 1 (Scan): Passed
For file ../tests/ptx/sdk2.2/dxtc.ptx, Test Point 1 (Scan): Passed
For file ../tests/ptx/sdk2.2/oceanFFT_kernel.ptx, Test Point 1 (Scan): Passed
For file ../tests/ptx/sdk2.2/imageDenoising.ptx, Test Point 1 (Scan): Passed
For file ../tests/ptx/sdk2.2/main.ptx, Test Point 1 (Scan): Passed
For file ../tests/ptx/sdk2.2/histogram256_SM12.ptx, Test Point 1 (Scan): Passed
For file ../tests/ptx/sdk2.2/Mandelbrot_sm10.ptx, Test Point 1 (Scan): Passed
For file ../tests/ptx/sdk2.2/simpleVoteIntrinsics.ptx, Test Point 1 (Scan): Passed
For file ../tests/ptx/sdk2.2/bisect_small.ptx, Test Point 1 (Scan): Passed
For file ../tests/ptx/sdk2.2/transposeNew.ptx, Test Point 1 (Scan): Passed
For file ../tests/ptx/sdk2.2/bitonic.ptx, Test Point 1 (Scan): Passed
For file ../tests/ptx/sdk2.2/boxFilter_kernel.ptx, Test Point 1 (Scan): Passed
For file ../tests/ptx/sdk2.2/binomialOptions_SM10.ptx, Test Point 1 (Scan): Passed
For file ../tests/ptx/sdk2.2/asyncAPI.ptx, Test Point 1 (Scan): Passed
For file ../tests/ptx/sdk2.2/convolutionSeparable.ptx, Test Point 1 (Scan): Passed
For file ../tests/ptx/sdk2.2/alignedTypes.ptx, Test Point 1 (Scan): Passed
For file ../tests/ptx/sdk2.2/histogram256_SM11.ptx, Test Point 1 (Scan): Passed
For file ../tests/ptx/sdk2.2/quasirandomGenerator_SM13.ptx, Test Point 1 (Scan): Passed
For file ../tests/ptx/sdk2.2/convolutionFFT2D.ptx, Test Point 1 (Scan): Passed
For file ../tests/ptx/sdk2.2/reduction.ptx, Test Point 1 (Scan): Passed
For file ../tests/ptx/sdk2.2/scan.ptx, Test Point 1 (Scan): Passed
For file ../tests/ptx/sdk2.2/bisect_large.ptx, Test Point 1 (Scan): Passed
For file ../tests/ptx/sdk2.2/sobol_gpu.ptx, Test Point 1 (Scan): Passed
For file ../tests/ptx/sdk2.2/scalarProd.ptx, Test Point 1 (Scan): Passed
For file ../tests/ptx/sdk2.2/simpleTemplates.ptx, Test Point 1 (Scan): Passed
For file ../tests/ptx/sdk2.2/simpleGL_kernel.ptx, Test Point 1 (Scan): Passed
For file ../tests/ptx/sdk2.2/clock.ptx, Test Point 1 (Scan): Passed
For file ../tests/ptx/sdk2.2/bicubicTexture.ptx, Test Point 1 (Scan): Passed
For file ../tests/ptx/sdk2.2/recursiveGaussian.ptx, Test Point 1 (Scan): Passed
For file ../tests/ptx/sdk2.2/marchingCubes_kernel.ptx, Test Point 1 (Scan): Passed
For file ../tests/ptx/sdk2.2/ParticleSystem.ptx, Test Point 1 (Scan): Passed
For file ../tests/ptx/sdk2.2/SobelFilter_kernels.ptx, Test Point 1 (Scan): Passed
For file ../tests/ptx/sdk2.2/binomialOptions_SM13.ptx, Test Point 1 (Scan): Passed
For file ../tests/ptx/sdk2.2/simpleStreams.ptx, Test Point 1 (Scan): Passed
For file ../tests/ptx/sdk2.2/threadFenceReduction.ptx, Test Point 1 (Scan): Passed
For file ../tests/ptx/sdk2.2/quasirandomGenerator_SM10.ptx, Test Point 1 (Scan): Passed
For file ../tests/ptx/sdk2.2/new_radixsort.ptx, Test Point 1 (Scan): Passed
For file ../tests/ptx/sdk2.2/template.ptx, Test Point 1 (Scan): Passed
For file ../tests/ptx/sdk2.2/volumeRender_kernel.ptx, Test Point 1 (Scan): Passed
For file ../tests/ptx/sdk2.2/fluidsGL.ptx, Test Point 1 (Scan): Passed
For file ../tests/ptx/sdk2.2/threadMigration.ptx, Test Point 1 (Scan): Passed
For file ../tests/ptx/sdk2.2/cppIntegration.ptx, Test Point 1 (Scan): Passed
For file ../tests/ptx/sdk2.2/Mandelbrot_sm13.ptx, Test Point 1 (Scan): Passed
For file ../tests/ptx/sdk2.2/bandwidthTest.ptx, Test Point 1 (Scan): Passed
For file ../tests/ptx/sdk2.2/simpleMultiGPU_kernel.ptx, Test Point 1 (Scan): Passed
For file ../tests/ptx/sdk2.2/MersenneTwister.ptx, Test Point 1 (Scan): Passed
For file ../tests/ptx/sdk2.2/fastWalshTransform.ptx, Test Point 1 (Scan): Passed
For file ../tests/ptx/sdk2.2/radixsort.ptx, Test Point 1 (Scan): Passed
For file ../tests/ptx/sdk2.2/simpleTexture.ptx, Test Point 1 (Scan): Passed
For file ../tests/ptx/sdk2.2/MonteCarlo_SM13.ptx, Test Point 1 (Scan): Passed
For file ../tests/ptx/sdk2.2/matrixMul_kernel.ptx, Test Point 1 (Scan): Passed
For file ../tests/ptx/sdk2.2/MonteCarlo_SM10.ptx, Test Point 1 (Scan): Passed
For file ../tests/ptx/synthetic/printf.ptx, Test Point 1 (Scan): Passed
For file ../tests/ptx/synthetic/sequence.ptx, Test Point 1 (Scan): Passed
For file ../tests/ptx/synthetic/barrier.ptx, Test Point 1 (Scan): Passed
For file ../tests/ptx/synthetic/kernels.ptx, Test Point 1 (Scan): Passed
For file ../tests/ptx/synthetic/recursion.ptx, Test Point 1 (Scan): Passed
For file ../tests/ptx/synthetic/blockIsOwnPredecessor.ptx, Test Point 1 (Scan): Passed
For file ../tests/ptx/sdk3.0/lineOfSight.ptx, Test Point 1 (Scan): Passed
For file ../tests/ptx/sdk3.0/simplePitchLinearTexture.ptx, Test Point 1 (Scan): Passed
For file ../tests/ptx/sdk3.0/dct8x8.ptx, Test Point 1 (Scan): Passed
For file ../tests/ptx/sdk3.0/histogram64.ptx, Test Point 1 (Scan): Passed
For file ../tests/ptx/sdk3.0/simpleAtomicIntrinsics.ptx, Test Point 1 (Scan): Passed
For file ../tests/ptx/sdk3.0/dct8x8_kernel_quantization.ptx, Test Point 1 (Scan): Passed
For file ../tests/ptx/sdk3.0/bodysystemcuda.ptx, Test Point 1 (Scan): Passed
For file ../tests/ptx/sdk3.0/particles_kernel.ptx, Test Point 1 (Scan): Passed
For file ../tests/ptx/sdk3.0/simpleAtomicIntrinsics_kernel.ptx, Test Point 1 (Scan): Passed
For file ../tests/ptx/sdk3.0/reduction_kernel.ptx, Test Point 1 (Scan): Passed
For file ../tests/ptx/sdk3.0/transpose.ptx, Test Point 1 (Scan): Passed
For file ../tests/ptx/sdk3.0/simpleZeroCopy.ptx, Test Point 1 (Scan): Passed
For file ../tests/ptx/sdk3.0/oddEvenMergeSort.ptx, Test Point 1 (Scan): Passed
For file ../tests/ptx/sdk3.0/vectorAdd.ptx, Test Point 1 (Scan): Passed
For file ../tests/ptx/sdk3.0/bisect_kernel_large_onei.ptx, Test Point 1 (Scan): Passed
For file ../tests/ptx/sdk3.0/BlackScholes.ptx, Test Point 1 (Scan): Passed
For file ../tests/ptx/sdk3.0/convolutionTexture.ptx, Test Point 1 (Scan): Passed
For file ../tests/ptx/sdk3.0/simpleTexture3D_kernel.ptx, Test Point 1 (Scan): Passed
For file ../tests/ptx/sdk3.0/dwtHaar1D.ptx, Test Point 1 (Scan): Passed
For file ../tests/ptx/sdk3.0/simpleTexture_kernel.ptx, Test Point 1 (Scan): Passed
For file ../tests/ptx/sdk3.0/matrixMul.ptx, Test Point 1 (Scan): Passed
For file ../tests/ptx/sdk3.0/postProcessGL.ptx, Test Point 1 (Scan): Passed
For file ../tests/ptx/sdk3.0/simpleCUFFT.ptx, Test Point 1 (Scan): Passed
For file ../tests/ptx/sdk3.0/bisect_kernel_large.ptx, Test Point 1 (Scan): Passed
For file ../tests/ptx/sdk3.0/clock_kernel.ptx, Test Point 1 (Scan): Passed
For file ../tests/ptx/sdk3.0/dxtc.ptx, Test Point 1 (Scan): Passed
For file ../tests/ptx/sdk3.0/oceanFFT_kernel.ptx, Test Point 1 (Scan): Passed
For file ../tests/ptx/sdk3.0/imageDenoising.ptx, Test Point 1 (Scan): Passed
For file ../tests/ptx/sdk3.0/main.ptx, Test Point 1 (Scan): Passed
For file ../tests/ptx/sdk3.0/bitonicSort.ptx, Test Point 1 (Scan): Passed
For file ../tests/ptx/sdk3.0/histogram256.ptx, Test Point 1 (Scan): Passed
For file ../tests/ptx/sdk3.0/Mandelbrot_sm11.ptx, Test Point 1 (Scan): Passed
For file ../tests/ptx/sdk3.0/simpleVoteIntrinsics.ptx, Test Point 1 (Scan): Passed
For file ../tests/ptx/sdk3.0/bisect_util.ptx, Test Point 1 (Scan): Passed
For file ../tests/ptx/sdk3.0/bisect_small.ptx, Test Point 1 (Scan): Passed
For file ../tests/ptx/sdk3.0/threadFenceReduction_kernel.ptx, Test Point 1 (Scan): Passed
For file ../tests/ptx/sdk3.0/transposeNew.ptx, Test Point 1 (Scan): Passed
For file ../tests/ptx/sdk3.0/dct8x8_kernel_short.ptx, Test Point 1 (Scan): Passed
For file ../tests/ptx/sdk3.0/boxFilter_kernel.ptx, Test Point 1 (Scan): Passed
For file ../tests/ptx/sdk3.0/binomialOptions_SM10.ptx, Test Point 1 (Scan): Passed
For file ../tests/ptx/sdk3.0/cppIntegration_kernel.ptx, Test Point 1 (Scan): Passed
For file ../tests/ptx/sdk3.0/dct8x8_kernel2.ptx, Test Point 1 (Scan): Passed
For file ../tests/ptx/sdk3.0/asyncAPI.ptx, Test Point 1 (Scan): Passed
For file ../tests/ptx/sdk3.0/bisect_kernel_large_multi.ptx, Test Point 1 (Scan): Passed
For file ../tests/ptx/sdk3.0/convolutionSeparable.ptx, Test Point 1 (Scan): Passed
For file ../tests/ptx/sdk3.0/alignedTypes.ptx, Test Point 1 (Scan): Passed
For file ../tests/ptx/sdk3.0/recursiveGaussian_kernel.ptx, Test Point 1 (Scan): Passed
For file ../tests/ptx/sdk3.0/quasirandomGenerator_SM13.ptx, Test Point 1 (Scan): Passed
For file ../tests/ptx/sdk3.0/bisect_kernel_small.ptx, Test Point 1 (Scan): Passed
For file ../tests/ptx/sdk3.0/convolutionFFT2D.ptx, Test Point 1 (Scan): Passed
For file ../tests/ptx/sdk3.0/bisect_large.ptx, Test Point 1 (Scan): Passed
For file ../tests/ptx/sdk3.0/sobol_gpu.ptx, Test Point 1 (Scan): Passed
For file ../tests/ptx/sdk3.0/concurrentKernels.ptx, Test Point 1 (Scan): Passed
For file ../tests/ptx/sdk3.0/scalarProd.ptx, Test Point 1 (Scan): Passed
For file ../tests/ptx/sdk3.0/simpleTemplates.ptx, Test Point 1 (Scan): Passed
For file ../tests/ptx/sdk3.0/simpleGL_kernel.ptx, Test Point 1 (Scan): Passed
For file ../tests/ptx/sdk3.0/clock.ptx, Test Point 1 (Scan): Passed
For file ../tests/ptx/sdk3.0/bicubicTexture.ptx, Test Point 1 (Scan): Passed
For file ../tests/ptx/sdk3.0/scalarProd_kernel.ptx, Test Point 1 (Scan): Passed
For file ../tests/ptx/sdk3.0/recursiveGaussian.ptx, Test Point 1 (Scan): Passed
For file ../tests/ptx/sdk3.0/marchingCubes_kernel.ptx, Test Point 1 (Scan): Passed
For file ../tests/ptx/sdk3.0/SobelFilter_kernels.ptx, Test Point 1 (Scan): Passed
For file ../tests/ptx/sdk3.0/binomialOptions_SM13.ptx, Test Point 1 (Scan): Passed
For file ../tests/ptx/sdk3.0/simpleStreams.ptx, Test Point 1 (Scan): Passed
For file ../tests/ptx/sdk3.0/threadFenceReduction.ptx, Test Point 1 (Scan): Passed
For file ../tests/ptx/sdk3.0/quasirandomGenerator_SM10.ptx, Test Point 1 (Scan): Passed
For file ../tests/ptx/sdk3.0/template.ptx, Test Point 1 (Scan): Passed
For file ../tests/ptx/sdk3.0/volumeRender_kernel.ptx, Test Point 1 (Scan): Passed
For file ../tests/ptx/sdk3.0/fluidsGL.ptx, Test Point 1 (Scan): Passed
For file ../tests/ptx/sdk3.0/threadMigration.ptx, Test Point 1 (Scan): Passed
For file ../tests/ptx/sdk3.0/cppIntegration.ptx, Test Point 1 (Scan): Passed
For file ../tests/ptx/sdk3.0/Mandelbrot_sm13.ptx, Test Point 1 (Scan): Passed
For file ../tests/ptx/sdk3.0/ParticleSystem1.ptx, Test Point 1 (Scan): Passed
For file ../tests/ptx/sdk3.0/bandwidthTest.ptx, Test Point 1 (Scan): Passed
For file ../tests/ptx/sdk3.0/simpleVote_kernel.ptx, Test Point 1 (Scan): Passed
For file ../tests/ptx/sdk3.0/tests.ptx, Test Point 1 (Scan): Passed
For file ../tests/ptx/sdk3.0/simpleMultiGPU_kernel.ptx, Test Point 1 (Scan): Passed
For file ../tests/ptx/sdk3.0/MersenneTwister.ptx, Test Point 1 (Scan): Passed
For file ../tests/ptx/sdk3.0/Mandelbrot_kernel.ptx, Test Point 1 (Scan): Passed
For file ../tests/ptx/sdk3.0/particleSystem.ptx, Test Point 1 (Scan): Passed
For file ../tests/ptx/sdk3.0/fastWalshTransform.ptx, Test Point 1 (Scan): Passed
For file ../tests/ptx/sdk3.0/transpose_kernel.ptx, Test Point 1 (Scan): Passed
For file ../tests/ptx/sdk3.0/radixsort.ptx, Test Point 1 (Scan): Passed
For file ../tests/ptx/sdk3.0/simpleTexture.ptx, Test Point 1 (Scan): Passed
For file ../tests/ptx/sdk3.0/nbody_kernel.ptx, Test Point 1 (Scan): Passed
For file ../tests/ptx/sdk3.0/MonteCarlo_SM13.ptx, Test Point 1 (Scan): Passed
For file ../tests/ptx/sdk3.0/matrixMul_kernel.ptx, Test Point 1 (Scan): Passed
For file ../tests/ptx/sdk3.0/simpleTemplates_kernel.ptx, Test Point 1 (Scan): Passed
For file ../tests/ptx/sdk3.0/MonteCarlo_SM10.ptx, Test Point 1 (Scan): Passed



INFO     Running test program /home/normal/checkout/gpuocelot/ocelot/TestEmulator 
INFO     Test /home/normal/checkout/gpuocelot/ocelot/TestEmulator
INFO     Test completed in 0.0533008575439 seconds
INFO      It produced the following output:
Pass/Fail : Pass


Name : TestEmulator

Description: 


Test Seed : 1280409353
Test time : 0.0279281

Status : Test output:
11 registers
Register test passed
Load test passed
Store test passed
no errors
Full kernel test passed



INFO     Running test program /home/normal/checkout/gpuocelot/ocelot/TestInstructions 
INFO     Test /home/normal/checkout/gpuocelot/ocelot/TestInstructions
INFO     Test completed in 0.0548570156097 seconds
INFO      It produced the following output:
Pass/Fail : Pass


Name : TestInstructions

Description: 


Test Seed : 1280409353
Test time : 0.0041976

Status : Test output:
Accessors test passed.
pass: load and store instructions
Abs test passed.
pass: arithmetic instructions
pass: exotic arithmetic instructions
pass: floating-point instructions
pass: logical instructions
pass: comparison instructions
pass: predicated Add and Ld isntructions
pass: control flow instructions



INFO     Running test program /home/normal/checkout/gpuocelot/ocelot/TestDataflowGraph 
INFO     Test /home/normal/checkout/gpuocelot/ocelot/TestDataflowGraph
INFO     Test completed in 72.3779349327 seconds
INFO      It produced the following output:
Failed to parse file '../tests/ptx/synthetic/printf.ptx':
1 	.version 3.0
2 	.target sm_30
3 	// compiled with /usr/local/cuda/open64/lib//be
4 	// nvopencc 3.1 built on 2010-04-27
5 
6 	.extern .func (.param .s32 __cudaretf_printf) printf (.param .u32 __cudaparmf1_printf)
7 
8 	.extern .func (.param .s32 __cudaretf_vprintf) vprintf (.param .u32 __cudaparmf1_vprintf, .param .u32 __cudaparmf2_vprintf)
9 
10 	//-----------------------------------------------------------
11 	// Compiling /tmp/tmpxft_00005648_00000000-7_printf.cpp3.i (/tmp/ccBI#.WeDFUc)
12 	//-----------------------------------------------------------
13 
14 	//-----------------------------------------------------------
15 	// Options:
16 	//-----------------------------------------------------------
17 	//  Target:ptx, ISA:sm_30, Endian:little, Pointer Size:32
18 	//  -O3	(Optimization level)
19 	//  -g0	(Debug level)
20 	//  -m2	(Report advisories)
21 	//-----------------------------------------------------------
22 
23 	.file	1	"<command-line>"
24 	.file	2	"/tmp/tmpxft_00005648_00000000-6_printf.cudafe2.gpu"
25 	.file	3	"/usr/lib/gcc/i486-linux-gnu/4.4.3/include/stddef.h"
26 	.file	4	"/usr/local/cuda/bin/../include/crt/device_runtime.h"
27 	.file	5	"/usr/local/cuda/bin/../include/host_defines.h"
28 	.file	6	"/usr/local/cuda/bin/../include/builtin_types.h"
29 	.file	7	"/usr/local/cuda/bin/../include/device_types.h"
30 	.file	8	"/usr/local/cuda/bin/../include/driver_types.h"
31 	.file	9	"/usr/local/cuda/bin/../include/surface_types.h"
32 	.file	10	"/usr/local/cuda/bin/../include/texture_types.h"
33 	.file	11	"/usr/local/cuda/bin/../include/vector_types.h"
34 	.file	12	"/usr/local/cuda/bin/../include/device_launch_parameters.h"
35 	.file	13	"/usr/local/cuda/bin/../include/crt/storage_class.h"
36 	.file	14	"/usr/include/bits/types.h"
37 	.file	15	"/usr/include/time.h"
38 	.file	16	"/usr/local/cuda/bin/../include/texture_fetch_functions.h"
39 	.file	17	"/usr/local/cuda/bin/../include/common_functions.h"
40 	.file	18	"/usr/local/cuda/bin/../include/math_functions.h"
41 	.file	19	"/usr/local/cuda/bin/../include/math_constants.h"
42 	.file	20	"/usr/local/cuda/bin/../include/device_functions.h"
43 	.file	21	"/usr/local/cuda/bin/../include/sm_11_atomic_functions.h"
44 	.file	22	"/usr/local/cuda/bin/../include/sm_12_atomic_functions.h"
45 	.file	23	"/usr/local/cuda/bin/../include/sm_13_double_functions.h"
46 	.file	24	"/usr/local/cuda/bin/../include/sm_20_atomic_functions.h"
47 	.file	25	"/usr/local/cuda/bin/../include/sm_20_intrinsics.h"
48 	.file	26	"/usr/local/cuda/bin/../include/surface_functions.h"
49 	.file	27	"/usr/local/cuda/bin/../include/math_functions_dbl_ptx3.h"
50 	.file	28	"printf.cu"
51 
52 	.global .align 1 .b8 __constant844[23] = {0x48,0x65,0x6c,0x6c,0x6f,0x20,0x74,0x68,0x72,0x65,0x61,0x64,0x20,0x25,0x64,0x2c,0x20,0x66,0x3d,0x25,0x66,0xa,0x0};
53 
54 	.entry _Z9helloCUDAf (
55 		.param .f32 __cudaparm__Z9helloCUDAf_f)
56 	{
57 	.reg .u32 %r<5>;
58 	.reg .f32 %f<3>;
59 	.reg .f64 %fd<3>;
60 	.local .align 8 .b8 __cuda___cuda__temp__valist_array_41_168[16];
61 	.param .u32 __cudaparma1_vprintf;
62 	.param .u32 __cudaparma2_vprintf;
63 	.loc	28	1	0
64 $LBB1__Z9helloCUDAf:
65 	.loc	28	2	0
66 	mov.u32 	%r1, %tid.x;
67 	st.local.u32 	[__cuda___cuda__temp__valist_array_41_168+0], %r1;
68 	ld.param.f32 	%f1, [__cudaparm__Z9helloCUDAf_f];
69 	cvt.f64.f32 	%fd1, %f1;
70 	st.local.f64 	[__cuda___cuda__temp__valist_array_41_168+8], %fd1;
71 	cvta.global.u32 	%r2, __constant844;
72 	st.param.u32 	[__cudaparma1_vprintf], %r2;
73 	cvta.local.u32 	%r3, __cuda___cuda__temp__valist_array_41_168;
74 	st.param.u32 	[__cudaparma2_vprintf], %r3;
75 	call.uni (_), vprintf, (__cudaparma1_vprintf, __cudaparma2_vprintf);
76 	.loc	28	3	0
77 	exit;
78 $LDWend__Z9helloCUDAf:
79 	} // _Z9helloCUDAf
80 
81 
terminate called after throwing an instance of 'parser::PTXParser::Exception'
  what():  ../tests/ptx/synthetic/printf.ptx (1, 13): Cannot parse PTX version 3.0 with version 1.4 parser.

INFO     Running test program /home/normal/checkout/gpuocelot/ocelot/TestLLVMInstructions 
INFO     Test /home/normal/checkout/gpuocelot/ocelot/TestLLVMInstructions
INFO     Test completed in 0.0302700996399 seconds
INFO      It produced the following output:
Pass/Fail : Pass


Name : TestLLVMInstructions

Description: A test for the assembly code generation and automatic 
             verfication of individual LLVM instructions. Test Points: 1) For each 
             instruction, generate several assembly strings using the 
             instruction's toString method, make sure that these pass the valid() 
             check, compare to references from the LLVM manual.


Test Seed : 1280409425
Test time : 0.00605822

Status :  Checked instruction "<result> = add i32 4, %var"
Add Instruction Passed
 Checked instruction "%ptr = alloca i32"
 Checked instruction "%ptr = alloca i32, i32 4"
 Checked instruction "%ptr = alloca i32, i32 4, align 1024"
 Checked instruction "%ptr = alloca i32, align 1024"
Alloca Instruction Passed
 Checked instruction "<result> = and i32 4, %var"
 Checked instruction "<result> = and i32 15, 40"
 Checked instruction "<result> = and i32 4, 8"
And Instruction Passed
 Checked instruction "<result> = ashr i32 4, 1"
 Checked instruction "<result> = ashr i8 -2, 1"
 Checked instruction "<result> = ashr < 2 x i32 > < i32 -2, i32 4 >, < i32 1, i32 3 >"
Ashr Instruction Passed
 Checked instruction "%X = bitcast i8 -1 to i8"
 Checked instruction "%Z = bitcast < 2 x i32 > %V to i64"
Bitcast Instruction Passed
 Checked instruction "br i1 %cond, label %IfEqual, label %IfUnequal"
Br Instruction Passed
 Checked instruction "%retval = call i32 @test(i32 %argc)"
 Checked instruction "call i32 (i8*, ...)* @printf(i8* %msg, i32 12, i8 42)"
 Checked instruction "%X = tail call i32 @foo()"
 Checked instruction "%Y = tail call fastcc i32 @foo()"
 Checked instruction "call void @foo(i8 97 signext)"
 Checked instruction "%r = call %struct.A @foo()"
 Checked instruction "call void @foo() noreturn"
 Checked instruction "%ZZ = call zeroext i32 @bar()"
Call Instruction Passed
 Checked instruction "%result = extractelement < 4 x i32 > %vec, i32 0"
Extractelement Instruction Passed
 Checked instruction "%result = extractvalue { i32, float } %agg, 0"
Extractvalue Instruction Passed
 Checked instruction "<result> = fadd float 0x4010000000000000, %var"
Fadd Instruction Passed
 Checked instruction "<result> = fcmp oeq float 0x4010000000000000, 0x4014000000000000"
 Checked instruction "<result> = fcmp one float 0x4010000000000000, 0x4014000000000000"
 Checked instruction "<result> = fcmp olt float 0x4010000000000000, 0x4014000000000000"
 Checked instruction "<result> = fcmp ueq float 0x3ff0000000000000, 0x4000000000000000"
Fcmp Instruction Passed
 Checked instruction "<result> = fdiv float 0x4010000000000000, %var"
Fdiv Instruction Passed
 Checked instruction "<result> = fmul float 0x4010000000000000, %var"
Fmul Instruction Passed
 Checked instruction "%X = fpext float 0x400921cac0000000 to double"
 Checked instruction "%Y = fpext float 0x3ff0000000000000 to float"
Fpext Instruction Passed
 Checked instruction "%X = fptosi double 0xc05ec00000000000 to i32"
Fptosi Instruction Passed
 Checked instruction "%X = fptoui double 0x405ec00000000000 to i32"
Fptoui Instruction Passed
 Checked instruction "%X = fptrunc double 0x405ec00000000000 to float"
Fptrunc Instruction Passed
 Checked instruction "free [ 4 x i8 ]* %array"
Free Instruction Passed
 Checked instruction "<result> = frem float 0x4010000000000000, %var"
Frem Instruction Passed
 Checked instruction "<result> = fsub float 0x0, %val"
Fsub Instruction Passed
 Checked instruction "%vptr = getelementptr { i32, < 2 x i8 > }* %svptr, i32 0, i32 1, i32 1"
 Checked instruction "%eptr = getelementptr [ 12 x i8 ]* %aptr, i32 0, i32 1"
Getelementptr Instruction Passed
 Checked instruction "<result> = icmp ne float* %X, %X"
Icmp Instruction Passed
 Checked instruction "%result = insertelement < 4 x i32 > %vec, i32 1, i32 0"
Insertelement Instruction Passed
 Checked instruction "%result = insertvalue { i32, float } %agg, i32 1, 0"
Insertvalue Instruction Passed
 Checked instruction "%Y = inttoptr i64 0 to i32*"
Inttoptr Instruction Passed
 Checked instruction "%retval = invoke i32 @Test(i32 15) to label %Continue unwind label %TestCleanup"
Invoke Instruction Passed
 Checked instruction "%val = load i32* %ptr"
Load Instruction Passed
 Checked instruction "<result> = lshr i8 -2, 1"
Lshr Instruction Passed
 Checked instruction "%array2 = malloc [ 12 x i8 ], i32 %size"
Malloc Instruction Passed
 Checked instruction "<result> = mul i32 4, %var"
Mul Instruction Passed
 Checked instruction "<result> = or i32 15, 40"
Or Instruction Passed
 Checked instruction "%indvar = phi i32 [ 0, %LoopHeader ], [ %nextindvar, %Loop ]"
Phi Instruction Passed
 Checked instruction "%Y = ptrtoint i32* %x to i64"
Prtoint Instruction Passed
 Checked instruction "ret void"
Ret Instruction Passed
 Checked instruction "<result> = sdiv i32 4, %var"
Sdiv Instruction Passed
 Checked instruction "%X = select i1 1, i8 17, i8 42"
Select Instruction Passed
 Checked instruction "%X = sext i8 -1 to i16"
Sext Instruction Passed
 Checked instruction "<result> = shl i32 1, 32"
Shl Instruction Passed
 Checked instruction "%result = shufflevector < 4 x i32 > %v1, < 4 x i32 > %v2, < 8 x i32 > < i32 0, i32 1, i32 2, i32 3, i32 4, i32 5, i32 6, i32 7 >"
ShuffleVector Instruction Passed
 Checked instruction "%X = sitofp i32 257 to float"
Sitofp Instruction Passed
 Checked instruction "<result> = srem i32 4, %var"
Srem Instruction Passed
 Checked instruction "store i32 3, i32* %ptr"
Store Instruction Passed
 Checked instruction "<result> = sub i32 4, %var"
Sub Instruction Passed
 Checked instruction "switch i32 %val, label %otherwise [ i32 0, label %onzero i32 1, label %onone i32 2, label %ontwo ]"
Switch Instruction Passed
 Checked instruction "%Y = trunc i32 123 to i1"
Trunc Instruction Passed
 Checked instruction "<result> = udiv i32 4, %var"
Udiv Instruction Passed
 Checked instruction "%Y = uitofp i8 -1 to double"
Uitofp Instruction Passed
 Checked instruction "unreachable"
Unreachable Instruction Passed
 Checked instruction "unwind"
Unwind Instruction Passed
 Checked instruction "<result> = urem i32 4, %var"
Urem Instruction Passed
 Checked instruction "%tmp = va_arg i8** %ap, i32"
VarArg Instruction Passed
 Checked instruction "<result> = xor i32 -1, %V"
Xor Instruction Passed
 Checked instruction "%X = zext i32 257 to i64"
Zext Instruction Passed



INFO     Running test program /home/normal/checkout/gpuocelot/ocelot/TestPTXToLLVMTranslator 
INFO     Test /home/normal/checkout/gpuocelot/ocelot/TestParser
INFO     Test completed in 150.071979046 seconds
INFO      It produced the following output:
Failed to parse file '::unknown path::':
1 	.version 3.0
2 	.target sm_30
3 	// compiled with /usr/local/cuda/open64/lib//be
4 	// nvopencc 3.1 built on 2010-04-27
5 
6 	.extern .func (.param .s32 __cudaretf_printf) printf (.param .u32 __cudaparmf1_printf)
7 
8 	.extern .func (.param .s32 __cudaretf_vprintf) vprintf (.param .u32 __cudaparmf1_vprintf, .param .u32 __cudaparmf2_vprintf)
9 
10 	//-----------------------------------------------------------
11 	// Compiling /tmp/tmpxft_00005648_00000000-7_printf.cpp3.i (/tmp/ccBI#.WeDFUc)
12 	//-----------------------------------------------------------
13 
14 	//-----------------------------------------------------------
15 	// Options:
16 	//-----------------------------------------------------------
17 	//  Target:ptx, ISA:sm_30, Endian:little, Pointer Size:32
18 	//  -O3	(Optimization level)
19 	//  -g0	(Debug level)
20 	//  -m2	(Report advisories)
21 	//-----------------------------------------------------------
22 
23 	.file	1	"<command-line>"
24 	.file	2	"/tmp/tmpxft_00005648_00000000-6_printf.cudafe2.gpu"
25 	.file	3	"/usr/lib/gcc/i486-linux-gnu/4.4.3/include/stddef.h"
26 	.file	4	"/usr/local/cuda/bin/../include/crt/device_runtime.h"
27 	.file	5	"/usr/local/cuda/bin/../include/host_defines.h"
28 	.file	6	"/usr/local/cuda/bin/../include/builtin_types.h"
29 	.file	7	"/usr/local/cuda/bin/../include/device_types.h"
30 	.file	8	"/usr/local/cuda/bin/../include/driver_types.h"
31 	.file	9	"/usr/local/cuda/bin/../include/surface_types.h"
32 	.file	10	"/usr/local/cuda/bin/../include/texture_types.h"
33 	.file	11	"/usr/local/cuda/bin/../include/vector_types.h"
34 	.file	12	"/usr/local/cuda/bin/../include/device_launch_parameters.h"
35 	.file	13	"/usr/local/cuda/bin/../include/crt/storage_class.h"
36 	.file	14	"/usr/include/bits/types.h"
37 	.file	15	"/usr/include/time.h"
38 	.file	16	"/usr/local/cuda/bin/../include/texture_fetch_functions.h"
39 	.file	17	"/usr/local/cuda/bin/../include/common_functions.h"
40 	.file	18	"/usr/local/cuda/bin/../include/math_functions.h"
41 	.file	19	"/usr/local/cuda/bin/../include/math_constants.h"
42 	.file	20	"/usr/local/cuda/bin/../include/device_functions.h"
43 	.file	21	"/usr/local/cuda/bin/../include/sm_11_atomic_functions.h"
44 	.file	22	"/usr/local/cuda/bin/../include/sm_12_atomic_functions.h"
45 	.file	23	"/usr/local/cuda/bin/../include/sm_13_double_functions.h"
46 	.file	24	"/usr/local/cuda/bin/../include/sm_20_atomic_functions.h"
47 	.file	25	"/usr/local/cuda/bin/../include/sm_20_intrinsics.h"
48 	.file	26	"/usr/local/cuda/bin/../include/surface_functions.h"
49 	.file	27	"/usr/local/cuda/bin/../include/math_functions_dbl_ptx3.h"
50 	.file	28	"printf.cu"
51 
52 	.global .align 1 .b8 __constant844[23] = {0x48,0x65,0x6c,0x6c,0x6f,0x20,0x74,0x68,0x72,0x65,0x61,0x64,0x20,0x25,0x64,0x2c,0x20,0x66,0x3d,0x25,0x66,0xa,0x0};
53 
54 	.entry _Z9helloCUDAf (
55 		.param .f32 __cudaparm__Z9helloCUDAf_f)
56 	{
57 	.reg .u32 %r<5>;
58 	.reg .f32 %f<3>;
59 	.reg .f64 %fd<3>;
60 	.local .align 8 .b8 __cuda___cuda__temp__valist_array_41_168[16];
61 	.param .u32 __cudaparma1_vprintf;
62 	.param .u32 __cudaparma2_vprintf;
63 	.loc	28	1	0
64 $LBB1__Z9helloCUDAf:
65 	.loc	28	2	0
66 	mov.u32 	%r1, %tid.x;
67 	st.local.u32 	[__cuda___cuda__temp__valist_array_41_168+0], %r1;
68 	ld.param.f32 	%f1, [__cudaparm__Z9helloCUDAf_f];
69 	cvt.f64.f32 	%fd1, %f1;
70 	st.local.f64 	[__cuda___cuda__temp__valist_array_41_168+8], %fd1;
71 	cvta.global.u32 	%r2, __constant844;
72 	st.param.u32 	[__cudaparma1_vprintf], %r2;
73 	cvta.local.u32 	%r3, __cuda___cuda__temp__valist_array_41_168;
74 	st.param.u32 	[__cudaparma2_vprintf], %r3;
75 	call.uni (_), vprintf, (__cudaparma1_vprintf, __cudaparma2_vprintf);
76 	.loc	28	3	0
77 	exit;
78 $LDWend__Z9helloCUDAf:
79 	} // _Z9helloCUDAf
80 
81 
Pass/Fail : Fail


Name : TestParser

Description: A test for the PTXParser class. Test Points: 1) Load a PTX file 
             and run it through the parser generating a module. Write the 
             module to an intermediate stream. Parse the stream again 
             generating a new module, compare both to make sure that they match.


Test Seed : 1280409276
Test time : 150.004

Status : For file ../tests/ptx/apps/bounding_box.ptx, Test Point 1 (Parse): Passed
For file ../tests/ptx/sdk2.2/lineOfSight.ptx, Test Point 1 (Parse): Passed
For file ../tests/ptx/sdk2.2/histogram256_SM10.ptx, Test Point 1 (Parse): Passed
For file ../tests/ptx/sdk2.2/dct8x8.ptx, Test Point 1 (Parse): Passed
For file ../tests/ptx/sdk2.2/histogram64.ptx, Test Point 1 (Parse): Passed
For file ../tests/ptx/sdk2.2/simpleAtomicIntrinsics.ptx, Test Point 1 (Parse): Passed
For file ../tests/ptx/sdk2.2/bodysystemcuda.ptx, Test Point 1 (Parse): Passed
For file ../tests/ptx/sdk2.2/reduction_kernel_sm10.ptx, Test Point 1 (Parse): Passed
For file ../tests/ptx/sdk2.2/reduction_kernel_sm13.ptx, Test Point 1 (Parse): Passed
For file ../tests/ptx/sdk2.2/transpose.ptx, Test Point 1 (Parse): Passed
For file ../tests/ptx/sdk2.2/simpleZeroCopy.ptx, Test Point 1 (Parse): Passed
For file ../tests/ptx/sdk2.2/scanLargeArray.ptx, Test Point 1 (Parse): Passed
For file ../tests/ptx/sdk2.2/BlackScholes.ptx, Test Point 1 (Parse): Passed
For file ../tests/ptx/sdk2.2/convolutionTexture.ptx, Test Point 1 (Parse): Passed
For file ../tests/ptx/sdk2.2/simpleTexture3D_kernel.ptx, Test Point 1 (Parse): Passed
For file ../tests/ptx/sdk2.2/dwtHaar1D.ptx, Test Point 1 (Parse): Passed
For file ../tests/ptx/sdk2.2/simpleTexture_kernel.ptx, Test Point 1 (Parse): Passed
For file ../tests/ptx/sdk2.2/particleSystem2.ptx, Test Point 1 (Parse): Passed
For file ../tests/ptx/sdk2.2/matrixMul.ptx, Test Point 1 (Parse): Passed
For file ../tests/ptx/sdk2.2/postProcessGL.ptx, Test Point 1 (Parse): Passed
For file ../tests/ptx/sdk2.2/simpleCUFFT.ptx, Test Point 1 (Parse): Passed
For file ../tests/ptx/sdk2.2/dxtc.ptx, Test Point 1 (Parse): Passed
For file ../tests/ptx/sdk2.2/oceanFFT_kernel.ptx, Test Point 1 (Parse): Passed
For file ../tests/ptx/sdk2.2/imageDenoising.ptx, Test Point 1 (Parse): Passed
For file ../tests/ptx/sdk2.2/main.ptx, Test Point 1 (Parse): Passed
For file ../tests/ptx/sdk2.2/histogram256_SM12.ptx, Test Point 1 (Parse): Passed
For file ../tests/ptx/sdk2.2/Mandelbrot_sm10.ptx, Test Point 1 (Parse): Passed
For file ../tests/ptx/sdk2.2/simpleVoteIntrinsics.ptx, Test Point 1 (Parse): Passed
For file ../tests/ptx/sdk2.2/bisect_small.ptx, Test Point 1 (Parse): Passed
For file ../tests/ptx/sdk2.2/transposeNew.ptx, Test Point 1 (Parse): Passed
For file ../tests/ptx/sdk2.2/bitonic.ptx, Test Point 1 (Parse): Passed
For file ../tests/ptx/sdk2.2/boxFilter_kernel.ptx, Test Point 1 (Parse): Passed
For file ../tests/ptx/sdk2.2/binomialOptions_SM10.ptx, Test Point 1 (Parse): Passed
For file ../tests/ptx/sdk2.2/asyncAPI.ptx, Test Point 1 (Parse): Passed
For file ../tests/ptx/sdk2.2/convolutionSeparable.ptx, Test Point 1 (Parse): Passed
For file ../tests/ptx/sdk2.2/alignedTypes.ptx, Test Point 1 (Parse): Passed
For file ../tests/ptx/sdk2.2/histogram256_SM11.ptx, Test Point 1 (Parse): Passed
For file ../tests/ptx/sdk2.2/quasirandomGenerator_SM13.ptx, Test Point 1 (Parse): Passed
For file ../tests/ptx/sdk2.2/convolutionFFT2D.ptx, Test Point 1 (Parse): Passed
For file ../tests/ptx/sdk2.2/reduction.ptx, Test Point 1 (Parse): Passed
For file ../tests/ptx/sdk2.2/scan.ptx, Test Point 1 (Parse): Passed
For file ../tests/ptx/sdk2.2/bisect_large.ptx, Test Point 1 (Parse): Passed
For file ../tests/ptx/sdk2.2/sobol_gpu.ptx, Test Point 1 (Parse): Passed
For file ../tests/ptx/sdk2.2/scalarProd.ptx, Test Point 1 (Parse): Passed
For file ../tests/ptx/sdk2.2/simpleTemplates.ptx, Test Point 1 (Parse): Passed
For file ../tests/ptx/sdk2.2/simpleGL_kernel.ptx, Test Point 1 (Parse): Passed
For file ../tests/ptx/sdk2.2/clock.ptx, Test Point 1 (Parse): Passed
For file ../tests/ptx/sdk2.2/bicubicTexture.ptx, Test Point 1 (Parse): Passed
For file ../tests/ptx/sdk2.2/recursiveGaussian.ptx, Test Point 1 (Parse): Passed
For file ../tests/ptx/sdk2.2/marchingCubes_kernel.ptx, Test Point 1 (Parse): Passed
For file ../tests/ptx/sdk2.2/ParticleSystem.ptx, Test Point 1 (Parse): Passed
For file ../tests/ptx/sdk2.2/SobelFilter_kernels.ptx, Test Point 1 (Parse): Passed
For file ../tests/ptx/sdk2.2/binomialOptions_SM13.ptx, Test Point 1 (Parse): Passed
For file ../tests/ptx/sdk2.2/simpleStreams.ptx, Test Point 1 (Parse): Passed
For file ../tests/ptx/sdk2.2/threadFenceReduction.ptx, Test Point 1 (Parse): Passed
For file ../tests/ptx/sdk2.2/quasirandomGenerator_SM10.ptx, Test Point 1 (Parse): Passed
For file ../tests/ptx/sdk2.2/new_radixsort.ptx, Test Point 1 (Parse): Passed
For file ../tests/ptx/sdk2.2/template.ptx, Test Point 1 (Parse): Passed
For file ../tests/ptx/sdk2.2/volumeRender_kernel.ptx, Test Point 1 (Parse): Passed
For file ../tests/ptx/sdk2.2/fluidsGL.ptx, Test Point 1 (Parse): Passed
For file ../tests/ptx/sdk2.2/threadMigration.ptx, Test Point 1 (Parse): Passed
For file ../tests/ptx/sdk2.2/cppIntegration.ptx, Test Point 1 (Parse): Passed
For file ../tests/ptx/sdk2.2/Mandelbrot_sm13.ptx, Test Point 1 (Parse): Passed
For file ../tests/ptx/sdk2.2/bandwidthTest.ptx, Test Point 1 (Parse): Passed
For file ../tests/ptx/sdk2.2/simpleMultiGPU_kernel.ptx, Test Point 1 (Parse): Passed
For file ../tests/ptx/sdk2.2/MersenneTwister.ptx, Test Point 1 (Parse): Passed
For file ../tests/ptx/sdk2.2/fastWalshTransform.ptx, Test Point 1 (Parse): Passed
For file ../tests/ptx/sdk2.2/radixsort.ptx, Test Point 1 (Parse): Passed
For file ../tests/ptx/sdk2.2/simpleTexture.ptx, Test Point 1 (Parse): Passed
For file ../tests/ptx/sdk2.2/MonteCarlo_SM13.ptx, Test Point 1 (Parse): Passed
For file ../tests/ptx/sdk2.2/matrixMul_kernel.ptx, Test Point 1 (Parse): Passed
For file ../tests/ptx/sdk2.2/MonteCarlo_SM10.ptx, Test Point 1 (Parse): Passed
Parse 0 failed with exception: ::unknown path:: (1, 13): Cannot parse PTX version 3.0 with version 1.4 parser.
For file ../tests/ptx/synthetic/printf.ptx, Test Point 1 (Parse): Failed



INFO     Test /home/normal/checkout/gpuocelot/ocelot/TestPTXToLLVMTranslator
INFO     Test completed in 161.634013176 seconds
INFO      It produced the following output:
Failed to parse file '../tests/ptx/synthetic/printf.ptx':
1 	.version 3.0
2 	.target sm_30
3 	// compiled with /usr/local/cuda/open64/lib//be
4 	// nvopencc 3.1 built on 2010-04-27
5 
6 	.extern .func (.param .s32 __cudaretf_printf) printf (.param .u32 __cudaparmf1_printf)
7 
8 	.extern .func (.param .s32 __cudaretf_vprintf) vprintf (.param .u32 __cudaparmf1_vprintf, .param .u32 __cudaparmf2_vprintf)
9 
10 	//-----------------------------------------------------------
11 	// Compiling /tmp/tmpxft_00005648_00000000-7_printf.cpp3.i (/tmp/ccBI#.WeDFUc)
12 	//-----------------------------------------------------------
13 
14 	//-----------------------------------------------------------
15 	// Options:
16 	//-----------------------------------------------------------
17 	//  Target:ptx, ISA:sm_30, Endian:little, Pointer Size:32
18 	//  -O3	(Optimization level)
19 	//  -g0	(Debug level)
20 	//  -m2	(Report advisories)
21 	//-----------------------------------------------------------
22 
23 	.file	1	"<command-line>"
24 	.file	2	"/tmp/tmpxft_00005648_00000000-6_printf.cudafe2.gpu"
25 	.file	3	"/usr/lib/gcc/i486-linux-gnu/4.4.3/include/stddef.h"
26 	.file	4	"/usr/local/cuda/bin/../include/crt/device_runtime.h"
27 	.file	5	"/usr/local/cuda/bin/../include/host_defines.h"
28 	.file	6	"/usr/local/cuda/bin/../include/builtin_types.h"
29 	.file	7	"/usr/local/cuda/bin/../include/device_types.h"
30 	.file	8	"/usr/local/cuda/bin/../include/driver_types.h"
31 	.file	9	"/usr/local/cuda/bin/../include/surface_types.h"
32 	.file	10	"/usr/local/cuda/bin/../include/texture_types.h"
33 	.file	11	"/usr/local/cuda/bin/../include/vector_types.h"
34 	.file	12	"/usr/local/cuda/bin/../include/device_launch_parameters.h"
35 	.file	13	"/usr/local/cuda/bin/../include/crt/storage_class.h"
36 	.file	14	"/usr/include/bits/types.h"
37 	.file	15	"/usr/include/time.h"
38 	.file	16	"/usr/local/cuda/bin/../include/texture_fetch_functions.h"
39 	.file	17	"/usr/local/cuda/bin/../include/common_functions.h"
40 	.file	18	"/usr/local/cuda/bin/../include/math_functions.h"
41 	.file	19	"/usr/local/cuda/bin/../include/math_constants.h"
42 	.file	20	"/usr/local/cuda/bin/../include/device_functions.h"
43 	.file	21	"/usr/local/cuda/bin/../include/sm_11_atomic_functions.h"
44 	.file	22	"/usr/local/cuda/bin/../include/sm_12_atomic_functions.h"
45 	.file	23	"/usr/local/cuda/bin/../include/sm_13_double_functions.h"
46 	.file	24	"/usr/local/cuda/bin/../include/sm_20_atomic_functions.h"
47 	.file	25	"/usr/local/cuda/bin/../include/sm_20_intrinsics.h"
48 	.file	26	"/usr/local/cuda/bin/../include/surface_functions.h"
49 	.file	27	"/usr/local/cuda/bin/../include/math_functions_dbl_ptx3.h"
50 	.file	28	"printf.cu"
51 
52 	.global .align 1 .b8 __constant844[23] = {0x48,0x65,0x6c,0x6c,0x6f,0x20,0x74,0x68,0x72,0x65,0x61,0x64,0x20,0x25,0x64,0x2c,0x20,0x66,0x3d,0x25,0x66,0xa,0x0};
53 
54 	.entry _Z9helloCUDAf (
55 		.param .f32 __cudaparm__Z9helloCUDAf_f)
56 	{
57 	.reg .u32 %r<5>;
58 	.reg .f32 %f<3>;
59 	.reg .f64 %fd<3>;
60 	.local .align 8 .b8 __cuda___cuda__temp__valist_array_41_168[16];
61 	.param .u32 __cudaparma1_vprintf;
62 	.param .u32 __cudaparma2_vprintf;
63 	.loc	28	1	0
64 $LBB1__Z9helloCUDAf:
65 	.loc	28	2	0
66 	mov.u32 	%r1, %tid.x;
67 	st.local.u32 	[__cuda___cuda__temp__valist_array_41_168+0], %r1;
68 	ld.param.f32 	%f1, [__cudaparm__Z9helloCUDAf_f];
69 	cvt.f64.f32 	%fd1, %f1;
70 	st.local.f64 	[__cuda___cuda__temp__valist_array_41_168+8], %fd1;
71 	cvta.global.u32 	%r2, __constant844;
72 	st.param.u32 	[__cudaparma1_vprintf], %r2;
73 	cvta.local.u32 	%r3, __cuda___cuda__temp__valist_array_41_168;
74 	st.param.u32 	[__cudaparma2_vprintf], %r3;
75 	call.uni (_), vprintf, (__cudaparma1_vprintf, __cudaparma2_vprintf);
76 	.loc	28	3	0
77 	exit;
78 $LDWend__Z9helloCUDAf:
79 	} // _Z9helloCUDAf
80 
81 
terminate called after throwing an instance of 'parser::PTXParser::Exception'
  what():  ../tests/ptx/synthetic/printf.ptx (1, 13): Cannot parse PTX version 3.0 with version 1.4 parser.

INFO     
Passing tests:
 (0.030s) : /home/normal/checkout/gpuocelot/ocelot/TestLLVMInstructions : Passed
 (0.190s) : /home/normal/checkout/gpuocelot/ocelot/TestDeviceSwitching : Passed
 (0.444s) : /home/normal/checkout/gpuocelot/ocelot/TestCudaGlobals : Passed
 (0.297s) : /home/normal/checkout/gpuocelot/ocelot/TestCudaSequence : Passed
 (0.294s) : /home/normal/checkout/gpuocelot/ocelot/TestCudaTextureArray : Passed
 (0.807s) : /home/normal/checkout/gpuocelot/ocelot/TestCudaMalloc : Passed
 (1.416s) : /home/normal/checkout/gpuocelot/ocelot/TestLLVMKernels : Passed
 (0.293s) : /home/normal/checkout/gpuocelot/ocelot/TestCudaTexture2D : Passed
 (0.053s) : /home/normal/checkout/gpuocelot/ocelot/TestEmulator : Passed
 (0.118s) : /home/normal/checkout/gpuocelot/ocelot/TestKernels : Passed
 (76.103s) : /home/normal/checkout/gpuocelot/ocelot/TestLexer : Passed
 (0.055s) : /home/normal/checkout/gpuocelot/ocelot/TestInstructions : Passed

Failing tests:
 (161.634s) : /home/normal/checkout/gpuocelot/ocelot/TestPTXToLLVMTranslator : Did not complete.
 (0.059s) : /home/normal/checkout/gpuocelot/ocelot/TestCalVectorScale : Did not complete.
 (72.378s) : /home/normal/checkout/gpuocelot/ocelot/TestDataflowGraph : Did not complete.
 (150.072s) : /home/normal/checkout/gpuocelot/ocelot/TestParser : Failed

Non-Existent tests:

