INFO     Reading in test file /home/andrew/repositories/gpuocelot/branches/ocelot-refactored/regression/ocelotRegressionTests.txt
INFO      Found the following tests:
INFO       /home/andrew/repositories/gpuocelot/branches/ocelot-refactored/TestLexer
INFO       /home/andrew/repositories/gpuocelot/branches/ocelot-refactored/TestParser
INFO       /home/andrew/repositories/gpuocelot/branches/ocelot-refactored/TestEmulator
INFO       /home/andrew/repositories/gpuocelot/branches/ocelot-refactored/TestInstructions
INFO       /home/andrew/repositories/gpuocelot/branches/ocelot-refactored/TestKernels
INFO       /home/andrew/repositories/gpuocelot/branches/ocelot-refactored/TestTrace
INFO       /home/andrew/repositories/gpuocelot/branches/ocelot-refactored/TestMemoryTraceGenerator
INFO       /home/andrew/repositories/gpuocelot/branches/ocelot-refactored/TestDataflowGraph
INFO       /home/andrew/repositories/gpuocelot/branches/ocelot-refactored/TestLLVMInstructions
INFO       /home/andrew/repositories/gpuocelot/branches/ocelot-refactored/TestPTXToLLVMTranslator
INFO       /home/andrew/repositories/gpuocelot/branches/ocelot-refactored/TestLLVMKernels
ERROR    Could not find test program /home/andrew/repositories/gpuocelot/branches/ocelot-refactored/TestLLVMKernels
INFO       /home/andrew/repositories/gpuocelot/branches/ocelot-refactored/TestCudaMalloc
INFO       /home/andrew/repositories/gpuocelot/branches/ocelot-refactored/TestCudaTexture2D
INFO       /home/andrew/repositories/gpuocelot/branches/ocelot-refactored/TestCudaTextureArray
INFO       /home/andrew/repositories/gpuocelot/branches/ocelot-refactored/TestCudaGlobals
INFO     ==== INDIVIDUAL TEST RESULTS ====

INFO     Running test program /home/andrew/repositories/gpuocelot/branches/ocelot-refactored/TestCudaMalloc 
INFO     Running test program /home/andrew/repositories/gpuocelot/branches/ocelot-refactored/TestDataflowGraph 
INFO     Running test program /home/andrew/repositories/gpuocelot/branches/ocelot-refactored/TestCudaTexture2D 
INFO     Running test program /home/andrew/repositories/gpuocelot/branches/ocelot-refactored/TestCudaTextureArray 
INFO     Test /home/andrew/repositories/gpuocelot/branches/ocelot-refactored/TestDataflowGraph
INFO     Test completed in 0.0301020145416 seconds
INFO      It produced the following output:
Pass/Fail : Pass


Name : TestDataflowGraph

Description: A test for the DataflowGraph class. Test Points: 1) 
             Generic: load PTX files, convert them into dataflow graphs, verify that 
             all live ranges spanning blocks are consistent. 2) SSA: convert to 
             ssa form, verify that no register is declared more than once. 3) 
             reverse SSA: convert to ssa then out of ssa, verify that all live 
             ranges spanning blocks are consistent.


Test Seed : 1266957832
Test time : 1.45435e-05

Status : Testing Generic Dataflow
 Test Passed
Testing SSA Dataflow
 Test Passed
Testing SSA then back Dataflow
 Test Passed



INFO     Test /home/andrew/repositories/gpuocelot/branches/ocelot-refactored/TestCudaMalloc
INFO     Test completed in 0.0314528942108 seconds
INFO      It produced the following output:
Pass/Fail : Pass

INFO     Running test program /home/andrew/repositories/gpuocelot/branches/ocelot-refactored/TestTrace 
INFO     Running test program /home/andrew/repositories/gpuocelot/branches/ocelot-refactored/TestLexer 
INFO     Test /home/andrew/repositories/gpuocelot/branches/ocelot-refactored/TestCudaTexture2D
INFO     Test completed in 0.0367109775543 seconds
INFO      It produced the following output:
Pass/Fail : Pass

INFO     Running test program /home/andrew/repositories/gpuocelot/branches/ocelot-refactored/TestCudaGlobals 
INFO     Test /home/andrew/repositories/gpuocelot/branches/ocelot-refactored/TestCudaTextureArray
INFO     Test completed in 0.0471069812775 seconds
INFO      It produced the following output:
Pass/Fail : Pass

INFO     Running test program /home/andrew/repositories/gpuocelot/branches/ocelot-refactored/TestParser 
INFO     Test /home/andrew/repositories/gpuocelot/branches/ocelot-refactored/TestLexer
INFO     Test completed in 0.0290269851685 seconds
INFO      It produced the following output:
Pass/Fail : Pass


Name : TestLexer

Description: Tests for the PTX lexer. Test Point 1: Scan a PTX file and 
             write out a temp stream, scan the stream again and make sure that the 
             two sets of tokens match


Test Seed : 1266957832
Test time : 1.23978e-05

Status : 


INFO     Running test program /home/andrew/repositories/gpuocelot/branches/ocelot-refactored/TestEmulator 
INFO     Test /home/andrew/repositories/gpuocelot/branches/ocelot-refactored/TestParser
INFO     Test completed in 0.0196220874786 seconds
INFO      It produced the following output:
Pass/Fail : Pass


Name : TestParser

Description: A test for the PTXParser class. Test Points: 1) Load a PTX file 
             and run it through the parser generating a module. Write the 
             module to an intermediate stream. Parse the stream again 
             generating a new module, compare both to make sure that they match.


Test Seed : 1266957832
Test time : 9.77516e-06

Status : 


INFO     Running test program /home/andrew/repositories/gpuocelot/branches/ocelot-refactored/TestMemoryTraceGenerator 
INFO     Test /home/andrew/repositories/gpuocelot/branches/ocelot-refactored/TestTrace
INFO     Test completed in 0.0503158569336 seconds
INFO      It produced the following output:
Pass/Fail : Fail


Name : TestTrace

Description: 


Test Seed : 1266957832
Test time : 0.000100374

Status : Test output:
Failed to select Emulated device
failed to get kernel



INFO     Test /home/andrew/repositories/gpuocelot/branches/ocelot-refactored/TestCudaGlobals
INFO     Test completed in 0.0359289646149 seconds
INFO      It produced the following output:
Pass/Fail : Pass

INFO     Running test program /home/andrew/repositories/gpuocelot/branches/ocelot-refactored/TestLLVMInstructions 
INFO     Running test program /home/andrew/repositories/gpuocelot/branches/ocelot-refactored/TestKernels 
INFO     Test /home/andrew/repositories/gpuocelot/branches/ocelot-refactored/TestEmulator
INFO     Test completed in 0.0225558280945 seconds
INFO      It produced the following output:
Pass/Fail : Fail


Name : TestEmulator

Description: 


Test Seed : 1266957832
Test time : 0.000677824

Status : Test output:
Failed to select Emulated device



INFO     Running test program /home/andrew/repositories/gpuocelot/branches/ocelot-refactored/TestPTXToLLVMTranslator 
INFO     Test /home/andrew/repositories/gpuocelot/branches/ocelot-refactored/TestPTXToLLVMTranslator
INFO     Test completed in 0.0266499519348 seconds
INFO      It produced the following output:
Pass/Fail : Pass


Name : TestPTXToLLVMTranslator

Description: This is a basic test that just tries to get through a 
             translation successfully of as many PTX programs as possible Test 
             Points: 1) Scan for all PTX files in a directory, try to 
             translate them.


Test Seed : 1266957832
Test time : 1.3113e-05

Status : 


INFO     Test /home/andrew/repositories/gpuocelot/branches/ocelot-refactored/TestLLVMInstructions
INFO     Test completed in 0.0297811031342 seconds
INFO      It produced the following output:
Pass/Fail : Pass


Name : TestLLVMInstructions

Description: A test for the assembly code generation and automatic 
             verfication of individual LLVM instructions. Test Points: 1) For each 
             instruction, generate several assembly strings using the 
             instruction's toString method, make sure that these pass the valid() 
             check, compare to references from the LLVM manual.


Test Seed : 1266957832
Test time : 0.000720978

Status :  Checked instruction "<result> = add i32 4, %var"
Add Instruction Passed
 Checked instruction "%ptr = alloca i32"
 Checked instruction "%ptr = alloca i32, i32 4"
 Checked instruction "%ptr = alloca i32, i32 4, align 1024"
 Checked instruction "%ptr = alloca i32, align 1024"
Alloca Instruction Passed
 Checked instruction "<result> = and i32 4, %var"
 Checked instruction "<result> = and i32 15, 40"
 Checked instruction "<result> = and i32 4, 8"
And Instruction Passed
 Checked instruction "<result> = ashr i32 4, 1"
 Checked instruction "<result> = ashr i8 -2, 1"
 Checked instruction "<result> = ashr < 2 x i32 > < i32 -2, i32 4 >, < i32 1, i32 3 >"
Ashr Instruction Passed
 Checked instruction "%X = bitcast i8 -1 to i8"
 Checked instruction "%Z = bitcast < 2 x i32 > %V to i64"
Bitcast Instruction Passed
 Checked instruction "br i1 %cond, label %IfEqual, label %IfUnequal"
Br Instruction Passed
 Checked instruction "%retval = call i32 @test(i32 %argc)"
 Checked instruction "call i32 (i8*, ...)* @printf(i8* %msg, i32 12, i8 42)"
 Checked instruction "%X = tail call i32 @foo()"
 Checked instruction "%Y = tail call fastcc i32 @foo()"
 Checked instruction "call void @foo(i8 97 signext)"
 Checked instruction "%r = call %struct.A @foo()"
 Checked instruction "call void @foo() noreturn"
 Checked instruction "%ZZ = call zeroext i32 @bar()"
Call Instruction Passed
 Checked instruction "%result = extractelement < 4 x i32 > %vec, i32 0"
Extractelement Instruction Passed
 Checked instruction "%result = extractvalue { i32, float } %agg, 0"
Extractvalue Instruction Passed
 Checked instruction "<result> = fadd float 0x4010000000000000, %var"
Fadd Instruction Passed
 Checked instruction "<result> = fcmp oeq float 0x4010000000000000, 0x4014000000000000"
 Checked instruction "<result> = fcmp one float 0x4010000000000000, 0x4014000000000000"
 Checked instruction "<result> = fcmp olt float 0x4010000000000000, 0x4014000000000000"
 Checked instruction "<result> = fcmp ueq float 0x3ff0000000000000, 0x4000000000000000"
Fcmp Instruction Passed
 Checked instruction "<result> = fdiv float 0x4010000000000000, %var"
Fdiv Instruction Passed
 Checked instruction "<result> = fmul float 0x4010000000000000, %var"
Fmul Instruction Passed
 Checked instruction "%X = fpext float 0x400921cac0000000 to double"
 Checked instruction "%Y = fpext float 0x3ff0000000000000 to float"
Fpext Instruction Passed
 Checked instruction "%X = fptosi double 0xc05ec00000000000 to i32"
Fptosi Instruction Passed
 Checked instruction "%X = fptoui double 0x405ec00000000000 to i32"
Fptoui Instruction Passed
 Checked instruction "%X = fptrunc double 0x405ec00000000000 to float"
Fptrunc Instruction Passed
 Checked instruction "free [ 4 x i8 ]* %array"
Free Instruction Passed
 Checked instruction "<result> = frem float 0x4010000000000000, %var"
Frem Instruction Passed
 Checked instruction "<result> = fsub float 0x0, %val"
Fsub Instruction Passed
 Checked instruction "%vptr = getelementptr { i32, < 2 x i8 > }* %svptr, i32 0, i32 1, i32 1"
 Checked instruction "%eptr = getelementptr [ 12 x i8 ]* %aptr, i32 0, i32 1"
Getelementptr Instruction Passed
 Checked instruction "<result> = icmp ne float* %X, %X"
Icmp Instruction Passed
 Checked instruction "%result = insertelement < 4 x i32 > %vec, i32 1, i32 0"
Insertelement Instruction Passed
 Checked instruction "%result = insertvalue { i32, float } %agg, i32 1, 0"
Insertvalue Instruction Passed
 Checked instruction "%Y = inttoptr i64 0 to i32*"
Inttoptr Instruction Passed
 Checked instruction "%retval = invoke i32 @Test(i32 15) to label %Continue unwind label %TestCleanup"
Invoke Instruction Passed
 Checked instruction "%val = load i32* %ptr"
Load Instruction Passed
 Checked instruction "<result> = lshr i8 -2, 1"
Lshr Instruction Passed
 Checked instruction "%array2 = malloc [ 12 x i8 ], i32 %size"
Malloc Instruction Passed
 Checked instruction "<result> = mul i32 4, %var"
Mul Instruction Passed
 Checked instruction "<result> = or i32 15, 40"
Or Instruction Passed
 Checked instruction "%indvar = phi i32 [ 0, %LoopHeader ], [ %nextindvar, %Loop ]"
Phi Instruction Passed
 Checked instruction "%Y = ptrtoint i32* %x to i64"
Prtoint Instruction Passed
 Checked instruction "ret void"
Ret Instruction Passed
 Checked instruction "<result> = sdiv i32 4, %var"
Sdiv Instruction Passed
 Checked instruction "%X = select i1 1, i8 17, i8 42"
Select Instruction Passed
 Checked instruction "%X = sext i8 -1 to i16"
Sext Instruction Passed
 Checked instruction "<result> = shl i32 1, 32"
Shl Instruction Passed
 Checked instruction "%result = shufflevector < 4 x i32 > %v1, < 4 x i32 > %v2, < 8 x i32 > < i32 0, i32 1, i32 2, i32 3, i32 4, i32 5, i32 6, i32 7 >"
ShuffleVector Instruction Passed
 Checked instruction "%X = sitofp i32 257 to float"
Sitofp Instruction Passed
 Checked instruction "<result> = srem i32 4, %var"
Srem Instruction Passed
 Checked instruction "store i32 3, i32* %ptr"
Store Instruction Passed
 Checked instruction "<result> = sub i32 4, %var"
Sub Instruction Passed
 Checked instruction "switch i32 %val, label %otherwise [ i32 0, label %onzero i32 1, label %onone i32 2, label %ontwo ]"
Switch Instruction Passed
 Checked instruction "%Y = trunc i32 123 to i1"
Trunc Instruction Passed
 Checked instruction "<result> = udiv i32 4, %var"
Udiv Instruction Passed
 Checked instruction "%Y = uitofp i8 -1 to double"
Uitofp Instruction Passed
 Checked instruction "unreachable"
Unreachable Instruction Passed
 Checked instruction "unwind"
Unwind Instruction Passed
 Checked instruction "<result> = urem i32 4, %var"
Urem Instruction Passed
 Checked instruction "%tmp = va_arg i8** %ap, i32"
VarArg Instruction Passed
 Checked instruction "<result> = xor i32 -1, %V"
Xor Instruction Passed
 Checked instruction "%X = zext i32 257 to i64"
Zext Instruction Passed



INFO     Running test program /home/andrew/repositories/gpuocelot/branches/ocelot-refactored/TestInstructions 
INFO     Test /home/andrew/repositories/gpuocelot/branches/ocelot-refactored/TestKernels
INFO     Test completed in 0.0345749855042 seconds
INFO      It produced the following output:
Pass/Fail : Fail


Name : TestKernels

Description: 


Test Seed : 1266957832
Test time : 2.86102e-06

Status : Test output:
Failed to select Emulated device



INFO     Test /home/andrew/repositories/gpuocelot/branches/ocelot-refactored/TestInstructions
INFO     Test completed in 0.0223670005798 seconds
INFO      It produced the following output:
Pass/Fail : Fail


Name : TestInstructions

Description: 


Test Seed : 1266957832
Test time : 2.38419e-07

Status : Test output:
Failed to select Emulated device
failed to get kernel



INFO     Test /home/andrew/repositories/gpuocelot/branches/ocelot-refactored/TestMemoryTraceGenerator
INFO     Test completed in 0.139158010483 seconds
INFO      It produced the following output:
Pass/Fail : Pass


Name : TestMemoryTraceGenerator

Description: 


Test Seed : 1266957832
Test time : 0.0930502

Status : Test output:



INFO     
Passing tests:
 (0.031s) : /home/andrew/repositories/gpuocelot/branches/ocelot-refactored/TestCudaMalloc : Passed
 (0.030s) : /home/andrew/repositories/gpuocelot/branches/ocelot-refactored/TestDataflowGraph : Passed
 (0.139s) : /home/andrew/repositories/gpuocelot/branches/ocelot-refactored/TestMemoryTraceGenerator : Passed
 (0.029s) : /home/andrew/repositories/gpuocelot/branches/ocelot-refactored/TestLexer : Passed
 (0.030s) : /home/andrew/repositories/gpuocelot/branches/ocelot-refactored/TestLLVMInstructions : Passed
 (0.047s) : /home/andrew/repositories/gpuocelot/branches/ocelot-refactored/TestCudaTextureArray : Passed
 (0.037s) : /home/andrew/repositories/gpuocelot/branches/ocelot-refactored/TestCudaTexture2D : Passed
 (0.036s) : /home/andrew/repositories/gpuocelot/branches/ocelot-refactored/TestCudaGlobals : Passed
 (0.027s) : /home/andrew/repositories/gpuocelot/branches/ocelot-refactored/TestPTXToLLVMTranslator : Passed
 (0.020s) : /home/andrew/repositories/gpuocelot/branches/ocelot-refactored/TestParser : Passed

Failing tests:
 (0.035s) : /home/andrew/repositories/gpuocelot/branches/ocelot-refactored/TestKernels : Failed
 (0.050s) : /home/andrew/repositories/gpuocelot/branches/ocelot-refactored/TestTrace : Failed
 (0.022s) : /home/andrew/repositories/gpuocelot/branches/ocelot-refactored/TestInstructions : Failed
 (0.023s) : /home/andrew/repositories/gpuocelot/branches/ocelot-refactored/TestEmulator : Failed

Non-Existent tests:
 /home/andrew/repositories/gpuocelot/branches/ocelot-refactored/TestLLVMKernels

