INFO     Reading in test file /home/normal/checkout/gpuocelot/branches/analysis/regression/full.level
INFO      Found the following tests:
INFO       /home/normal/checkout/gpuocelot/branches/analysis/.debug_build/TestLexer
INFO       /home/normal/checkout/gpuocelot/branches/analysis/.debug_build/TestParser
INFO       /home/normal/checkout/gpuocelot/branches/analysis/.debug_build/TestEmulator
INFO       /home/normal/checkout/gpuocelot/branches/analysis/.debug_build/TestInstructions
INFO       /home/normal/checkout/gpuocelot/branches/analysis/.debug_build/TestKernels
INFO       /home/normal/checkout/gpuocelot/branches/analysis/.debug_build/TestDataflowGraph
INFO       /home/normal/checkout/gpuocelot/branches/analysis/.debug_build/TestLLVMInstructions
INFO       /home/normal/checkout/gpuocelot/branches/analysis/.debug_build/TestPTXToLLVMTranslator
INFO       /home/normal/checkout/gpuocelot/branches/analysis/.debug_build/TestLLVMKernels
INFO       /home/normal/checkout/gpuocelot/branches/analysis/.debug_build/TestCudaMalloc
INFO       /home/normal/checkout/gpuocelot/branches/analysis/.debug_build/TestCudaTexture2D
INFO       /home/normal/checkout/gpuocelot/branches/analysis/.debug_build/TestCudaTextureArray
INFO       /home/normal/checkout/gpuocelot/branches/analysis/.debug_build/TestCudaGlobals
INFO       /home/normal/checkout/gpuocelot/branches/analysis/.debug_build/TestDeviceSwitching
INFO       /home/normal/checkout/gpuocelot/branches/analysis/.debug_build/TestCudaSequence
INFO       /home/normal/checkout/gpuocelot/branches/analysis/.debug_build/TestCalVectorScale
INFO       /home/normal/checkout/gpuocelot/branches/analysis/.debug_build/TestPTXAssembly
INFO       /home/normal/checkout/gpuocelot/branches/analysis/.debug_build/TestFunctionCall
INFO       /home/normal/checkout/gpuocelot/branches/analysis/.debug_build/TestIndirectFunctionCall
INFO       /home/normal/checkout/gpuocelot/branches/analysis/.debug_build/TestExternalFunctions
INFO     ==== INDIVIDUAL TEST RESULTS ====

INFO     Running test program /home/normal/checkout/gpuocelot/branches/analysis/.debug_build/TestPTXAssembly 
INFO     Running test program /home/normal/checkout/gpuocelot/branches/analysis/.debug_build/TestDataflowGraph -i ../tests/ptx 
INFO     Running test program /home/normal/checkout/gpuocelot/branches/analysis/.debug_build/TestEmulator 
INFO     Running test program /home/normal/checkout/gpuocelot/branches/analysis/.debug_build/TestDeviceSwitching 
INFO     Running test program /home/normal/checkout/gpuocelot/branches/analysis/.debug_build/TestLLVMInstructions 
INFO     Running test program /home/normal/checkout/gpuocelot/branches/analysis/.debug_build/TestFunctionCall 
INFO     Running test program /home/normal/checkout/gpuocelot/branches/analysis/.debug_build/TestCudaTexture2D 
INFO     Running test program /home/normal/checkout/gpuocelot/branches/analysis/.debug_build/TestInstructions 
INFO     Test /home/normal/checkout/gpuocelot/branches/analysis/.debug_build/TestDataflowGraph
INFO     Test completed in 0.171154975891 seconds
INFO      It produced the following output:
Pass/Fail : Pass


Name : TestDataflowGraph

Description: A test for the DataflowGraph class. Test Points: 1) 
             Generic: load PTX files, convert them into dataflow graphs, verify that 
             all live ranges spanning blocks are consistent. 2) SSA: convert to 
             ssa form, verify that no register is declared more than once. 3) 
             reverse SSA: convert to ssa then out of ssa, verify that all live 
             ranges spanning blocks are consistent.


Test Seed : 1305682888
Test time : 1.62125e-05

Status : Testing Generic Dataflow
 Test Passed
Testing SSA Dataflow
 Test Passed
Testing SSA then back Dataflow
 Test Passed



INFO     Running test program /home/normal/checkout/gpuocelot/branches/analysis/.debug_build/TestCudaSequence 
INFO     Test /home/normal/checkout/gpuocelot/branches/analysis/.debug_build/TestDeviceSwitching
INFO     Test completed in 0.171959877014 seconds
INFO      It produced the following output:
Pass/Fail : Pass


Name : TestDeviceSwitching

Description: A unit test for the ability of the CUDA runtime to switch 
             between devices and use multiple threads Test Points: 1) In a single 
             threaded application, iterate across all devices launching the same 
             simple kernel each time 2) Test context migration support in 
             ocelot. Iterate across all devices, launching a simple kernel that 
             updates shared variable. Use the context switch mechanism to 
             migrate the shared data. 3) Test multi-threading support. Launch one 
             host thread to allocate memory, pass pointers to worker 
             threads, each of which should launch independent kernels in 
             parallel.


Test Seed : 1305682888
Test time : 0.0112462

Status : Test Point 1 Passed
Test Point 2 Passed
Test Point 3 Passed



INFO     Running test program /home/normal/checkout/gpuocelot/branches/analysis/.debug_build/TestPTXToLLVMTranslator -i ../tests/ptx 
INFO     Test /home/normal/checkout/gpuocelot/branches/analysis/.debug_build/TestFunctionCall
INFO     Test completed in 0.210075139999 seconds
INFO      It produced the following output:
TestFunctionCall: ocelot/executive/implementation/ReconvergenceMechanism.cpp:666: virtual void executive::ReconvergenceTFSortedStack::push(executive::CTAContext&): Assertion `false' failed.
(0.010211) ReconvergenceMechanism.cpp:666:  Assertion message: TF stack does not support call/ret yet.

INFO     Running test program /home/normal/checkout/gpuocelot/branches/analysis/.debug_build/TestLexer -i ../tests/ptx 
INFO     Test /home/normal/checkout/gpuocelot/branches/analysis/.debug_build/TestEmulator
INFO     Test completed in 0.240057945251 seconds
INFO      It produced the following output:
Pass/Fail : Pass


Name : TestEmulator

Description: 


Test Seed : 1305682888
Test time : 0.0107768

Status : Test output:
10 registers
Register test passed
Load test passed
Store test passed
no errors
Full kernel test passed



INFO     Running test program /home/normal/checkout/gpuocelot/branches/analysis/.debug_build/TestCudaMalloc 
INFO     Test /home/normal/checkout/gpuocelot/branches/analysis/.debug_build/TestInstructions
INFO     Test completed in 0.238404989243 seconds
INFO      It produced the following output:
Pass/Fail : Pass


Name : TestInstructions

Description: 


Test Seed : 1305682888
Test time : 0.00381374

Status : Test output:
Accessors test passed.
pass: load and store instructions
Abs test passed.
pass: arithmetic instructions
pass: exotic arithmetic instructions
pass: floating-point instructions
pass: logical instructions
pass: comparison instructions
pass: predicated Add and Ld isntructions



INFO     Running test program /home/normal/checkout/gpuocelot/branches/analysis/.debug_build/TestIndirectFunctionCall 
INFO     Test /home/normal/checkout/gpuocelot/branches/analysis/.debug_build/TestCudaSequence
INFO     Test completed in 0.0858628749847 seconds
INFO      It produced the following output:
Pass/Fail : Pass

INFO     Running test program /home/normal/checkout/gpuocelot/branches/analysis/.debug_build/TestCudaTextureArray 
INFO     Test /home/normal/checkout/gpuocelot/branches/analysis/.debug_build/TestPTXToLLVMTranslator
INFO     Test completed in 0.10102391243 seconds
INFO      It produced the following output:
Pass/Fail : Pass


Name : TestPTXToLLVMTranslator

Description: This is a basic test that just tries to get through a 
             translation successfully of as many PTX programs as possible Test 
             Points: 1) Scan for all PTX files in a directory, try to 
             translate them.


Test Seed : 1305682888
Test time : 2.21729e-05

Status : 


INFO     Running test program /home/normal/checkout/gpuocelot/branches/analysis/.debug_build/TestKernels 
INFO     Test /home/normal/checkout/gpuocelot/branches/analysis/.debug_build/TestCudaTexture2D
INFO     Test completed in 0.285596132278 seconds
INFO      It produced the following output:
Pass/Fail : Pass

INFO     Running test program /home/normal/checkout/gpuocelot/branches/analysis/.debug_build/TestCalVectorScale 
INFO     Test /home/normal/checkout/gpuocelot/branches/analysis/.debug_build/TestLexer
INFO     Test completed in 0.119586229324 seconds
INFO      It produced the following output:
Pass/Fail : Pass


Name : TestLexer

Description: Tests for the PTX lexer. Test Point 1: Scan a PTX file and 
             write out a temp stream, scan the stream again and make sure that the 
             two sets of tokens match


Test Seed : 1305682888
Test time : 1.5974e-05

Status : 


INFO     Running test program /home/normal/checkout/gpuocelot/branches/analysis/.debug_build/TestLLVMKernels 
INFO     Test /home/normal/checkout/gpuocelot/branches/analysis/.debug_build/TestIndirectFunctionCall
INFO     Test completed in 0.0896170139313 seconds
INFO      It produced the following output:
TestIndirectFunctionCall: ocelot/executive/implementation/ReconvergenceMechanism.cpp:666: virtual void executive::ReconvergenceTFSortedStack::push(executive::CTAContext&): Assertion `false' failed.
(0.013399) ReconvergenceMechanism.cpp:666:  Assertion message: TF stack does not support call/ret yet.

INFO     Running test program /home/normal/checkout/gpuocelot/branches/analysis/.debug_build/TestParser -i ../tests/ptx 
INFO     Test /home/normal/checkout/gpuocelot/branches/analysis/.debug_build/TestLLVMInstructions
INFO     Test completed in 0.361872911453 seconds
INFO      It produced the following output:
Pass/Fail : Pass


Name : TestLLVMInstructions

Description: A test for the assembly code generation and automatic 
             verfication of individual LLVM instructions. Test Points: 1) For each 
             instruction, generate several assembly strings using the 
             instruction's toString method, make sure that these pass the valid() 
             check, compare to references from the LLVM manual.


Test Seed : 1305682888
Test time : 0.000861406

Status :  Checked instruction "<result> = add i32 4, %var"
Add Instruction Passed
 Checked instruction "%ptr = alloca i32"
 Checked instruction "%ptr = alloca i32, i32 4"
 Checked instruction "%ptr = alloca i32, i32 4, align 1024"
 Checked instruction "%ptr = alloca i32, align 1024"
Alloca Instruction Passed
 Checked instruction "<result> = and i32 4, %var"
 Checked instruction "<result> = and i32 15, 40"
 Checked instruction "<result> = and i32 4, 8"
And Instruction Passed
 Checked instruction "<result> = ashr i32 4, 1"
 Checked instruction "<result> = ashr i8 -2, 1"
 Checked instruction "<result> = ashr < 2 x i32 > < i32 -2, i32 4 >, < i32 1, i32 3 >"
Ashr Instruction Passed
 Checked instruction "%X = bitcast i8 -1 to i8"
 Checked instruction "%Z = bitcast < 2 x i32 > %V to i64"
Bitcast Instruction Passed
 Checked instruction "br i1 %cond, label %IfEqual, label %IfUnequal"
Br Instruction Passed
 Checked instruction "%retval = call i32 @test(i32 %argc)"
 Checked instruction "call i32 (i8*, ...)* @printf(i8* %msg, i32 12, i8 42)"
 Checked instruction "%X = tail call i32 @foo()"
 Checked instruction "%Y = tail call fastcc i32 @foo()"
 Checked instruction "call void @foo(i8 97 signext)"
 Checked instruction "%r = call %struct.A @foo()"
 Checked instruction "call void @foo() noreturn"
 Checked instruction "%ZZ = call zeroext i32 @bar()"
Call Instruction Passed
 Checked instruction "%result = extractelement < 4 x i32 > %vec, i32 0"
Extractelement Instruction Passed
 Checked instruction "%result = extractvalue { i32, float } %agg, 0"
Extractvalue Instruction Passed
 Checked instruction "<result> = fadd float 0x4010000000000000, %var"
Fadd Instruction Passed
 Checked instruction "<result> = fcmp oeq float 0x4010000000000000, 0x4014000000000000"
 Checked instruction "<result> = fcmp one float 0x4010000000000000, 0x4014000000000000"
 Checked instruction "<result> = fcmp olt float 0x4010000000000000, 0x4014000000000000"
 Checked instruction "<result> = fcmp ueq float 0x3ff0000000000000, 0x4000000000000000"
Fcmp Instruction Passed
 Checked instruction "<result> = fdiv float 0x4010000000000000, %var"
Fdiv Instruction Passed
 Checked instruction "<result> = fmul float 0x4010000000000000, %var"
Fmul Instruction Passed
 Checked instruction "%X = fpext float 0x400921cac0000000 to double"
 Checked instruction "%Y = fpext float 0x3ff0000000000000 to float"
Fpext Instruction Passed
 Checked instruction "%X = fptosi double 0xc05ec00000000000 to i32"
Fptosi Instruction Passed
 Checked instruction "%X = fptoui double 0x405ec00000000000 to i32"
Fptoui Instruction Passed
 Checked instruction "%X = fptrunc double 0x405ec00000000000 to float"
Fptrunc Instruction Passed
 Checked instruction "free [ 4 x i8 ]* %array"
Free Instruction Passed
 Checked instruction "<result> = frem float 0x4010000000000000, %var"
Frem Instruction Passed
 Checked instruction "<result> = fsub float 0x0, %val"
Fsub Instruction Passed
 Checked instruction "%vptr = getelementptr { i32, < 2 x i8 > }* %svptr, i32 0, i32 1, i32 1"
 Checked instruction "%eptr = getelementptr [ 12 x i8 ]* %aptr, i32 0, i32 1"
Getelementptr Instruction Passed
 Checked instruction "<result> = icmp ne float* %X, %X"
Icmp Instruction Passed
 Checked instruction "%result = insertelement < 4 x i32 > %vec, i32 1, i32 0"
Insertelement Instruction Passed
 Checked instruction "%result = insertvalue { i32, float } %agg, i32 1, 0"
Insertvalue Instruction Passed
 Checked instruction "%Y = inttoptr i64 0 to i32*"
Inttoptr Instruction Passed
 Checked instruction "%retval = invoke i32 @Test(i32 15) to label %Continue unwind label %TestCleanup"
Invoke Instruction Passed
 Checked instruction "%val = load i32* %ptr"
Load Instruction Passed
 Checked instruction "<result> = lshr i8 -2, 1"
Lshr Instruction Passed
 Checked instruction "%array2 = malloc [ 12 x i8 ], i32 %size"
Malloc Instruction Passed
 Checked instruction "<result> = mul i32 4, %var"
Mul Instruction Passed
 Checked instruction "<result> = or i32 15, 40"
Or Instruction Passed
 Checked instruction "%indvar = phi i32 [ 0, %LoopHeader ], [ %nextindvar, %Loop ]"
Phi Instruction Passed
 Checked instruction "%Y = ptrtoint i32* %x to i64"
Prtoint Instruction Passed
 Checked instruction "ret void"
Ret Instruction Passed
 Checked instruction "<result> = sdiv i32 4, %var"
Sdiv Instruction Passed
 Checked instruction "%X = select i1 1, i8 17, i8 42"
Select Instruction Passed
 Checked instruction "%X = sext i8 -1 to i16"
Sext Instruction Passed
 Checked instruction "<result> = shl i32 1, 32"
Shl Instruction Passed
 Checked instruction "%result = shufflevector < 4 x i32 > %v1, < 4 x i32 > %v2, < 8 x i32 > < i32 0, i32 1, i32 2, i32 3, i32 4, i32 5, i32 6, i32 7 >"
ShuffleVector Instruction Passed
 Checked instruction "%X = sitofp i32 257 to float"
Sitofp Instruction Passed
 Checked instruction "<result> = srem i32 4, %var"
Srem Instruction Passed
 Checked instruction "store i32 3, i32* %ptr"
Store Instruction Passed
 Checked instruction "<result> = sub i32 4, %var"
Sub Instruction Passed
 Checked instruction "switch i32 %val, label %otherwise [ i32 0, label %onzero i32 1, label %onone i32 2, label %ontwo ]"
Switch Instruction Passed
 Checked instruction "%Y = trunc i32 123 to i1"
Trunc Instruction Passed
 Checked instruction "<result> = udiv i32 4, %var"
Udiv Instruction Passed
 Checked instruction "%Y = uitofp i8 -1 to double"
Uitofp Instruction Passed
 Checked instruction "unreachable"
Unreachable Instruction Passed
 Checked instruction "unwind"
Unwind Instruction Passed
 Checked instruction "<result> = urem i32 4, %var"
Urem Instruction Passed
 Checked instruction "%tmp = va_arg i8** %ap, i32"
VarArg Instruction Passed
 Checked instruction "<result> = xor i32 -1, %V"
Xor Instruction Passed
 Checked instruction "%X = zext i32 257 to i64"
Zext Instruction Passed



INFO     Running test program /home/normal/checkout/gpuocelot/branches/analysis/.debug_build/TestExternalFunctions 
INFO     Test /home/normal/checkout/gpuocelot/branches/analysis/.debug_build/TestCudaMalloc
INFO     Test completed in 0.166472196579 seconds
INFO      It produced the following output:
test_malloc(256, 128)
PASSED
test_mallocArray(256, 128)
checking results from last cudaMemcpyFromArray
PASSED
[1] mallocing pitch
[2] memcpying2d
[3] memcpying
[4] checking for errors
[5] mallocing
[6] memcpying
[7] memcpying
[8] final free
Pass/Fail : Pass

INFO     Test /home/normal/checkout/gpuocelot/branches/analysis/.debug_build/TestCudaTextureArray
INFO     Test completed in 0.149928092957 seconds
INFO      It produced the following output:
Pass/Fail : Pass

INFO     Running test program /home/normal/checkout/gpuocelot/branches/analysis/.debug_build/TestCudaGlobals 
INFO     Test /home/normal/checkout/gpuocelot/branches/analysis/.debug_build/TestCalVectorScale
INFO     Test completed in 0.12097287178 seconds
INFO      It produced the following output:
No CAL devices found
Pass/Fail : Pass

INFO     Test /home/normal/checkout/gpuocelot/branches/analysis/.debug_build/TestParser
INFO     Test completed in 0.131782054901 seconds
INFO      It produced the following output:
Pass/Fail : Pass


Name : TestParser

Description: A test for the PTXParser class. Test Points: 1) Load a PTX file 
             and run it through the parser generating a module. Write the 
             module to an intermediate stream. Parse the stream again 
             generating a new module, compare both to make sure that they match.


Test Seed : 1305682888
Test time : 2.00272e-05

Status : 


INFO     Test /home/normal/checkout/gpuocelot/branches/analysis/.debug_build/TestCudaGlobals
INFO     Test completed in 0.061607837677 seconds
INFO      It produced the following output:
cudaSetDevice() - 0 - Ocelot PTX Emulator 
Pass/Fail : Pass

INFO     Test /home/normal/checkout/gpuocelot/branches/analysis/.debug_build/TestKernels
INFO     Test completed in 0.218662977219 seconds
INFO      It produced the following output:
Pass/Fail : Pass


Name : TestKernels

Description: 


Test Seed : 1305682888
Test time : 0.0880878

Status : Test output:
looping kernel succeeded
matrix vector kernel succeeded



INFO     Test /home/normal/checkout/gpuocelot/branches/analysis/.debug_build/TestExternalFunctions
INFO     Test completed in 0.15355682373 seconds
INFO      It produced the following output:
==Ocelot== Ocelot PTX Emulator failed to run kernel "kernel" with exception: 
==Ocelot== [PC 4] [thread 0] [cta 0] st.global.u64 [%r1 + 0], %r0 - Global memory access 0 is not within any allocated or mapped range.
==Ocelot== 
==Ocelot== Nearby Device Allocations
==Ocelot== [0x1803c00] - [0x1803c08] (8 bytes)
==Ocelot== [0x1807700] - [0x1807708] (8 bytes)
==Ocelot== 
==Ocelot== Near :0:0
==Ocelot== 
terminate called after throwing an instance of 'hydrazine::Exception'
  what():  [PC 4] [thread 0] [cta 0] st.global.u64 [%r1 + 0], %r0 - Global memory access 0 is not within any allocated or mapped range.

Nearby Device Allocations
[0x1803c00] - [0x1803c08] (8 bytes)
[0x1807700] - [0x1807708] (8 bytes)

Near :0:0


INFO     Test /home/normal/checkout/gpuocelot/branches/analysis/.debug_build/TestLLVMKernels
INFO     Test completed in 0.305806159973 seconds
INFO      It produced the following output:
Pass/Fail : Pass


Name : TestLLVMKernels

Description: A unit test for the LLVM executive runtime. Test Points: 1) 
             Execute a kernel with a loop. 2) Execute a matrix multiply kernel.


Test Seed : 1305682888
Test time : 0.228747

Status : A = [
 1 0 0 0 0 0 0 0 ;
 0.5 1 0 0 0 0 0 0 ;
 0.333333 0.5 1 0 0 0 0 0 ;
 0.25 0.333333 0.5 1 0 0 0 0 ;
 0.2 0.25 0.333333 0.5 1 0 0 0 ;
 0.166667 0.2 0.25 0.333333 0.5 1 0 0 ;
 0.142857 0.166667 0.2 0.25 0.333333 0.5 1 0 ;
 0.125 0.142857 0.166667 0.2 0.25 0.333333 0.5 1 ;
];
V = [
 1 ;
 2 ;
 3 ;
 4 ;
 5 ;
 6 ;
 7 ;
 8 ;
];
R = [
 1 ;
 2.5 ;
 4.33333 ;
 6.41667 ;
 8.7 ;
 11.15 ;
 13.7429 ;
 16.4607 ;
];



INFO     Test /home/normal/checkout/gpuocelot/branches/analysis/.debug_build/TestPTXAssembly
INFO     Test completed in 3.04351305962 seconds
INFO      It produced the following output:
TestPTXAssembly: ocelot/executive/implementation/ReconvergenceMechanism.cpp:666: virtual void executive::ReconvergenceTFSortedStack::push(executive::CTAContext&): Assertion `false' failed.
(2.828691) ReconvergenceMechanism.cpp:666:  Assertion message: TF stack does not support call/ret yet.

INFO     
Passing tests:
 (0.121s) : /home/normal/checkout/gpuocelot/branches/analysis/.debug_build/TestCalVectorScale : Passed
 (0.150s) : /home/normal/checkout/gpuocelot/branches/analysis/.debug_build/TestCudaTextureArray : Passed
 (0.132s) : /home/normal/checkout/gpuocelot/branches/analysis/.debug_build/TestParser : Passed
 (0.306s) : /home/normal/checkout/gpuocelot/branches/analysis/.debug_build/TestLLVMKernels : Passed
 (0.120s) : /home/normal/checkout/gpuocelot/branches/analysis/.debug_build/TestLexer : Passed
 (0.172s) : /home/normal/checkout/gpuocelot/branches/analysis/.debug_build/TestDeviceSwitching : Passed
 (0.171s) : /home/normal/checkout/gpuocelot/branches/analysis/.debug_build/TestDataflowGraph : Passed
 (0.219s) : /home/normal/checkout/gpuocelot/branches/analysis/.debug_build/TestKernels : Passed
 (0.101s) : /home/normal/checkout/gpuocelot/branches/analysis/.debug_build/TestPTXToLLVMTranslator : Passed
 (0.286s) : /home/normal/checkout/gpuocelot/branches/analysis/.debug_build/TestCudaTexture2D : Passed
 (0.062s) : /home/normal/checkout/gpuocelot/branches/analysis/.debug_build/TestCudaGlobals : Passed
 (0.240s) : /home/normal/checkout/gpuocelot/branches/analysis/.debug_build/TestEmulator : Passed
 (0.086s) : /home/normal/checkout/gpuocelot/branches/analysis/.debug_build/TestCudaSequence : Passed
 (0.166s) : /home/normal/checkout/gpuocelot/branches/analysis/.debug_build/TestCudaMalloc : Passed
 (0.238s) : /home/normal/checkout/gpuocelot/branches/analysis/.debug_build/TestInstructions : Passed
 (0.362s) : /home/normal/checkout/gpuocelot/branches/analysis/.debug_build/TestLLVMInstructions : Passed

Failing tests:
 (0.154s) : /home/normal/checkout/gpuocelot/branches/analysis/.debug_build/TestExternalFunctions : Did not complete.
 (0.090s) : /home/normal/checkout/gpuocelot/branches/analysis/.debug_build/TestIndirectFunctionCall : Did not complete.
 (3.044s) : /home/normal/checkout/gpuocelot/branches/analysis/.debug_build/TestPTXAssembly : Did not complete.
 (0.210s) : /home/normal/checkout/gpuocelot/branches/analysis/.debug_build/TestFunctionCall : Did not complete.

